{
  "stats": {
    "suites": 3,
    "tests": 9,
    "passes": 8,
    "pending": 0,
    "failures": 1,
    "start": "2024-02-07T01:53:22.622Z",
    "end": "2024-02-07T01:53:46.723Z",
    "duration": 24101,
    "testsRegistered": 9,
    "passPercent": 88.88888888888889,
    "pendingPercent": 0,
    "other": 0,
    "hasOther": false,
    "skipped": 0,
    "hasSkipped": false
  },
  "results": [
    {
      "uuid": "0d2600e4-de3d-401f-b488-13010fbf9774",
      "title": "",
      "fullFile": "cypress\\e2e\\testsuite.cy.js",
      "file": "cypress\\e2e\\testsuite.cy.js",
      "beforeHooks": [],
      "afterHooks": [],
      "tests": [],
      "suites": [
        {
          "uuid": "52911f3f-2673-4df9-b0d9-47cc01ef1d5d",
          "title": "Kelp E2E Testing",
          "fullFile": "",
          "file": "",
          "beforeHooks": [],
          "afterHooks": [],
          "tests": [],
          "suites": [
            {
              "uuid": "c43da845-2003-4f70-b382-730d6185f27b",
              "title": "基本公卫5.6[国家版]",
              "fullFile": "",
              "file": "",
              "beforeHooks": [],
              "afterHooks": [],
              "tests": [],
              "suites": [
                {
                  "uuid": "bad1d8c0-19f6-4baa-87c7-2d4f8969bf80",
                  "title": "修改个人档案",
                  "fullFile": "",
                  "file": "",
                  "beforeHooks": [],
                  "afterHooks": [],
                  "tests": [
                    {
                      "title": "访问系统",
                      "fullTitle": "Kelp E2E Testing 基本公卫5.6[国家版] 修改个人档案 访问系统",
                      "timedOut": null,
                      "duration": 2451,
                      "state": "passed",
                      "speed": "fast",
                      "pass": true,
                      "fail": false,
                      "pending": false,
                      "context": null,
                      "code": "if (step.iframekey) {\n  const iframesStr = step.iframekey;\n  let iframe = null;\n  iframesStr.forEach(iframeStr => {\n    if (!iframe) {\n      iframe = cy.get(iframeStr);\n    } else {\n      iframe = iframe.onIframeLoad(iframeStr).find(iframeStr);\n    }\n  });\n  iframe.onIframeLoad(step.key).then(iframebody => {\n    cy.exeAction(step, iframebody);\n  });\n} else {\n  cy.exeAction(step);\n}\n//最后一步可能录制不下来，等待2秒。\nif (testcase.steps.length == index + 1) {\n  cy.wait(2000);\n}",
                      "err": {},
                      "uuid": "1e262761-4484-45f9-a7b2-3aa75fe87879",
                      "parentUUID": "bad1d8c0-19f6-4baa-87c7-2d4f8969bf80",
                      "isHook": false,
                      "skipped": false
                    },
                    {
                      "title": "填写登录表单",
                      "fullTitle": "Kelp E2E Testing 基本公卫5.6[国家版] 修改个人档案 填写登录表单",
                      "timedOut": null,
                      "duration": 875,
                      "state": "passed",
                      "speed": "fast",
                      "pass": true,
                      "fail": false,
                      "pending": false,
                      "context": null,
                      "code": "if (step.iframekey) {\n  const iframesStr = step.iframekey;\n  let iframe = null;\n  iframesStr.forEach(iframeStr => {\n    if (!iframe) {\n      iframe = cy.get(iframeStr);\n    } else {\n      iframe = iframe.onIframeLoad(iframeStr).find(iframeStr);\n    }\n  });\n  iframe.onIframeLoad(step.key).then(iframebody => {\n    cy.exeAction(step, iframebody);\n  });\n} else {\n  cy.exeAction(step);\n}\n//最后一步可能录制不下来，等待2秒。\nif (testcase.steps.length == index + 1) {\n  cy.wait(2000);\n}",
                      "err": {},
                      "uuid": "be2431b7-70e8-4b26-bdbd-aabf08227f69",
                      "parentUUID": "bad1d8c0-19f6-4baa-87c7-2d4f8969bf80",
                      "isHook": false,
                      "skipped": false
                    },
                    {
                      "title": "点击登录按钮",
                      "fullTitle": "Kelp E2E Testing 基本公卫5.6[国家版] 修改个人档案 点击登录按钮",
                      "timedOut": null,
                      "duration": 220,
                      "state": "passed",
                      "speed": "fast",
                      "pass": true,
                      "fail": false,
                      "pending": false,
                      "context": null,
                      "code": "if (step.iframekey) {\n  const iframesStr = step.iframekey;\n  let iframe = null;\n  iframesStr.forEach(iframeStr => {\n    if (!iframe) {\n      iframe = cy.get(iframeStr);\n    } else {\n      iframe = iframe.onIframeLoad(iframeStr).find(iframeStr);\n    }\n  });\n  iframe.onIframeLoad(step.key).then(iframebody => {\n    cy.exeAction(step, iframebody);\n  });\n} else {\n  cy.exeAction(step);\n}\n//最后一步可能录制不下来，等待2秒。\nif (testcase.steps.length == index + 1) {\n  cy.wait(2000);\n}",
                      "err": {},
                      "uuid": "6b44959a-bb1e-4114-8892-be6532139ce7",
                      "parentUUID": "bad1d8c0-19f6-4baa-87c7-2d4f8969bf80",
                      "isHook": false,
                      "skipped": false
                    },
                    {
                      "title": "填写登录表单",
                      "fullTitle": "Kelp E2E Testing 基本公卫5.6[国家版] 修改个人档案 填写登录表单",
                      "timedOut": null,
                      "duration": 704,
                      "state": "passed",
                      "speed": "fast",
                      "pass": true,
                      "fail": false,
                      "pending": false,
                      "context": null,
                      "code": "if (step.iframekey) {\n  const iframesStr = step.iframekey;\n  let iframe = null;\n  iframesStr.forEach(iframeStr => {\n    if (!iframe) {\n      iframe = cy.get(iframeStr);\n    } else {\n      iframe = iframe.onIframeLoad(iframeStr).find(iframeStr);\n    }\n  });\n  iframe.onIframeLoad(step.key).then(iframebody => {\n    cy.exeAction(step, iframebody);\n  });\n} else {\n  cy.exeAction(step);\n}\n//最后一步可能录制不下来，等待2秒。\nif (testcase.steps.length == index + 1) {\n  cy.wait(2000);\n}",
                      "err": {},
                      "uuid": "2a223bc3-55ca-4926-84c6-2d6233a042ce",
                      "parentUUID": "bad1d8c0-19f6-4baa-87c7-2d4f8969bf80",
                      "isHook": false,
                      "skipped": false
                    },
                    {
                      "title": "点击登录按钮",
                      "fullTitle": "Kelp E2E Testing 基本公卫5.6[国家版] 修改个人档案 点击登录按钮",
                      "timedOut": null,
                      "duration": 7148,
                      "state": "failed",
                      "speed": null,
                      "pass": false,
                      "fail": true,
                      "pending": false,
                      "context": null,
                      "code": "if (step.iframekey) {\n  const iframesStr = step.iframekey;\n  let iframe = null;\n  iframesStr.forEach(iframeStr => {\n    if (!iframe) {\n      iframe = cy.get(iframeStr);\n    } else {\n      iframe = iframe.onIframeLoad(iframeStr).find(iframeStr);\n    }\n  });\n  iframe.onIframeLoad(step.key).then(iframebody => {\n    cy.exeAction(step, iframebody);\n  });\n} else {\n  cy.exeAction(step);\n}\n//最后一步可能录制不下来，等待2秒。\nif (testcase.steps.length == index + 1) {\n  cy.wait(2000);\n}",
                      "err": {
                        "message": "AssertionError: Timed out retrying after 4000ms: Expected to find element: `.layui-layer-msg`, but never found it.",
                        "estack": "AssertionError: Timed out retrying after 4000ms: Expected to find element: `.layui-layer-msg`, but never found it.\n    at eval (webpack://winning-e2e-tool/./cypress/support/commands.js:72:103)\n    at eval (webpack://winning-e2e-tool/./cypress/support/commands.js:70:23)",
                        "diff": null
                      },
                      "uuid": "d892d26b-17a6-4b4e-a052-56f82cb617c1",
                      "parentUUID": "bad1d8c0-19f6-4baa-87c7-2d4f8969bf80",
                      "isHook": false,
                      "skipped": false
                    },
                    {
                      "title": "悬浮健康档案一级菜单",
                      "fullTitle": "Kelp E2E Testing 基本公卫5.6[国家版] 修改个人档案 悬浮健康档案一级菜单",
                      "timedOut": null,
                      "duration": 41,
                      "state": "passed",
                      "speed": "fast",
                      "pass": true,
                      "fail": false,
                      "pending": false,
                      "context": null,
                      "code": "if (step.iframekey) {\n  const iframesStr = step.iframekey;\n  let iframe = null;\n  iframesStr.forEach(iframeStr => {\n    if (!iframe) {\n      iframe = cy.get(iframeStr);\n    } else {\n      iframe = iframe.onIframeLoad(iframeStr).find(iframeStr);\n    }\n  });\n  iframe.onIframeLoad(step.key).then(iframebody => {\n    cy.exeAction(step, iframebody);\n  });\n} else {\n  cy.exeAction(step);\n}\n//最后一步可能录制不下来，等待2秒。\nif (testcase.steps.length == index + 1) {\n  cy.wait(2000);\n}",
                      "err": {},
                      "uuid": "771c2038-8788-481a-84d2-a68c2b7a8621",
                      "parentUUID": "bad1d8c0-19f6-4baa-87c7-2d4f8969bf80",
                      "isHook": false,
                      "skipped": false
                    },
                    {
                      "title": "点击居民健康档案管理二级菜单",
                      "fullTitle": "Kelp E2E Testing 基本公卫5.6[国家版] 修改个人档案 点击居民健康档案管理二级菜单",
                      "timedOut": null,
                      "duration": 56,
                      "state": "passed",
                      "speed": "fast",
                      "pass": true,
                      "fail": false,
                      "pending": false,
                      "context": null,
                      "code": "if (step.iframekey) {\n  const iframesStr = step.iframekey;\n  let iframe = null;\n  iframesStr.forEach(iframeStr => {\n    if (!iframe) {\n      iframe = cy.get(iframeStr);\n    } else {\n      iframe = iframe.onIframeLoad(iframeStr).find(iframeStr);\n    }\n  });\n  iframe.onIframeLoad(step.key).then(iframebody => {\n    cy.exeAction(step, iframebody);\n  });\n} else {\n  cy.exeAction(step);\n}\n//最后一步可能录制不下来，等待2秒。\nif (testcase.steps.length == index + 1) {\n  cy.wait(2000);\n}",
                      "err": {},
                      "uuid": "b7443871-1a12-4017-992c-7f1b377b53b1",
                      "parentUUID": "bad1d8c0-19f6-4baa-87c7-2d4f8969bf80",
                      "isHook": false,
                      "skipped": false
                    },
                    {
                      "title": "填写个人基本信息列表查询条件",
                      "fullTitle": "Kelp E2E Testing 基本公卫5.6[国家版] 修改个人档案 填写个人基本信息列表查询条件",
                      "timedOut": null,
                      "duration": 4261,
                      "state": "passed",
                      "speed": "fast",
                      "pass": true,
                      "fail": false,
                      "pending": false,
                      "context": null,
                      "code": "if (step.iframekey) {\n  const iframesStr = step.iframekey;\n  let iframe = null;\n  iframesStr.forEach(iframeStr => {\n    if (!iframe) {\n      iframe = cy.get(iframeStr);\n    } else {\n      iframe = iframe.onIframeLoad(iframeStr).find(iframeStr);\n    }\n  });\n  iframe.onIframeLoad(step.key).then(iframebody => {\n    cy.exeAction(step, iframebody);\n  });\n} else {\n  cy.exeAction(step);\n}\n//最后一步可能录制不下来，等待2秒。\nif (testcase.steps.length == index + 1) {\n  cy.wait(2000);\n}",
                      "err": {},
                      "uuid": "18c2ce28-1bbc-4047-b783-bd3ec5c45e14",
                      "parentUUID": "bad1d8c0-19f6-4baa-87c7-2d4f8969bf80",
                      "isHook": false,
                      "skipped": false
                    },
                    {
                      "title": "点击个人基本信息列表查询按钮",
                      "fullTitle": "Kelp E2E Testing 基本公卫5.6[国家版] 修改个人档案 点击个人基本信息列表查询按钮",
                      "timedOut": null,
                      "duration": 2152,
                      "state": "passed",
                      "speed": "fast",
                      "pass": true,
                      "fail": false,
                      "pending": false,
                      "context": null,
                      "code": "if (step.iframekey) {\n  const iframesStr = step.iframekey;\n  let iframe = null;\n  iframesStr.forEach(iframeStr => {\n    if (!iframe) {\n      iframe = cy.get(iframeStr);\n    } else {\n      iframe = iframe.onIframeLoad(iframeStr).find(iframeStr);\n    }\n  });\n  iframe.onIframeLoad(step.key).then(iframebody => {\n    cy.exeAction(step, iframebody);\n  });\n} else {\n  cy.exeAction(step);\n}\n//最后一步可能录制不下来，等待2秒。\nif (testcase.steps.length == index + 1) {\n  cy.wait(2000);\n}",
                      "err": {},
                      "uuid": "0dae366d-fbdf-4093-97ab-4b9412c9cc24",
                      "parentUUID": "bad1d8c0-19f6-4baa-87c7-2d4f8969bf80",
                      "isHook": false,
                      "skipped": false
                    }
                  ],
                  "suites": [],
                  "passes": [
                    "1e262761-4484-45f9-a7b2-3aa75fe87879",
                    "be2431b7-70e8-4b26-bdbd-aabf08227f69",
                    "6b44959a-bb1e-4114-8892-be6532139ce7",
                    "2a223bc3-55ca-4926-84c6-2d6233a042ce",
                    "771c2038-8788-481a-84d2-a68c2b7a8621",
                    "b7443871-1a12-4017-992c-7f1b377b53b1",
                    "18c2ce28-1bbc-4047-b783-bd3ec5c45e14",
                    "0dae366d-fbdf-4093-97ab-4b9412c9cc24"
                  ],
                  "failures": [
                    "d892d26b-17a6-4b4e-a052-56f82cb617c1"
                  ],
                  "pending": [],
                  "skipped": [],
                  "duration": 17908,
                  "root": false,
                  "rootEmpty": false,
                  "_timeout": 2000
                }
              ],
              "passes": [],
              "failures": [],
              "pending": [],
              "skipped": [],
              "duration": 0,
              "root": false,
              "rootEmpty": false,
              "_timeout": 2000
            }
          ],
          "passes": [],
          "failures": [],
          "pending": [],
          "skipped": [],
          "duration": 0,
          "root": false,
          "rootEmpty": false,
          "_timeout": 2000
        }
      ],
      "passes": [],
      "failures": [],
      "pending": [],
      "skipped": [],
      "duration": 0,
      "root": true,
      "rootEmpty": true,
      "_timeout": 2000
    }
  ],
  "meta": {
    "mocha": {
      "version": "7.0.1"
    },
    "mochawesome": {
      "options": {
        "quiet": false,
        "reportFilename": "mochawesome",
        "saveHtml": true,
        "saveJson": true,
        "consoleReporter": "spec",
        "useInlineDiffs": false,
        "code": true
      },
      "version": "7.1.3"
    },
    "marge": {
      "options": {
        "reportDir": "src/assets/cypress/results/1c6a3de0-908e-418a-93a0-7c1d58cc1d8b",
        "overwrite": true,
        "html": true,
        "json": true
      },
      "version": "6.2.0"
    }
  }
}