{
  "stats": {
    "suites": 5,
    "tests": 20,
    "passes": 20,
    "pending": 0,
    "failures": 0,
    "start": "2024-03-21T05:05:09.801Z",
    "end": "2024-03-21T05:07:18.976Z",
    "duration": 129175,
    "testsRegistered": 20,
    "passPercent": 100,
    "pendingPercent": 0,
    "other": 0,
    "hasOther": false,
    "skipped": 0,
    "hasSkipped": false
  },
  "results": [
    {
      "uuid": "fd2702d1-eba2-4cf9-a32a-7b84db8000bf",
      "title": "",
      "fullFile": "cypress\\e2e\\testsuite.cy.js",
      "file": "cypress\\e2e\\testsuite.cy.js",
      "beforeHooks": [],
      "afterHooks": [],
      "tests": [],
      "suites": [
        {
          "uuid": "7624c40d-4a42-42e8-909a-f20045bba374",
          "title": "Kelp E2E Testing",
          "fullFile": "",
          "file": "",
          "beforeHooks": [],
          "afterHooks": [],
          "tests": [],
          "suites": [
            {
              "uuid": "f2c48839-5759-48c4-bf56-7add34024c1b",
              "title": "系统登录管理",
              "fullFile": "",
              "file": "",
              "beforeHooks": [],
              "afterHooks": [],
              "tests": [],
              "suites": [
                {
                  "uuid": "dbe8f403-d340-4f09-b050-cce10295a612",
                  "title": "登录系统",
                  "fullFile": "",
                  "file": "",
                  "beforeHooks": [],
                  "afterHooks": [],
                  "tests": [
                    {
                      "title": "访问基本诊疗5.6系统",
                      "fullTitle": "Kelp E2E Testing 系统登录管理 登录系统 访问基本诊疗5.6系统",
                      "timedOut": null,
                      "duration": 5770,
                      "state": "passed",
                      "speed": "medium",
                      "pass": true,
                      "fail": false,
                      "pending": false,
                      "context": null,
                      "code": "cy.wait(step.wait ? step.wait : 1500);\nif (step.iframekey) {\n  const iframesStr = step.iframekey;\n  let iframe = null;\n  iframesStr.forEach(iframeStr => {\n    if (!iframe) {\n      iframe = cy.get(iframeStr);\n    } else {\n      iframe = iframe.onIframeLoad(iframeStr).find(iframeStr);\n    }\n  });\n  iframe.onIframeLoad(step.key).then(iframebody => {\n    cy.exeAction(step, iframebody);\n  });\n} else {\n  cy.exeAction(step);\n}\n//最后一步可能录制不下来，等待2秒。\nif (testcase.steps.length == index + 1) {\n  cy.wait(2000);\n}",
                      "err": {},
                      "uuid": "b3e82d7b-381f-434d-b5c0-0125f956d53f",
                      "parentUUID": "dbe8f403-d340-4f09-b050-cce10295a612",
                      "isHook": false,
                      "skipped": false
                    },
                    {
                      "title": "填写登录表单",
                      "fullTitle": "Kelp E2E Testing 系统登录管理 登录系统 填写登录表单",
                      "timedOut": null,
                      "duration": 2739,
                      "state": "passed",
                      "speed": "fast",
                      "pass": true,
                      "fail": false,
                      "pending": false,
                      "context": null,
                      "code": "cy.wait(step.wait ? step.wait : 1500);\nif (step.iframekey) {\n  const iframesStr = step.iframekey;\n  let iframe = null;\n  iframesStr.forEach(iframeStr => {\n    if (!iframe) {\n      iframe = cy.get(iframeStr);\n    } else {\n      iframe = iframe.onIframeLoad(iframeStr).find(iframeStr);\n    }\n  });\n  iframe.onIframeLoad(step.key).then(iframebody => {\n    cy.exeAction(step, iframebody);\n  });\n} else {\n  cy.exeAction(step);\n}\n//最后一步可能录制不下来，等待2秒。\nif (testcase.steps.length == index + 1) {\n  cy.wait(2000);\n}",
                      "err": {},
                      "uuid": "626edcfa-a4d7-425b-aa65-07f6e9e26dae",
                      "parentUUID": "dbe8f403-d340-4f09-b050-cce10295a612",
                      "isHook": false,
                      "skipped": false
                    },
                    {
                      "title": "点击登录按钮",
                      "fullTitle": "Kelp E2E Testing 系统登录管理 登录系统 点击登录按钮",
                      "timedOut": null,
                      "duration": 5199,
                      "state": "passed",
                      "speed": "medium",
                      "pass": true,
                      "fail": false,
                      "pending": false,
                      "context": null,
                      "code": "cy.wait(step.wait ? step.wait : 1500);\nif (step.iframekey) {\n  const iframesStr = step.iframekey;\n  let iframe = null;\n  iframesStr.forEach(iframeStr => {\n    if (!iframe) {\n      iframe = cy.get(iframeStr);\n    } else {\n      iframe = iframe.onIframeLoad(iframeStr).find(iframeStr);\n    }\n  });\n  iframe.onIframeLoad(step.key).then(iframebody => {\n    cy.exeAction(step, iframebody);\n  });\n} else {\n  cy.exeAction(step);\n}\n//最后一步可能录制不下来，等待2秒。\nif (testcase.steps.length == index + 1) {\n  cy.wait(2000);\n}",
                      "err": {},
                      "uuid": "a979e71f-1f2b-41a7-b4df-c3158279dca6",
                      "parentUUID": "dbe8f403-d340-4f09-b050-cce10295a612",
                      "isHook": false,
                      "skipped": false
                    }
                  ],
                  "suites": [],
                  "passes": [
                    "b3e82d7b-381f-434d-b5c0-0125f956d53f",
                    "626edcfa-a4d7-425b-aa65-07f6e9e26dae",
                    "a979e71f-1f2b-41a7-b4df-c3158279dca6"
                  ],
                  "failures": [],
                  "pending": [],
                  "skipped": [],
                  "duration": 13708,
                  "root": false,
                  "rootEmpty": false,
                  "_timeout": 2000
                },
                {
                  "uuid": "46e41758-5124-4f41-9a97-e2a66370cb2f",
                  "title": "患者挂号",
                  "fullFile": "",
                  "file": "",
                  "beforeHooks": [],
                  "afterHooks": [],
                  "tests": [
                    {
                      "title": "点击更多菜单按钮",
                      "fullTitle": "Kelp E2E Testing 系统登录管理 患者挂号 点击更多菜单按钮",
                      "timedOut": null,
                      "duration": 2798,
                      "state": "passed",
                      "speed": "fast",
                      "pass": true,
                      "fail": false,
                      "pending": false,
                      "context": null,
                      "code": "cy.wait(step.wait ? step.wait : 1500);\nif (step.iframekey) {\n  const iframesStr = step.iframekey;\n  let iframe = null;\n  iframesStr.forEach(iframeStr => {\n    if (!iframe) {\n      iframe = cy.get(iframeStr);\n    } else {\n      iframe = iframe.onIframeLoad(iframeStr).find(iframeStr);\n    }\n  });\n  iframe.onIframeLoad(step.key).then(iframebody => {\n    cy.exeAction(step, iframebody);\n  });\n} else {\n  cy.exeAction(step);\n}\n//最后一步可能录制不下来，等待2秒。\nif (testcase.steps.length == index + 1) {\n  cy.wait(2000);\n}",
                      "err": {},
                      "uuid": "3fdadf11-4095-499e-b7cf-41bc582bbe14",
                      "parentUUID": "46e41758-5124-4f41-9a97-e2a66370cb2f",
                      "isHook": false,
                      "skipped": false
                    },
                    {
                      "title": "点击门诊管理菜单",
                      "fullTitle": "Kelp E2E Testing 系统登录管理 患者挂号 点击门诊管理菜单",
                      "timedOut": null,
                      "duration": 1952,
                      "state": "passed",
                      "speed": "fast",
                      "pass": true,
                      "fail": false,
                      "pending": false,
                      "context": null,
                      "code": "cy.wait(step.wait ? step.wait : 1500);\nif (step.iframekey) {\n  const iframesStr = step.iframekey;\n  let iframe = null;\n  iframesStr.forEach(iframeStr => {\n    if (!iframe) {\n      iframe = cy.get(iframeStr);\n    } else {\n      iframe = iframe.onIframeLoad(iframeStr).find(iframeStr);\n    }\n  });\n  iframe.onIframeLoad(step.key).then(iframebody => {\n    cy.exeAction(step, iframebody);\n  });\n} else {\n  cy.exeAction(step);\n}\n//最后一步可能录制不下来，等待2秒。\nif (testcase.steps.length == index + 1) {\n  cy.wait(2000);\n}",
                      "err": {},
                      "uuid": "1959b752-cdca-43f0-8c45-a098113f0971",
                      "parentUUID": "46e41758-5124-4f41-9a97-e2a66370cb2f",
                      "isHook": false,
                      "skipped": false
                    },
                    {
                      "title": "点击门诊挂号菜单",
                      "fullTitle": "Kelp E2E Testing 系统登录管理 患者挂号 点击门诊挂号菜单",
                      "timedOut": null,
                      "duration": 2056,
                      "state": "passed",
                      "speed": "fast",
                      "pass": true,
                      "fail": false,
                      "pending": false,
                      "context": null,
                      "code": "cy.wait(step.wait ? step.wait : 1500);\nif (step.iframekey) {\n  const iframesStr = step.iframekey;\n  let iframe = null;\n  iframesStr.forEach(iframeStr => {\n    if (!iframe) {\n      iframe = cy.get(iframeStr);\n    } else {\n      iframe = iframe.onIframeLoad(iframeStr).find(iframeStr);\n    }\n  });\n  iframe.onIframeLoad(step.key).then(iframebody => {\n    cy.exeAction(step, iframebody);\n  });\n} else {\n  cy.exeAction(step);\n}\n//最后一步可能录制不下来，等待2秒。\nif (testcase.steps.length == index + 1) {\n  cy.wait(2000);\n}",
                      "err": {},
                      "uuid": "ce9f1b07-e89f-4934-861b-b50850992f66",
                      "parentUUID": "46e41758-5124-4f41-9a97-e2a66370cb2f",
                      "isHook": false,
                      "skipped": false
                    },
                    {
                      "title": "填写门诊挂号读卡条件",
                      "fullTitle": "Kelp E2E Testing 系统登录管理 患者挂号 填写门诊挂号读卡条件",
                      "timedOut": null,
                      "duration": 15881,
                      "state": "passed",
                      "speed": "slow",
                      "pass": true,
                      "fail": false,
                      "pending": false,
                      "context": null,
                      "code": "cy.wait(step.wait ? step.wait : 1500);\nif (step.iframekey) {\n  const iframesStr = step.iframekey;\n  let iframe = null;\n  iframesStr.forEach(iframeStr => {\n    if (!iframe) {\n      iframe = cy.get(iframeStr);\n    } else {\n      iframe = iframe.onIframeLoad(iframeStr).find(iframeStr);\n    }\n  });\n  iframe.onIframeLoad(step.key).then(iframebody => {\n    cy.exeAction(step, iframebody);\n  });\n} else {\n  cy.exeAction(step);\n}\n//最后一步可能录制不下来，等待2秒。\nif (testcase.steps.length == index + 1) {\n  cy.wait(2000);\n}",
                      "err": {},
                      "uuid": "afe44b95-69d9-4103-a24a-4815961a8610",
                      "parentUUID": "46e41758-5124-4f41-9a97-e2a66370cb2f",
                      "isHook": false,
                      "skipped": false
                    },
                    {
                      "title": "点击读卡按钮",
                      "fullTitle": "Kelp E2E Testing 系统登录管理 患者挂号 点击读卡按钮",
                      "timedOut": null,
                      "duration": 1958,
                      "state": "passed",
                      "speed": "fast",
                      "pass": true,
                      "fail": false,
                      "pending": false,
                      "context": null,
                      "code": "cy.wait(step.wait ? step.wait : 1500);\nif (step.iframekey) {\n  const iframesStr = step.iframekey;\n  let iframe = null;\n  iframesStr.forEach(iframeStr => {\n    if (!iframe) {\n      iframe = cy.get(iframeStr);\n    } else {\n      iframe = iframe.onIframeLoad(iframeStr).find(iframeStr);\n    }\n  });\n  iframe.onIframeLoad(step.key).then(iframebody => {\n    cy.exeAction(step, iframebody);\n  });\n} else {\n  cy.exeAction(step);\n}\n//最后一步可能录制不下来，等待2秒。\nif (testcase.steps.length == index + 1) {\n  cy.wait(2000);\n}",
                      "err": {},
                      "uuid": "559bdf66-8a3f-4215-860b-1d220a80a0f2",
                      "parentUUID": "46e41758-5124-4f41-9a97-e2a66370cb2f",
                      "isHook": false,
                      "skipped": false
                    },
                    {
                      "title": "点击患者列表挂号按钮",
                      "fullTitle": "Kelp E2E Testing 系统登录管理 患者挂号 点击患者列表挂号按钮",
                      "timedOut": null,
                      "duration": 5446,
                      "state": "passed",
                      "speed": "medium",
                      "pass": true,
                      "fail": false,
                      "pending": false,
                      "context": null,
                      "code": "cy.wait(step.wait ? step.wait : 1500);\nif (step.iframekey) {\n  const iframesStr = step.iframekey;\n  let iframe = null;\n  iframesStr.forEach(iframeStr => {\n    if (!iframe) {\n      iframe = cy.get(iframeStr);\n    } else {\n      iframe = iframe.onIframeLoad(iframeStr).find(iframeStr);\n    }\n  });\n  iframe.onIframeLoad(step.key).then(iframebody => {\n    cy.exeAction(step, iframebody);\n  });\n} else {\n  cy.exeAction(step);\n}\n//最后一步可能录制不下来，等待2秒。\nif (testcase.steps.length == index + 1) {\n  cy.wait(2000);\n}",
                      "err": {},
                      "uuid": "6c3fc412-6101-44e8-8b17-5b49721f2f58",
                      "parentUUID": "46e41758-5124-4f41-9a97-e2a66370cb2f",
                      "isHook": false,
                      "skipped": false
                    },
                    {
                      "title": "填写挂号表单",
                      "fullTitle": "Kelp E2E Testing 系统登录管理 患者挂号 填写挂号表单",
                      "timedOut": null,
                      "duration": 4240,
                      "state": "passed",
                      "speed": "fast",
                      "pass": true,
                      "fail": false,
                      "pending": false,
                      "context": null,
                      "code": "cy.wait(step.wait ? step.wait : 1500);\nif (step.iframekey) {\n  const iframesStr = step.iframekey;\n  let iframe = null;\n  iframesStr.forEach(iframeStr => {\n    if (!iframe) {\n      iframe = cy.get(iframeStr);\n    } else {\n      iframe = iframe.onIframeLoad(iframeStr).find(iframeStr);\n    }\n  });\n  iframe.onIframeLoad(step.key).then(iframebody => {\n    cy.exeAction(step, iframebody);\n  });\n} else {\n  cy.exeAction(step);\n}\n//最后一步可能录制不下来，等待2秒。\nif (testcase.steps.length == index + 1) {\n  cy.wait(2000);\n}",
                      "err": {},
                      "uuid": "526ac1eb-ecc7-4c59-ba2f-fefb655574fc",
                      "parentUUID": "46e41758-5124-4f41-9a97-e2a66370cb2f",
                      "isHook": false,
                      "skipped": false
                    },
                    {
                      "title": "填写挂号表单",
                      "fullTitle": "Kelp E2E Testing 系统登录管理 患者挂号 填写挂号表单",
                      "timedOut": null,
                      "duration": 2624,
                      "state": "passed",
                      "speed": "fast",
                      "pass": true,
                      "fail": false,
                      "pending": false,
                      "context": null,
                      "code": "cy.wait(step.wait ? step.wait : 1500);\nif (step.iframekey) {\n  const iframesStr = step.iframekey;\n  let iframe = null;\n  iframesStr.forEach(iframeStr => {\n    if (!iframe) {\n      iframe = cy.get(iframeStr);\n    } else {\n      iframe = iframe.onIframeLoad(iframeStr).find(iframeStr);\n    }\n  });\n  iframe.onIframeLoad(step.key).then(iframebody => {\n    cy.exeAction(step, iframebody);\n  });\n} else {\n  cy.exeAction(step);\n}\n//最后一步可能录制不下来，等待2秒。\nif (testcase.steps.length == index + 1) {\n  cy.wait(2000);\n}",
                      "err": {},
                      "uuid": "aa040d4a-d973-40ac-8d78-761a0d4f17e3",
                      "parentUUID": "46e41758-5124-4f41-9a97-e2a66370cb2f",
                      "isHook": false,
                      "skipped": false
                    },
                    {
                      "title": "点击挂号按钮",
                      "fullTitle": "Kelp E2E Testing 系统登录管理 患者挂号 点击挂号按钮",
                      "timedOut": null,
                      "duration": 1779,
                      "state": "passed",
                      "speed": "fast",
                      "pass": true,
                      "fail": false,
                      "pending": false,
                      "context": null,
                      "code": "cy.wait(step.wait ? step.wait : 1500);\nif (step.iframekey) {\n  const iframesStr = step.iframekey;\n  let iframe = null;\n  iframesStr.forEach(iframeStr => {\n    if (!iframe) {\n      iframe = cy.get(iframeStr);\n    } else {\n      iframe = iframe.onIframeLoad(iframeStr).find(iframeStr);\n    }\n  });\n  iframe.onIframeLoad(step.key).then(iframebody => {\n    cy.exeAction(step, iframebody);\n  });\n} else {\n  cy.exeAction(step);\n}\n//最后一步可能录制不下来，等待2秒。\nif (testcase.steps.length == index + 1) {\n  cy.wait(2000);\n}",
                      "err": {},
                      "uuid": "2ffd151d-a59c-47a7-8a70-725d4bdf1056",
                      "parentUUID": "46e41758-5124-4f41-9a97-e2a66370cb2f",
                      "isHook": false,
                      "skipped": false
                    },
                    {
                      "title": "点击收银确认按钮",
                      "fullTitle": "Kelp E2E Testing 系统登录管理 患者挂号 点击收银确认按钮",
                      "timedOut": null,
                      "duration": 3997,
                      "state": "passed",
                      "speed": "fast",
                      "pass": true,
                      "fail": false,
                      "pending": false,
                      "context": null,
                      "code": "cy.wait(step.wait ? step.wait : 1500);\nif (step.iframekey) {\n  const iframesStr = step.iframekey;\n  let iframe = null;\n  iframesStr.forEach(iframeStr => {\n    if (!iframe) {\n      iframe = cy.get(iframeStr);\n    } else {\n      iframe = iframe.onIframeLoad(iframeStr).find(iframeStr);\n    }\n  });\n  iframe.onIframeLoad(step.key).then(iframebody => {\n    cy.exeAction(step, iframebody);\n  });\n} else {\n  cy.exeAction(step);\n}\n//最后一步可能录制不下来，等待2秒。\nif (testcase.steps.length == index + 1) {\n  cy.wait(2000);\n}",
                      "err": {},
                      "uuid": "ff64d2f7-4078-4290-8c82-6e9b71cf938b",
                      "parentUUID": "46e41758-5124-4f41-9a97-e2a66370cb2f",
                      "isHook": false,
                      "skipped": false
                    }
                  ],
                  "suites": [],
                  "passes": [
                    "3fdadf11-4095-499e-b7cf-41bc582bbe14",
                    "1959b752-cdca-43f0-8c45-a098113f0971",
                    "ce9f1b07-e89f-4934-861b-b50850992f66",
                    "afe44b95-69d9-4103-a24a-4815961a8610",
                    "559bdf66-8a3f-4215-860b-1d220a80a0f2",
                    "6c3fc412-6101-44e8-8b17-5b49721f2f58",
                    "526ac1eb-ecc7-4c59-ba2f-fefb655574fc",
                    "aa040d4a-d973-40ac-8d78-761a0d4f17e3",
                    "2ffd151d-a59c-47a7-8a70-725d4bdf1056",
                    "ff64d2f7-4078-4290-8c82-6e9b71cf938b"
                  ],
                  "failures": [],
                  "pending": [],
                  "skipped": [],
                  "duration": 42731,
                  "root": false,
                  "rootEmpty": false,
                  "_timeout": 2000
                },
                {
                  "uuid": "183afa93-6f4d-4104-b16d-0c81fac3704a",
                  "title": "门诊病历",
                  "fullFile": "",
                  "file": "",
                  "beforeHooks": [],
                  "afterHooks": [],
                  "tests": [
                    {
                      "title": "点击更多菜单按钮",
                      "fullTitle": "Kelp E2E Testing 系统登录管理 门诊病历 点击更多菜单按钮",
                      "timedOut": null,
                      "duration": 6837,
                      "state": "passed",
                      "speed": "medium",
                      "pass": true,
                      "fail": false,
                      "pending": false,
                      "context": null,
                      "code": "cy.wait(step.wait ? step.wait : 1500);\nif (step.iframekey) {\n  const iframesStr = step.iframekey;\n  let iframe = null;\n  iframesStr.forEach(iframeStr => {\n    if (!iframe) {\n      iframe = cy.get(iframeStr);\n    } else {\n      iframe = iframe.onIframeLoad(iframeStr).find(iframeStr);\n    }\n  });\n  iframe.onIframeLoad(step.key).then(iframebody => {\n    cy.exeAction(step, iframebody);\n  });\n} else {\n  cy.exeAction(step);\n}\n//最后一步可能录制不下来，等待2秒。\nif (testcase.steps.length == index + 1) {\n  cy.wait(2000);\n}",
                      "err": {},
                      "uuid": "eb509860-8e09-490e-89e9-dc18e35e9140",
                      "parentUUID": "183afa93-6f4d-4104-b16d-0c81fac3704a",
                      "isHook": false,
                      "skipped": false
                    },
                    {
                      "title": "点击临床诊疗菜单",
                      "fullTitle": "Kelp E2E Testing 系统登录管理 门诊病历 点击临床诊疗菜单",
                      "timedOut": null,
                      "duration": 2179,
                      "state": "passed",
                      "speed": "fast",
                      "pass": true,
                      "fail": false,
                      "pending": false,
                      "context": null,
                      "code": "cy.wait(step.wait ? step.wait : 1500);\nif (step.iframekey) {\n  const iframesStr = step.iframekey;\n  let iframe = null;\n  iframesStr.forEach(iframeStr => {\n    if (!iframe) {\n      iframe = cy.get(iframeStr);\n    } else {\n      iframe = iframe.onIframeLoad(iframeStr).find(iframeStr);\n    }\n  });\n  iframe.onIframeLoad(step.key).then(iframebody => {\n    cy.exeAction(step, iframebody);\n  });\n} else {\n  cy.exeAction(step);\n}\n//最后一步可能录制不下来，等待2秒。\nif (testcase.steps.length == index + 1) {\n  cy.wait(2000);\n}",
                      "err": {},
                      "uuid": "57fb7c44-7423-437e-a7d6-79b3ef006e28",
                      "parentUUID": "183afa93-6f4d-4104-b16d-0c81fac3704a",
                      "isHook": false,
                      "skipped": false
                    },
                    {
                      "title": "点击门诊医生站菜单",
                      "fullTitle": "Kelp E2E Testing 系统登录管理 门诊病历 点击门诊医生站菜单",
                      "timedOut": null,
                      "duration": 2065,
                      "state": "passed",
                      "speed": "fast",
                      "pass": true,
                      "fail": false,
                      "pending": false,
                      "context": null,
                      "code": "cy.wait(step.wait ? step.wait : 1500);\nif (step.iframekey) {\n  const iframesStr = step.iframekey;\n  let iframe = null;\n  iframesStr.forEach(iframeStr => {\n    if (!iframe) {\n      iframe = cy.get(iframeStr);\n    } else {\n      iframe = iframe.onIframeLoad(iframeStr).find(iframeStr);\n    }\n  });\n  iframe.onIframeLoad(step.key).then(iframebody => {\n    cy.exeAction(step, iframebody);\n  });\n} else {\n  cy.exeAction(step);\n}\n//最后一步可能录制不下来，等待2秒。\nif (testcase.steps.length == index + 1) {\n  cy.wait(2000);\n}",
                      "err": {},
                      "uuid": "a7aa2174-2dcd-42a4-90ba-57efc86e62bc",
                      "parentUUID": "183afa93-6f4d-4104-b16d-0c81fac3704a",
                      "isHook": false,
                      "skipped": false
                    },
                    {
                      "title": "选择待就诊卡片",
                      "fullTitle": "Kelp E2E Testing 系统登录管理 门诊病历 选择待就诊卡片",
                      "timedOut": null,
                      "duration": 15207,
                      "state": "passed",
                      "speed": "slow",
                      "pass": true,
                      "fail": false,
                      "pending": false,
                      "context": null,
                      "code": "cy.wait(step.wait ? step.wait : 1500);\nif (step.iframekey) {\n  const iframesStr = step.iframekey;\n  let iframe = null;\n  iframesStr.forEach(iframeStr => {\n    if (!iframe) {\n      iframe = cy.get(iframeStr);\n    } else {\n      iframe = iframe.onIframeLoad(iframeStr).find(iframeStr);\n    }\n  });\n  iframe.onIframeLoad(step.key).then(iframebody => {\n    cy.exeAction(step, iframebody);\n  });\n} else {\n  cy.exeAction(step);\n}\n//最后一步可能录制不下来，等待2秒。\nif (testcase.steps.length == index + 1) {\n  cy.wait(2000);\n}",
                      "err": {},
                      "uuid": "9898ad50-ecf8-4db4-b2db-904addab2a48",
                      "parentUUID": "183afa93-6f4d-4104-b16d-0c81fac3704a",
                      "isHook": false,
                      "skipped": false
                    },
                    {
                      "title": "点击门诊病历tab",
                      "fullTitle": "Kelp E2E Testing 系统登录管理 门诊病历 点击门诊病历tab",
                      "timedOut": null,
                      "duration": 20415,
                      "state": "passed",
                      "speed": "slow",
                      "pass": true,
                      "fail": false,
                      "pending": false,
                      "context": null,
                      "code": "cy.wait(step.wait ? step.wait : 1500);\nif (step.iframekey) {\n  const iframesStr = step.iframekey;\n  let iframe = null;\n  iframesStr.forEach(iframeStr => {\n    if (!iframe) {\n      iframe = cy.get(iframeStr);\n    } else {\n      iframe = iframe.onIframeLoad(iframeStr).find(iframeStr);\n    }\n  });\n  iframe.onIframeLoad(step.key).then(iframebody => {\n    cy.exeAction(step, iframebody);\n  });\n} else {\n  cy.exeAction(step);\n}\n//最后一步可能录制不下来，等待2秒。\nif (testcase.steps.length == index + 1) {\n  cy.wait(2000);\n}",
                      "err": {},
                      "uuid": "42c0744a-d326-4e6d-be28-099fb9933344",
                      "parentUUID": "183afa93-6f4d-4104-b16d-0c81fac3704a",
                      "isHook": false,
                      "skipped": false
                    },
                    {
                      "title": "填写电子病历",
                      "fullTitle": "Kelp E2E Testing 系统登录管理 门诊病历 填写电子病历",
                      "timedOut": null,
                      "duration": 11746,
                      "state": "passed",
                      "speed": "slow",
                      "pass": true,
                      "fail": false,
                      "pending": false,
                      "context": null,
                      "code": "cy.wait(step.wait ? step.wait : 1500);\nif (step.iframekey) {\n  const iframesStr = step.iframekey;\n  let iframe = null;\n  iframesStr.forEach(iframeStr => {\n    if (!iframe) {\n      iframe = cy.get(iframeStr);\n    } else {\n      iframe = iframe.onIframeLoad(iframeStr).find(iframeStr);\n    }\n  });\n  iframe.onIframeLoad(step.key).then(iframebody => {\n    cy.exeAction(step, iframebody);\n  });\n} else {\n  cy.exeAction(step);\n}\n//最后一步可能录制不下来，等待2秒。\nif (testcase.steps.length == index + 1) {\n  cy.wait(2000);\n}",
                      "err": {},
                      "uuid": "4284f8cc-2017-4258-a6de-4f27e95df43a",
                      "parentUUID": "183afa93-6f4d-4104-b16d-0c81fac3704a",
                      "isHook": false,
                      "skipped": false
                    },
                    {
                      "title": "点击电子病历提交按钮",
                      "fullTitle": "Kelp E2E Testing 系统登录管理 门诊病历 点击电子病历提交按钮",
                      "timedOut": null,
                      "duration": 3658,
                      "state": "passed",
                      "speed": "fast",
                      "pass": true,
                      "fail": false,
                      "pending": false,
                      "context": null,
                      "code": "cy.wait(step.wait ? step.wait : 1500);\nif (step.iframekey) {\n  const iframesStr = step.iframekey;\n  let iframe = null;\n  iframesStr.forEach(iframeStr => {\n    if (!iframe) {\n      iframe = cy.get(iframeStr);\n    } else {\n      iframe = iframe.onIframeLoad(iframeStr).find(iframeStr);\n    }\n  });\n  iframe.onIframeLoad(step.key).then(iframebody => {\n    cy.exeAction(step, iframebody);\n  });\n} else {\n  cy.exeAction(step);\n}\n//最后一步可能录制不下来，等待2秒。\nif (testcase.steps.length == index + 1) {\n  cy.wait(2000);\n}",
                      "err": {},
                      "uuid": "01caf35f-04f0-4f21-8733-2fa27933282c",
                      "parentUUID": "183afa93-6f4d-4104-b16d-0c81fac3704a",
                      "isHook": false,
                      "skipped": false
                    }
                  ],
                  "suites": [],
                  "passes": [
                    "eb509860-8e09-490e-89e9-dc18e35e9140",
                    "57fb7c44-7423-437e-a7d6-79b3ef006e28",
                    "a7aa2174-2dcd-42a4-90ba-57efc86e62bc",
                    "9898ad50-ecf8-4db4-b2db-904addab2a48",
                    "42c0744a-d326-4e6d-be28-099fb9933344",
                    "4284f8cc-2017-4258-a6de-4f27e95df43a",
                    "01caf35f-04f0-4f21-8733-2fa27933282c"
                  ],
                  "failures": [],
                  "pending": [],
                  "skipped": [],
                  "duration": 62107,
                  "root": false,
                  "rootEmpty": false,
                  "_timeout": 2000
                }
              ],
              "passes": [],
              "failures": [],
              "pending": [],
              "skipped": [],
              "duration": 0,
              "root": false,
              "rootEmpty": false,
              "_timeout": 2000
            }
          ],
          "passes": [],
          "failures": [],
          "pending": [],
          "skipped": [],
          "duration": 0,
          "root": false,
          "rootEmpty": false,
          "_timeout": 2000
        }
      ],
      "passes": [],
      "failures": [],
      "pending": [],
      "skipped": [],
      "duration": 0,
      "root": true,
      "rootEmpty": true,
      "_timeout": 2000
    }
  ],
  "meta": {
    "mocha": {
      "version": "7.0.1"
    },
    "mochawesome": {
      "options": {
        "quiet": false,
        "reportFilename": "mochawesome",
        "saveHtml": true,
        "saveJson": true,
        "consoleReporter": "spec",
        "useInlineDiffs": false,
        "code": true
      },
      "version": "7.1.3"
    },
    "marge": {
      "options": {
        "overwrite": true,
        "html": true,
        "json": true,
        "reportDir": "cypress/results/d79feb29-4657-4475-a8e9-589f2145748f"
      },
      "version": "6.2.0"
    }
  }
}