{
  "stats": {
    "suites": 5,
    "tests": 11,
    "passes": 11,
    "pending": 0,
    "failures": 0,
    "start": "2024-01-12T06:00:31.083Z",
    "end": "2024-01-12T06:00:50.523Z",
    "duration": 19440,
    "testsRegistered": 11,
    "passPercent": 100,
    "pendingPercent": 0,
    "other": 0,
    "hasOther": false,
    "skipped": 0,
    "hasSkipped": false
  },
  "results": [
    {
      "uuid": "2572d7bb-7234-4f51-a0a3-55fa8f91b37d",
      "title": "",
      "fullFile": "cypress\\e2e\\testsuite.cy.js",
      "file": "cypress\\e2e\\testsuite.cy.js",
      "beforeHooks": [],
      "afterHooks": [],
      "tests": [],
      "suites": [
        {
          "uuid": "5668bb05-bc1f-46be-8e00-c0ed5ecf4e20",
          "title": "Kelp E2E Testing",
          "fullFile": "",
          "file": "",
          "beforeHooks": [],
          "afterHooks": [],
          "tests": [],
          "suites": [
            {
              "uuid": "12f798b1-39cb-467a-bafd-42fb90eaa205",
              "title": "基本公卫5.6[国家版]",
              "fullFile": "",
              "file": "",
              "beforeHooks": [],
              "afterHooks": [],
              "tests": [],
              "suites": [
                {
                  "uuid": "25c8b07f-32d3-4d72-bcb4-bbb08fe1d005",
                  "title": "登录系统",
                  "fullFile": "",
                  "file": "",
                  "beforeHooks": [],
                  "afterHooks": [],
                  "tests": [
                    {
                      "title": "访问系统",
                      "fullTitle": "Kelp E2E Testing 基本公卫5.6[国家版] 登录系统 访问系统",
                      "timedOut": null,
                      "duration": 3009,
                      "state": "passed",
                      "speed": "fast",
                      "pass": true,
                      "fail": false,
                      "pending": false,
                      "context": null,
                      "code": "if (step.iframekey) {\n  const iframesStr = step.iframekey;\n  let iframe = null;\n  iframesStr.forEach(iframeStr => {\n    if (!iframe) {\n      iframe = cy.get(iframeStr);\n    } else {\n      iframe = iframe.onIframeLoad(iframeStr).find(iframeStr);\n    }\n  });\n  iframe.onIframeLoad(step.key).then(iframebody => {\n    cy.exeAction(step.datas, step, iframebody);\n  });\n} else {\n  cy.exeAction(step.datas, step);\n}",
                      "err": {},
                      "uuid": "95e91fc0-d081-4e48-a338-4bee1a332bd6",
                      "parentUUID": "25c8b07f-32d3-4d72-bcb4-bbb08fe1d005",
                      "isHook": false,
                      "skipped": false
                    },
                    {
                      "title": "填写登录表单",
                      "fullTitle": "Kelp E2E Testing 基本公卫5.6[国家版] 登录系统 填写登录表单",
                      "timedOut": null,
                      "duration": 1387,
                      "state": "passed",
                      "speed": "fast",
                      "pass": true,
                      "fail": false,
                      "pending": false,
                      "context": null,
                      "code": "if (step.iframekey) {\n  const iframesStr = step.iframekey;\n  let iframe = null;\n  iframesStr.forEach(iframeStr => {\n    if (!iframe) {\n      iframe = cy.get(iframeStr);\n    } else {\n      iframe = iframe.onIframeLoad(iframeStr).find(iframeStr);\n    }\n  });\n  iframe.onIframeLoad(step.key).then(iframebody => {\n    cy.exeAction(step.datas, step, iframebody);\n  });\n} else {\n  cy.exeAction(step.datas, step);\n}",
                      "err": {},
                      "uuid": "6d5e7350-a11a-489f-b148-03628b0c7603",
                      "parentUUID": "25c8b07f-32d3-4d72-bcb4-bbb08fe1d005",
                      "isHook": false,
                      "skipped": false
                    },
                    {
                      "title": "点击登录按钮",
                      "fullTitle": "Kelp E2E Testing 基本公卫5.6[国家版] 登录系统 点击登录按钮",
                      "timedOut": null,
                      "duration": 4176,
                      "state": "passed",
                      "speed": "fast",
                      "pass": true,
                      "fail": false,
                      "pending": false,
                      "context": null,
                      "code": "if (step.iframekey) {\n  const iframesStr = step.iframekey;\n  let iframe = null;\n  iframesStr.forEach(iframeStr => {\n    if (!iframe) {\n      iframe = cy.get(iframeStr);\n    } else {\n      iframe = iframe.onIframeLoad(iframeStr).find(iframeStr);\n    }\n  });\n  iframe.onIframeLoad(step.key).then(iframebody => {\n    cy.exeAction(step.datas, step, iframebody);\n  });\n} else {\n  cy.exeAction(step.datas, step);\n}",
                      "err": {},
                      "uuid": "dbe87e28-51e5-4178-be0a-f6095c25e4ae",
                      "parentUUID": "25c8b07f-32d3-4d72-bcb4-bbb08fe1d005",
                      "isHook": false,
                      "skipped": false
                    }
                  ],
                  "suites": [],
                  "passes": [
                    "95e91fc0-d081-4e48-a338-4bee1a332bd6",
                    "6d5e7350-a11a-489f-b148-03628b0c7603",
                    "dbe87e28-51e5-4178-be0a-f6095c25e4ae"
                  ],
                  "failures": [],
                  "pending": [],
                  "skipped": [],
                  "duration": 8572,
                  "root": false,
                  "rootEmpty": false,
                  "_timeout": 2000
                },
                {
                  "uuid": "d3c95fe5-4798-4494-8ddb-e5498d7399e7",
                  "title": "修改个人档案",
                  "fullFile": "",
                  "file": "",
                  "beforeHooks": [],
                  "afterHooks": [],
                  "tests": [
                    {
                      "title": "悬浮健康档案一级菜单",
                      "fullTitle": "Kelp E2E Testing 基本公卫5.6[国家版] 修改个人档案 悬浮健康档案一级菜单",
                      "timedOut": null,
                      "duration": 197,
                      "state": "passed",
                      "speed": "fast",
                      "pass": true,
                      "fail": false,
                      "pending": false,
                      "context": null,
                      "code": "if (step.iframekey) {\n  const iframesStr = step.iframekey;\n  let iframe = null;\n  iframesStr.forEach(iframeStr => {\n    if (!iframe) {\n      iframe = cy.get(iframeStr);\n    } else {\n      iframe = iframe.onIframeLoad(iframeStr).find(iframeStr);\n    }\n  });\n  iframe.onIframeLoad(step.key).then(iframebody => {\n    cy.exeAction(step.datas, step, iframebody);\n  });\n} else {\n  cy.exeAction(step.datas, step);\n}",
                      "err": {},
                      "uuid": "36d07e70-4d92-43e3-b7b2-d99a58329633",
                      "parentUUID": "d3c95fe5-4798-4494-8ddb-e5498d7399e7",
                      "isHook": false,
                      "skipped": false
                    },
                    {
                      "title": "点击居民健康档案管理二级菜单",
                      "fullTitle": "Kelp E2E Testing 基本公卫5.6[国家版] 修改个人档案 点击居民健康档案管理二级菜单",
                      "timedOut": null,
                      "duration": 153,
                      "state": "passed",
                      "speed": "fast",
                      "pass": true,
                      "fail": false,
                      "pending": false,
                      "context": null,
                      "code": "if (step.iframekey) {\n  const iframesStr = step.iframekey;\n  let iframe = null;\n  iframesStr.forEach(iframeStr => {\n    if (!iframe) {\n      iframe = cy.get(iframeStr);\n    } else {\n      iframe = iframe.onIframeLoad(iframeStr).find(iframeStr);\n    }\n  });\n  iframe.onIframeLoad(step.key).then(iframebody => {\n    cy.exeAction(step.datas, step, iframebody);\n  });\n} else {\n  cy.exeAction(step.datas, step);\n}",
                      "err": {},
                      "uuid": "f79ca5be-c2ae-4160-8171-3d929a5cf393",
                      "parentUUID": "d3c95fe5-4798-4494-8ddb-e5498d7399e7",
                      "isHook": false,
                      "skipped": false
                    },
                    {
                      "title": "填写个人基本信息列表查询条件",
                      "fullTitle": "Kelp E2E Testing 基本公卫5.6[国家版] 修改个人档案 填写个人基本信息列表查询条件",
                      "timedOut": null,
                      "duration": 4476,
                      "state": "passed",
                      "speed": "fast",
                      "pass": true,
                      "fail": false,
                      "pending": false,
                      "context": null,
                      "code": "if (step.iframekey) {\n  const iframesStr = step.iframekey;\n  let iframe = null;\n  iframesStr.forEach(iframeStr => {\n    if (!iframe) {\n      iframe = cy.get(iframeStr);\n    } else {\n      iframe = iframe.onIframeLoad(iframeStr).find(iframeStr);\n    }\n  });\n  iframe.onIframeLoad(step.key).then(iframebody => {\n    cy.exeAction(step.datas, step, iframebody);\n  });\n} else {\n  cy.exeAction(step.datas, step);\n}",
                      "err": {},
                      "uuid": "39e72ce4-9d7d-4576-b8e8-c3e9d3278bda",
                      "parentUUID": "d3c95fe5-4798-4494-8ddb-e5498d7399e7",
                      "isHook": false,
                      "skipped": false
                    },
                    {
                      "title": "点击个人基本信息列表查询按钮",
                      "fullTitle": "Kelp E2E Testing 基本公卫5.6[国家版] 修改个人档案 点击个人基本信息列表查询按钮",
                      "timedOut": null,
                      "duration": 217,
                      "state": "passed",
                      "speed": "fast",
                      "pass": true,
                      "fail": false,
                      "pending": false,
                      "context": null,
                      "code": "if (step.iframekey) {\n  const iframesStr = step.iframekey;\n  let iframe = null;\n  iframesStr.forEach(iframeStr => {\n    if (!iframe) {\n      iframe = cy.get(iframeStr);\n    } else {\n      iframe = iframe.onIframeLoad(iframeStr).find(iframeStr);\n    }\n  });\n  iframe.onIframeLoad(step.key).then(iframebody => {\n    cy.exeAction(step.datas, step, iframebody);\n  });\n} else {\n  cy.exeAction(step.datas, step);\n}",
                      "err": {},
                      "uuid": "f4452796-8ce9-423e-8f0a-9bcd51d33912",
                      "parentUUID": "d3c95fe5-4798-4494-8ddb-e5498d7399e7",
                      "isHook": false,
                      "skipped": false
                    }
                  ],
                  "suites": [],
                  "passes": [
                    "36d07e70-4d92-43e3-b7b2-d99a58329633",
                    "f79ca5be-c2ae-4160-8171-3d929a5cf393",
                    "39e72ce4-9d7d-4576-b8e8-c3e9d3278bda",
                    "f4452796-8ce9-423e-8f0a-9bcd51d33912"
                  ],
                  "failures": [],
                  "pending": [],
                  "skipped": [],
                  "duration": 5043,
                  "root": false,
                  "rootEmpty": false,
                  "_timeout": 2000
                },
                {
                  "uuid": "e312fa2e-05db-42aa-9c41-a3ecdbbb323c",
                  "title": "新增个人档案",
                  "fullFile": "",
                  "file": "",
                  "beforeHooks": [],
                  "afterHooks": [],
                  "tests": [
                    {
                      "title": "悬浮健康档案一级菜单",
                      "fullTitle": "Kelp E2E Testing 基本公卫5.6[国家版] 新增个人档案 悬浮健康档案一级菜单",
                      "timedOut": null,
                      "duration": 164,
                      "state": "passed",
                      "speed": "fast",
                      "pass": true,
                      "fail": false,
                      "pending": false,
                      "context": null,
                      "code": "if (step.iframekey) {\n  const iframesStr = step.iframekey;\n  let iframe = null;\n  iframesStr.forEach(iframeStr => {\n    if (!iframe) {\n      iframe = cy.get(iframeStr);\n    } else {\n      iframe = iframe.onIframeLoad(iframeStr).find(iframeStr);\n    }\n  });\n  iframe.onIframeLoad(step.key).then(iframebody => {\n    cy.exeAction(step.datas, step, iframebody);\n  });\n} else {\n  cy.exeAction(step.datas, step);\n}",
                      "err": {},
                      "uuid": "9cba7210-f78e-4c74-b569-85dc97eb7d09",
                      "parentUUID": "e312fa2e-05db-42aa-9c41-a3ecdbbb323c",
                      "isHook": false,
                      "skipped": false
                    },
                    {
                      "title": "点击居民健康档案管理二级菜单",
                      "fullTitle": "Kelp E2E Testing 基本公卫5.6[国家版] 新增个人档案 点击居民健康档案管理二级菜单",
                      "timedOut": null,
                      "duration": 112,
                      "state": "passed",
                      "speed": "fast",
                      "pass": true,
                      "fail": false,
                      "pending": false,
                      "context": null,
                      "code": "if (step.iframekey) {\n  const iframesStr = step.iframekey;\n  let iframe = null;\n  iframesStr.forEach(iframeStr => {\n    if (!iframe) {\n      iframe = cy.get(iframeStr);\n    } else {\n      iframe = iframe.onIframeLoad(iframeStr).find(iframeStr);\n    }\n  });\n  iframe.onIframeLoad(step.key).then(iframebody => {\n    cy.exeAction(step.datas, step, iframebody);\n  });\n} else {\n  cy.exeAction(step.datas, step);\n}",
                      "err": {},
                      "uuid": "b2a74b09-234c-435d-8a9a-24706c8766b3",
                      "parentUUID": "e312fa2e-05db-42aa-9c41-a3ecdbbb323c",
                      "isHook": false,
                      "skipped": false
                    },
                    {
                      "title": "点击个人档案新增按钮",
                      "fullTitle": "Kelp E2E Testing 基本公卫5.6[国家版] 新增个人档案 点击个人档案新增按钮",
                      "timedOut": null,
                      "duration": 477,
                      "state": "passed",
                      "speed": "fast",
                      "pass": true,
                      "fail": false,
                      "pending": false,
                      "context": null,
                      "code": "if (step.iframekey) {\n  const iframesStr = step.iframekey;\n  let iframe = null;\n  iframesStr.forEach(iframeStr => {\n    if (!iframe) {\n      iframe = cy.get(iframeStr);\n    } else {\n      iframe = iframe.onIframeLoad(iframeStr).find(iframeStr);\n    }\n  });\n  iframe.onIframeLoad(step.key).then(iframebody => {\n    cy.exeAction(step.datas, step, iframebody);\n  });\n} else {\n  cy.exeAction(step.datas, step);\n}",
                      "err": {},
                      "uuid": "5943a744-3f77-4651-ae2a-cfb06ac8d163",
                      "parentUUID": "e312fa2e-05db-42aa-9c41-a3ecdbbb323c",
                      "isHook": false,
                      "skipped": false
                    },
                    {
                      "title": "点击选择家庭档案对话框取消按钮",
                      "fullTitle": "Kelp E2E Testing 基本公卫5.6[国家版] 新增个人档案 点击选择家庭档案对话框取消按钮",
                      "timedOut": null,
                      "duration": 191,
                      "state": "passed",
                      "speed": "fast",
                      "pass": true,
                      "fail": false,
                      "pending": false,
                      "context": null,
                      "code": "if (step.iframekey) {\n  const iframesStr = step.iframekey;\n  let iframe = null;\n  iframesStr.forEach(iframeStr => {\n    if (!iframe) {\n      iframe = cy.get(iframeStr);\n    } else {\n      iframe = iframe.onIframeLoad(iframeStr).find(iframeStr);\n    }\n  });\n  iframe.onIframeLoad(step.key).then(iframebody => {\n    cy.exeAction(step.datas, step, iframebody);\n  });\n} else {\n  cy.exeAction(step.datas, step);\n}",
                      "err": {},
                      "uuid": "1648a1c9-be4e-49bb-90cc-8555ef51a70a",
                      "parentUUID": "e312fa2e-05db-42aa-9c41-a3ecdbbb323c",
                      "isHook": false,
                      "skipped": false
                    }
                  ],
                  "suites": [],
                  "passes": [
                    "9cba7210-f78e-4c74-b569-85dc97eb7d09",
                    "b2a74b09-234c-435d-8a9a-24706c8766b3",
                    "5943a744-3f77-4651-ae2a-cfb06ac8d163",
                    "1648a1c9-be4e-49bb-90cc-8555ef51a70a"
                  ],
                  "failures": [],
                  "pending": [],
                  "skipped": [],
                  "duration": 944,
                  "root": false,
                  "rootEmpty": false,
                  "_timeout": 2000
                }
              ],
              "passes": [],
              "failures": [],
              "pending": [],
              "skipped": [],
              "duration": 0,
              "root": false,
              "rootEmpty": false,
              "_timeout": 2000
            }
          ],
          "passes": [],
          "failures": [],
          "pending": [],
          "skipped": [],
          "duration": 0,
          "root": false,
          "rootEmpty": false,
          "_timeout": 2000
        }
      ],
      "passes": [],
      "failures": [],
      "pending": [],
      "skipped": [],
      "duration": 0,
      "root": true,
      "rootEmpty": true,
      "_timeout": 2000
    }
  ],
  "meta": {
    "mocha": {
      "version": "7.0.1"
    },
    "mochawesome": {
      "options": {
        "quiet": false,
        "reportFilename": "mochawesome",
        "saveHtml": true,
        "saveJson": true,
        "consoleReporter": "spec",
        "useInlineDiffs": false,
        "code": true
      },
      "version": "7.1.3"
    },
    "marge": {
      "options": {
        "reportDir": "src/assets/cypress/results/e7fafdd8-044b-4b0c-8886-bb4dc0c62dcd",
        "overwrite": true,
        "html": true,
        "json": true
      },
      "version": "6.2.0"
    }
  }
}