{
  "stats": {
    "suites": 5,
    "tests": 16,
    "passes": 16,
    "pending": 0,
    "failures": 0,
    "start": "2024-03-18T05:38:54.077Z",
    "end": "2024-03-18T05:41:13.641Z",
    "duration": 139564,
    "testsRegistered": 16,
    "passPercent": 100,
    "pendingPercent": 0,
    "other": 0,
    "hasOther": false,
    "skipped": 0,
    "hasSkipped": false
  },
  "results": [
    {
      "uuid": "1147158e-4d4c-4001-a1bf-e67bd0a0a408",
      "title": "",
      "fullFile": "cypress\\e2e\\testsuite.cy.js",
      "file": "cypress\\e2e\\testsuite.cy.js",
      "beforeHooks": [],
      "afterHooks": [],
      "tests": [],
      "suites": [
        {
          "uuid": "23ab5752-3dd2-44e6-b6a4-fec9e6ecb544",
          "title": "Kelp E2E Testing",
          "fullFile": "",
          "file": "",
          "beforeHooks": [],
          "afterHooks": [],
          "tests": [],
          "suites": [
            {
              "uuid": "fb4aed4c-5cd3-41ef-aadb-b764462b1003",
              "title": "基础版",
              "fullFile": "",
              "file": "",
              "beforeHooks": [],
              "afterHooks": [],
              "tests": [],
              "suites": [
                {
                  "uuid": "920c686d-14ab-473e-b91e-c1f92f494bd8",
                  "title": "登录系统",
                  "fullFile": "",
                  "file": "",
                  "beforeHooks": [],
                  "afterHooks": [],
                  "tests": [
                    {
                      "title": "访问基本诊疗5.6系统",
                      "fullTitle": "Kelp E2E Testing 基础版 登录系统 访问基本诊疗5.6系统",
                      "timedOut": null,
                      "duration": 7302,
                      "state": "passed",
                      "speed": "medium",
                      "pass": true,
                      "fail": false,
                      "pending": false,
                      "context": null,
                      "code": "cy.wait(1500);\nif (step.iframekey) {\n  const iframesStr = step.iframekey;\n  let iframe = null;\n  iframesStr.forEach(iframeStr => {\n    if (!iframe) {\n      iframe = cy.get(iframeStr);\n    } else {\n      iframe = iframe.onIframeLoad(iframeStr).find(iframeStr);\n    }\n  });\n  iframe.onIframeLoad(step.key).then(iframebody => {\n    cy.exeAction(step, iframebody);\n  });\n} else {\n  cy.exeAction(step);\n}\n//最后一步可能录制不下来，等待2秒。\nif (testcase.steps.length == index + 1) {\n  cy.wait(2000);\n}",
                      "err": {},
                      "uuid": "c7d4309e-e828-42b8-a426-8a33fe3ed954",
                      "parentUUID": "920c686d-14ab-473e-b91e-c1f92f494bd8",
                      "isHook": false,
                      "skipped": false
                    },
                    {
                      "title": "填写登录表单",
                      "fullTitle": "Kelp E2E Testing 基础版 登录系统 填写登录表单",
                      "timedOut": null,
                      "duration": 3191,
                      "state": "passed",
                      "speed": "fast",
                      "pass": true,
                      "fail": false,
                      "pending": false,
                      "context": null,
                      "code": "cy.wait(1500);\nif (step.iframekey) {\n  const iframesStr = step.iframekey;\n  let iframe = null;\n  iframesStr.forEach(iframeStr => {\n    if (!iframe) {\n      iframe = cy.get(iframeStr);\n    } else {\n      iframe = iframe.onIframeLoad(iframeStr).find(iframeStr);\n    }\n  });\n  iframe.onIframeLoad(step.key).then(iframebody => {\n    cy.exeAction(step, iframebody);\n  });\n} else {\n  cy.exeAction(step);\n}\n//最后一步可能录制不下来，等待2秒。\nif (testcase.steps.length == index + 1) {\n  cy.wait(2000);\n}",
                      "err": {},
                      "uuid": "195716a9-2c75-4689-b851-e1aef7efb185",
                      "parentUUID": "920c686d-14ab-473e-b91e-c1f92f494bd8",
                      "isHook": false,
                      "skipped": false
                    },
                    {
                      "title": "点击登录按钮",
                      "fullTitle": "Kelp E2E Testing 基础版 登录系统 点击登录按钮",
                      "timedOut": null,
                      "duration": 8889,
                      "state": "passed",
                      "speed": "medium",
                      "pass": true,
                      "fail": false,
                      "pending": false,
                      "context": null,
                      "code": "cy.wait(1500);\nif (step.iframekey) {\n  const iframesStr = step.iframekey;\n  let iframe = null;\n  iframesStr.forEach(iframeStr => {\n    if (!iframe) {\n      iframe = cy.get(iframeStr);\n    } else {\n      iframe = iframe.onIframeLoad(iframeStr).find(iframeStr);\n    }\n  });\n  iframe.onIframeLoad(step.key).then(iframebody => {\n    cy.exeAction(step, iframebody);\n  });\n} else {\n  cy.exeAction(step);\n}\n//最后一步可能录制不下来，等待2秒。\nif (testcase.steps.length == index + 1) {\n  cy.wait(2000);\n}",
                      "err": {},
                      "uuid": "32148376-d10e-4cea-866b-b2f8eb7fd2f2",
                      "parentUUID": "920c686d-14ab-473e-b91e-c1f92f494bd8",
                      "isHook": false,
                      "skipped": false
                    }
                  ],
                  "suites": [],
                  "passes": [
                    "c7d4309e-e828-42b8-a426-8a33fe3ed954",
                    "195716a9-2c75-4689-b851-e1aef7efb185",
                    "32148376-d10e-4cea-866b-b2f8eb7fd2f2"
                  ],
                  "failures": [],
                  "pending": [],
                  "skipped": [],
                  "duration": 19382,
                  "root": false,
                  "rootEmpty": false,
                  "_timeout": 2000
                },
                {
                  "uuid": "6307e001-436a-4b68-951a-972fd444bca7",
                  "title": "患者挂号",
                  "fullFile": "",
                  "file": "",
                  "beforeHooks": [],
                  "afterHooks": [],
                  "tests": [
                    {
                      "title": "点击更多菜单按钮",
                      "fullTitle": "Kelp E2E Testing 基础版 患者挂号 点击更多菜单按钮",
                      "timedOut": null,
                      "duration": 5052,
                      "state": "passed",
                      "speed": "medium",
                      "pass": true,
                      "fail": false,
                      "pending": false,
                      "context": null,
                      "code": "cy.wait(1500);\nif (step.iframekey) {\n  const iframesStr = step.iframekey;\n  let iframe = null;\n  iframesStr.forEach(iframeStr => {\n    if (!iframe) {\n      iframe = cy.get(iframeStr);\n    } else {\n      iframe = iframe.onIframeLoad(iframeStr).find(iframeStr);\n    }\n  });\n  iframe.onIframeLoad(step.key).then(iframebody => {\n    cy.exeAction(step, iframebody);\n  });\n} else {\n  cy.exeAction(step);\n}\n//最后一步可能录制不下来，等待2秒。\nif (testcase.steps.length == index + 1) {\n  cy.wait(2000);\n}",
                      "err": {},
                      "uuid": "ba698821-cd71-4426-aee9-ab6407c40baf",
                      "parentUUID": "6307e001-436a-4b68-951a-972fd444bca7",
                      "isHook": false,
                      "skipped": false
                    },
                    {
                      "title": "点击门诊管理菜单",
                      "fullTitle": "Kelp E2E Testing 基础版 患者挂号 点击门诊管理菜单",
                      "timedOut": null,
                      "duration": 3699,
                      "state": "passed",
                      "speed": "fast",
                      "pass": true,
                      "fail": false,
                      "pending": false,
                      "context": null,
                      "code": "cy.wait(1500);\nif (step.iframekey) {\n  const iframesStr = step.iframekey;\n  let iframe = null;\n  iframesStr.forEach(iframeStr => {\n    if (!iframe) {\n      iframe = cy.get(iframeStr);\n    } else {\n      iframe = iframe.onIframeLoad(iframeStr).find(iframeStr);\n    }\n  });\n  iframe.onIframeLoad(step.key).then(iframebody => {\n    cy.exeAction(step, iframebody);\n  });\n} else {\n  cy.exeAction(step);\n}\n//最后一步可能录制不下来，等待2秒。\nif (testcase.steps.length == index + 1) {\n  cy.wait(2000);\n}",
                      "err": {},
                      "uuid": "cb68303f-dea3-4623-bb3f-ec8e20b32750",
                      "parentUUID": "6307e001-436a-4b68-951a-972fd444bca7",
                      "isHook": false,
                      "skipped": false
                    },
                    {
                      "title": "点击门诊挂号菜单",
                      "fullTitle": "Kelp E2E Testing 基础版 患者挂号 点击门诊挂号菜单",
                      "timedOut": null,
                      "duration": 4653,
                      "state": "passed",
                      "speed": "fast",
                      "pass": true,
                      "fail": false,
                      "pending": false,
                      "context": null,
                      "code": "cy.wait(1500);\nif (step.iframekey) {\n  const iframesStr = step.iframekey;\n  let iframe = null;\n  iframesStr.forEach(iframeStr => {\n    if (!iframe) {\n      iframe = cy.get(iframeStr);\n    } else {\n      iframe = iframe.onIframeLoad(iframeStr).find(iframeStr);\n    }\n  });\n  iframe.onIframeLoad(step.key).then(iframebody => {\n    cy.exeAction(step, iframebody);\n  });\n} else {\n  cy.exeAction(step);\n}\n//最后一步可能录制不下来，等待2秒。\nif (testcase.steps.length == index + 1) {\n  cy.wait(2000);\n}",
                      "err": {},
                      "uuid": "d215b08a-eeec-4c4d-9e1a-baa7e3a143bf",
                      "parentUUID": "6307e001-436a-4b68-951a-972fd444bca7",
                      "isHook": false,
                      "skipped": false
                    },
                    {
                      "title": "填写门诊挂号读卡条件",
                      "fullTitle": "Kelp E2E Testing 基础版 患者挂号 填写门诊挂号读卡条件",
                      "timedOut": null,
                      "duration": 42288,
                      "state": "passed",
                      "speed": "slow",
                      "pass": true,
                      "fail": false,
                      "pending": false,
                      "context": null,
                      "code": "cy.wait(1500);\nif (step.iframekey) {\n  const iframesStr = step.iframekey;\n  let iframe = null;\n  iframesStr.forEach(iframeStr => {\n    if (!iframe) {\n      iframe = cy.get(iframeStr);\n    } else {\n      iframe = iframe.onIframeLoad(iframeStr).find(iframeStr);\n    }\n  });\n  iframe.onIframeLoad(step.key).then(iframebody => {\n    cy.exeAction(step, iframebody);\n  });\n} else {\n  cy.exeAction(step);\n}\n//最后一步可能录制不下来，等待2秒。\nif (testcase.steps.length == index + 1) {\n  cy.wait(2000);\n}",
                      "err": {},
                      "uuid": "a6dcc181-e6a8-4a79-95d8-e4ce74c4e0f7",
                      "parentUUID": "6307e001-436a-4b68-951a-972fd444bca7",
                      "isHook": false,
                      "skipped": false
                    },
                    {
                      "title": "点击读卡按钮",
                      "fullTitle": "Kelp E2E Testing 基础版 患者挂号 点击读卡按钮",
                      "timedOut": null,
                      "duration": 7311,
                      "state": "passed",
                      "speed": "medium",
                      "pass": true,
                      "fail": false,
                      "pending": false,
                      "context": null,
                      "code": "cy.wait(1500);\nif (step.iframekey) {\n  const iframesStr = step.iframekey;\n  let iframe = null;\n  iframesStr.forEach(iframeStr => {\n    if (!iframe) {\n      iframe = cy.get(iframeStr);\n    } else {\n      iframe = iframe.onIframeLoad(iframeStr).find(iframeStr);\n    }\n  });\n  iframe.onIframeLoad(step.key).then(iframebody => {\n    cy.exeAction(step, iframebody);\n  });\n} else {\n  cy.exeAction(step);\n}\n//最后一步可能录制不下来，等待2秒。\nif (testcase.steps.length == index + 1) {\n  cy.wait(2000);\n}",
                      "err": {},
                      "uuid": "f81f8453-e663-4adb-8d18-0847adaf7a00",
                      "parentUUID": "6307e001-436a-4b68-951a-972fd444bca7",
                      "isHook": false,
                      "skipped": false
                    },
                    {
                      "title": "点击患者列表挂号按钮",
                      "fullTitle": "Kelp E2E Testing 基础版 患者挂号 点击患者列表挂号按钮",
                      "timedOut": null,
                      "duration": 8225,
                      "state": "passed",
                      "speed": "medium",
                      "pass": true,
                      "fail": false,
                      "pending": false,
                      "context": null,
                      "code": "cy.wait(1500);\nif (step.iframekey) {\n  const iframesStr = step.iframekey;\n  let iframe = null;\n  iframesStr.forEach(iframeStr => {\n    if (!iframe) {\n      iframe = cy.get(iframeStr);\n    } else {\n      iframe = iframe.onIframeLoad(iframeStr).find(iframeStr);\n    }\n  });\n  iframe.onIframeLoad(step.key).then(iframebody => {\n    cy.exeAction(step, iframebody);\n  });\n} else {\n  cy.exeAction(step);\n}\n//最后一步可能录制不下来，等待2秒。\nif (testcase.steps.length == index + 1) {\n  cy.wait(2000);\n}",
                      "err": {},
                      "uuid": "0ee9cfc8-5330-439f-8256-90e42125098c",
                      "parentUUID": "6307e001-436a-4b68-951a-972fd444bca7",
                      "isHook": false,
                      "skipped": false
                    },
                    {
                      "title": "填写挂号表单",
                      "fullTitle": "Kelp E2E Testing 基础版 患者挂号 填写挂号表单",
                      "timedOut": null,
                      "duration": 8493,
                      "state": "passed",
                      "speed": "medium",
                      "pass": true,
                      "fail": false,
                      "pending": false,
                      "context": null,
                      "code": "cy.wait(1500);\nif (step.iframekey) {\n  const iframesStr = step.iframekey;\n  let iframe = null;\n  iframesStr.forEach(iframeStr => {\n    if (!iframe) {\n      iframe = cy.get(iframeStr);\n    } else {\n      iframe = iframe.onIframeLoad(iframeStr).find(iframeStr);\n    }\n  });\n  iframe.onIframeLoad(step.key).then(iframebody => {\n    cy.exeAction(step, iframebody);\n  });\n} else {\n  cy.exeAction(step);\n}\n//最后一步可能录制不下来，等待2秒。\nif (testcase.steps.length == index + 1) {\n  cy.wait(2000);\n}",
                      "err": {},
                      "uuid": "eafe03d2-a610-45d6-857b-2c8dfaa3c589",
                      "parentUUID": "6307e001-436a-4b68-951a-972fd444bca7",
                      "isHook": false,
                      "skipped": false
                    },
                    {
                      "title": "点击挂号按钮",
                      "fullTitle": "Kelp E2E Testing 基础版 患者挂号 点击挂号按钮",
                      "timedOut": null,
                      "duration": 2553,
                      "state": "passed",
                      "speed": "fast",
                      "pass": true,
                      "fail": false,
                      "pending": false,
                      "context": null,
                      "code": "cy.wait(1500);\nif (step.iframekey) {\n  const iframesStr = step.iframekey;\n  let iframe = null;\n  iframesStr.forEach(iframeStr => {\n    if (!iframe) {\n      iframe = cy.get(iframeStr);\n    } else {\n      iframe = iframe.onIframeLoad(iframeStr).find(iframeStr);\n    }\n  });\n  iframe.onIframeLoad(step.key).then(iframebody => {\n    cy.exeAction(step, iframebody);\n  });\n} else {\n  cy.exeAction(step);\n}\n//最后一步可能录制不下来，等待2秒。\nif (testcase.steps.length == index + 1) {\n  cy.wait(2000);\n}",
                      "err": {},
                      "uuid": "6ed067b6-fa7a-4c38-93e8-167a4f7f2a0d",
                      "parentUUID": "6307e001-436a-4b68-951a-972fd444bca7",
                      "isHook": false,
                      "skipped": false
                    },
                    {
                      "title": "点击收银确认按钮",
                      "fullTitle": "Kelp E2E Testing 基础版 患者挂号 点击收银确认按钮",
                      "timedOut": null,
                      "duration": 3639,
                      "state": "passed",
                      "speed": "fast",
                      "pass": true,
                      "fail": false,
                      "pending": false,
                      "context": null,
                      "code": "cy.wait(1500);\nif (step.iframekey) {\n  const iframesStr = step.iframekey;\n  let iframe = null;\n  iframesStr.forEach(iframeStr => {\n    if (!iframe) {\n      iframe = cy.get(iframeStr);\n    } else {\n      iframe = iframe.onIframeLoad(iframeStr).find(iframeStr);\n    }\n  });\n  iframe.onIframeLoad(step.key).then(iframebody => {\n    cy.exeAction(step, iframebody);\n  });\n} else {\n  cy.exeAction(step);\n}\n//最后一步可能录制不下来，等待2秒。\nif (testcase.steps.length == index + 1) {\n  cy.wait(2000);\n}",
                      "err": {},
                      "uuid": "07c0050a-8b32-467c-8a65-9caee25495a0",
                      "parentUUID": "6307e001-436a-4b68-951a-972fd444bca7",
                      "isHook": false,
                      "skipped": false
                    }
                  ],
                  "suites": [],
                  "passes": [
                    "ba698821-cd71-4426-aee9-ab6407c40baf",
                    "cb68303f-dea3-4623-bb3f-ec8e20b32750",
                    "d215b08a-eeec-4c4d-9e1a-baa7e3a143bf",
                    "a6dcc181-e6a8-4a79-95d8-e4ce74c4e0f7",
                    "f81f8453-e663-4adb-8d18-0847adaf7a00",
                    "0ee9cfc8-5330-439f-8256-90e42125098c",
                    "eafe03d2-a610-45d6-857b-2c8dfaa3c589",
                    "6ed067b6-fa7a-4c38-93e8-167a4f7f2a0d",
                    "07c0050a-8b32-467c-8a65-9caee25495a0"
                  ],
                  "failures": [],
                  "pending": [],
                  "skipped": [],
                  "duration": 85913,
                  "root": false,
                  "rootEmpty": false,
                  "_timeout": 2000
                },
                {
                  "uuid": "08373650-a03f-40e9-a565-aab1840c0f65",
                  "title": "门诊病历",
                  "fullFile": "",
                  "file": "",
                  "beforeHooks": [],
                  "afterHooks": [],
                  "tests": [
                    {
                      "title": "点击更多菜单按钮",
                      "fullTitle": "Kelp E2E Testing 基础版 门诊病历 点击更多菜单按钮",
                      "timedOut": null,
                      "duration": 2281,
                      "state": "passed",
                      "speed": "fast",
                      "pass": true,
                      "fail": false,
                      "pending": false,
                      "context": null,
                      "code": "cy.wait(1500);\nif (step.iframekey) {\n  const iframesStr = step.iframekey;\n  let iframe = null;\n  iframesStr.forEach(iframeStr => {\n    if (!iframe) {\n      iframe = cy.get(iframeStr);\n    } else {\n      iframe = iframe.onIframeLoad(iframeStr).find(iframeStr);\n    }\n  });\n  iframe.onIframeLoad(step.key).then(iframebody => {\n    cy.exeAction(step, iframebody);\n  });\n} else {\n  cy.exeAction(step);\n}\n//最后一步可能录制不下来，等待2秒。\nif (testcase.steps.length == index + 1) {\n  cy.wait(2000);\n}",
                      "err": {},
                      "uuid": "bed2a383-4f31-4cb9-a7a4-ff57dddcb704",
                      "parentUUID": "08373650-a03f-40e9-a565-aab1840c0f65",
                      "isHook": false,
                      "skipped": false
                    },
                    {
                      "title": "点击临床诊疗菜单",
                      "fullTitle": "Kelp E2E Testing 基础版 门诊病历 点击临床诊疗菜单",
                      "timedOut": null,
                      "duration": 1971,
                      "state": "passed",
                      "speed": "fast",
                      "pass": true,
                      "fail": false,
                      "pending": false,
                      "context": null,
                      "code": "cy.wait(1500);\nif (step.iframekey) {\n  const iframesStr = step.iframekey;\n  let iframe = null;\n  iframesStr.forEach(iframeStr => {\n    if (!iframe) {\n      iframe = cy.get(iframeStr);\n    } else {\n      iframe = iframe.onIframeLoad(iframeStr).find(iframeStr);\n    }\n  });\n  iframe.onIframeLoad(step.key).then(iframebody => {\n    cy.exeAction(step, iframebody);\n  });\n} else {\n  cy.exeAction(step);\n}\n//最后一步可能录制不下来，等待2秒。\nif (testcase.steps.length == index + 1) {\n  cy.wait(2000);\n}",
                      "err": {},
                      "uuid": "1b2e1ff3-e629-47e9-9bd8-466b7f3f3c50",
                      "parentUUID": "08373650-a03f-40e9-a565-aab1840c0f65",
                      "isHook": false,
                      "skipped": false
                    },
                    {
                      "title": "点击门诊医生站菜单",
                      "fullTitle": "Kelp E2E Testing 基础版 门诊病历 点击门诊医生站菜单",
                      "timedOut": null,
                      "duration": 1857,
                      "state": "passed",
                      "speed": "fast",
                      "pass": true,
                      "fail": false,
                      "pending": false,
                      "context": null,
                      "code": "cy.wait(1500);\nif (step.iframekey) {\n  const iframesStr = step.iframekey;\n  let iframe = null;\n  iframesStr.forEach(iframeStr => {\n    if (!iframe) {\n      iframe = cy.get(iframeStr);\n    } else {\n      iframe = iframe.onIframeLoad(iframeStr).find(iframeStr);\n    }\n  });\n  iframe.onIframeLoad(step.key).then(iframebody => {\n    cy.exeAction(step, iframebody);\n  });\n} else {\n  cy.exeAction(step);\n}\n//最后一步可能录制不下来，等待2秒。\nif (testcase.steps.length == index + 1) {\n  cy.wait(2000);\n}",
                      "err": {},
                      "uuid": "78dc1995-8d81-4dfd-8665-aed00fcbb52e",
                      "parentUUID": "08373650-a03f-40e9-a565-aab1840c0f65",
                      "isHook": false,
                      "skipped": false
                    },
                    {
                      "title": "选择待就诊卡片",
                      "fullTitle": "Kelp E2E Testing 基础版 门诊病历 选择待就诊卡片",
                      "timedOut": null,
                      "duration": 11043,
                      "state": "passed",
                      "speed": "slow",
                      "pass": true,
                      "fail": false,
                      "pending": false,
                      "context": null,
                      "code": "cy.wait(1500);\nif (step.iframekey) {\n  const iframesStr = step.iframekey;\n  let iframe = null;\n  iframesStr.forEach(iframeStr => {\n    if (!iframe) {\n      iframe = cy.get(iframeStr);\n    } else {\n      iframe = iframe.onIframeLoad(iframeStr).find(iframeStr);\n    }\n  });\n  iframe.onIframeLoad(step.key).then(iframebody => {\n    cy.exeAction(step, iframebody);\n  });\n} else {\n  cy.exeAction(step);\n}\n//最后一步可能录制不下来，等待2秒。\nif (testcase.steps.length == index + 1) {\n  cy.wait(2000);\n}",
                      "err": {},
                      "uuid": "d813af1c-5109-4658-bba4-dfc193ff3374",
                      "parentUUID": "08373650-a03f-40e9-a565-aab1840c0f65",
                      "isHook": false,
                      "skipped": false
                    }
                  ],
                  "suites": [],
                  "passes": [
                    "bed2a383-4f31-4cb9-a7a4-ff57dddcb704",
                    "1b2e1ff3-e629-47e9-9bd8-466b7f3f3c50",
                    "78dc1995-8d81-4dfd-8665-aed00fcbb52e",
                    "d813af1c-5109-4658-bba4-dfc193ff3374"
                  ],
                  "failures": [],
                  "pending": [],
                  "skipped": [],
                  "duration": 17152,
                  "root": false,
                  "rootEmpty": false,
                  "_timeout": 2000
                }
              ],
              "passes": [],
              "failures": [],
              "pending": [],
              "skipped": [],
              "duration": 0,
              "root": false,
              "rootEmpty": false,
              "_timeout": 2000
            }
          ],
          "passes": [],
          "failures": [],
          "pending": [],
          "skipped": [],
          "duration": 0,
          "root": false,
          "rootEmpty": false,
          "_timeout": 2000
        }
      ],
      "passes": [],
      "failures": [],
      "pending": [],
      "skipped": [],
      "duration": 0,
      "root": true,
      "rootEmpty": true,
      "_timeout": 2000
    }
  ],
  "meta": {
    "mocha": {
      "version": "7.0.1"
    },
    "mochawesome": {
      "options": {
        "quiet": false,
        "reportFilename": "mochawesome",
        "saveHtml": true,
        "saveJson": true,
        "consoleReporter": "spec",
        "useInlineDiffs": false,
        "code": true
      },
      "version": "7.1.3"
    },
    "marge": {
      "options": {
        "overwrite": true,
        "html": true,
        "json": true,
        "reportDir": "cypress/results/a748af97-f956-478a-a45d-13171336943b"
      },
      "version": "6.2.0"
    }
  }
}