{
  "stats": {
    "suites": 3,
    "tests": 6,
    "passes": 0,
    "pending": 0,
    "failures": 6,
    "start": "2024-02-20T03:27:26.837Z",
    "end": "2024-02-20T03:27:58.597Z",
    "duration": 31760,
    "testsRegistered": 6,
    "passPercent": 0,
    "pendingPercent": 0,
    "other": 0,
    "hasOther": false,
    "skipped": 0,
    "hasSkipped": false
  },
  "results": [
    {
      "uuid": "451c45c2-5777-4889-92df-e43c0587bd43",
      "title": "",
      "fullFile": "cypress\\e2e\\testsuite.cy.js",
      "file": "cypress\\e2e\\testsuite.cy.js",
      "beforeHooks": [],
      "afterHooks": [],
      "tests": [],
      "suites": [
        {
          "uuid": "782cf097-4860-4000-8572-9b9d8dd7c92a",
          "title": "Kelp E2E Testing",
          "fullFile": "",
          "file": "",
          "beforeHooks": [],
          "afterHooks": [],
          "tests": [],
          "suites": [
            {
              "uuid": "f31b4395-90d8-481d-8dca-3300621220cf",
              "title": "基本公卫5.6[国家版]",
              "fullFile": "",
              "file": "",
              "beforeHooks": [],
              "afterHooks": [],
              "tests": [],
              "suites": [
                {
                  "uuid": "b9cec069-28fc-4a00-b1d2-e8622b29d802",
                  "title": "修改个人档案",
                  "fullFile": "",
                  "file": "",
                  "beforeHooks": [],
                  "afterHooks": [],
                  "tests": [
                    {
                      "title": "悬浮健康档案一级菜单",
                      "fullTitle": "Kelp E2E Testing 基本公卫5.6[国家版] 修改个人档案 悬浮健康档案一级菜单",
                      "timedOut": null,
                      "duration": 5333,
                      "state": "failed",
                      "speed": null,
                      "pass": false,
                      "fail": true,
                      "pending": false,
                      "context": null,
                      "code": "cy.wait(1000);\nif (step.iframekey) {\n  const iframesStr = step.iframekey;\n  let iframe = null;\n  iframesStr.forEach(iframeStr => {\n    if (!iframe) {\n      iframe = cy.get(iframeStr);\n    } else {\n      iframe = iframe.onIframeLoad(iframeStr).find(iframeStr);\n    }\n  });\n  iframe.onIframeLoad(step.key).then(iframebody => {\n    cy.exeAction(step, iframebody);\n  });\n} else {\n  cy.exeAction(step);\n}\n//最后一步可能录制不下来，等待2秒。\nif (testcase.steps.length == index + 1) {\n  cy.wait(2000);\n}",
                      "err": {
                        "message": "AssertionError: Timed out retrying after 4000ms: Expected to find element: `.navBar  a[data-text=健康档案]`, but never found it.",
                        "estack": "AssertionError: Timed out retrying after 4000ms: Expected to find element: `.navBar  a[data-text=健康档案]`, but never found it.\n    at eval (webpack://winning-e2e-tool/./cypress/support/commands.js:63:69)\n    at Context.eval (webpack://winning-e2e-tool/./cypress/support/commands.js:49:19)",
                        "diff": null
                      },
                      "uuid": "4c68e887-82f9-42fa-b01b-c8345ea25602",
                      "parentUUID": "b9cec069-28fc-4a00-b1d2-e8622b29d802",
                      "isHook": false,
                      "skipped": false
                    },
                    {
                      "title": "点击居民健康档案管理二级菜单",
                      "fullTitle": "Kelp E2E Testing 基本公卫5.6[国家版] 修改个人档案 点击居民健康档案管理二级菜单",
                      "timedOut": null,
                      "duration": 5205,
                      "state": "failed",
                      "speed": null,
                      "pass": false,
                      "fail": true,
                      "pending": false,
                      "context": null,
                      "code": "cy.wait(1000);\nif (step.iframekey) {\n  const iframesStr = step.iframekey;\n  let iframe = null;\n  iframesStr.forEach(iframeStr => {\n    if (!iframe) {\n      iframe = cy.get(iframeStr);\n    } else {\n      iframe = iframe.onIframeLoad(iframeStr).find(iframeStr);\n    }\n  });\n  iframe.onIframeLoad(step.key).then(iframebody => {\n    cy.exeAction(step, iframebody);\n  });\n} else {\n  cy.exeAction(step);\n}\n//最后一步可能录制不下来，等待2秒。\nif (testcase.steps.length == index + 1) {\n  cy.wait(2000);\n}",
                      "err": {
                        "message": "AssertionError: Timed out retrying after 4000ms: Expected to find element: `a[data-id=1002]`, but never found it.",
                        "estack": "AssertionError: Timed out retrying after 4000ms: Expected to find element: `a[data-id=1002]`, but never found it.\n    at eval (webpack://winning-e2e-tool/./cypress/support/commands.js:60:69)\n    at Context.eval (webpack://winning-e2e-tool/./cypress/support/commands.js:49:19)",
                        "diff": null
                      },
                      "uuid": "a1480f5e-5745-4257-b36f-75aa7db16874",
                      "parentUUID": "b9cec069-28fc-4a00-b1d2-e8622b29d802",
                      "isHook": false,
                      "skipped": false
                    },
                    {
                      "title": "填写个人基本信息列表查询条件",
                      "fullTitle": "Kelp E2E Testing 基本公卫5.6[国家版] 修改个人档案 填写个人基本信息列表查询条件",
                      "timedOut": null,
                      "duration": 5256,
                      "state": "failed",
                      "speed": null,
                      "pass": false,
                      "fail": true,
                      "pending": false,
                      "context": null,
                      "code": "cy.wait(1000);\nif (step.iframekey) {\n  const iframesStr = step.iframekey;\n  let iframe = null;\n  iframesStr.forEach(iframeStr => {\n    if (!iframe) {\n      iframe = cy.get(iframeStr);\n    } else {\n      iframe = iframe.onIframeLoad(iframeStr).find(iframeStr);\n    }\n  });\n  iframe.onIframeLoad(step.key).then(iframebody => {\n    cy.exeAction(step, iframebody);\n  });\n} else {\n  cy.exeAction(step);\n}\n//最后一步可能录制不下来，等待2秒。\nif (testcase.steps.length == index + 1) {\n  cy.wait(2000);\n}",
                      "err": {
                        "message": "AssertionError: Timed out retrying after 4000ms: Expected to find element: `iframe[data-id=1002]`, but never found it.",
                        "estack": "AssertionError: Timed out retrying after 4000ms: Expected to find element: `iframe[data-id=1002]`, but never found it.\n    at eval (webpack://winning-e2e-tool/./cypress/e2e/testsuite.cy.js:74:22)\n    at Context.eval (webpack://winning-e2e-tool/./cypress/e2e/testsuite.cy.js:72:19)",
                        "diff": null
                      },
                      "uuid": "aea16541-58d7-4f57-9981-9e72ab05b682",
                      "parentUUID": "b9cec069-28fc-4a00-b1d2-e8622b29d802",
                      "isHook": false,
                      "skipped": false
                    },
                    {
                      "title": "点击个人基本信息列表查询按钮",
                      "fullTitle": "Kelp E2E Testing 基本公卫5.6[国家版] 修改个人档案 点击个人基本信息列表查询按钮",
                      "timedOut": null,
                      "duration": 5200,
                      "state": "failed",
                      "speed": null,
                      "pass": false,
                      "fail": true,
                      "pending": false,
                      "context": null,
                      "code": "cy.wait(1000);\nif (step.iframekey) {\n  const iframesStr = step.iframekey;\n  let iframe = null;\n  iframesStr.forEach(iframeStr => {\n    if (!iframe) {\n      iframe = cy.get(iframeStr);\n    } else {\n      iframe = iframe.onIframeLoad(iframeStr).find(iframeStr);\n    }\n  });\n  iframe.onIframeLoad(step.key).then(iframebody => {\n    cy.exeAction(step, iframebody);\n  });\n} else {\n  cy.exeAction(step);\n}\n//最后一步可能录制不下来，等待2秒。\nif (testcase.steps.length == index + 1) {\n  cy.wait(2000);\n}",
                      "err": {
                        "message": "AssertionError: Timed out retrying after 4000ms: Expected to find element: `iframe[data-id=1002]`, but never found it.",
                        "estack": "AssertionError: Timed out retrying after 4000ms: Expected to find element: `iframe[data-id=1002]`, but never found it.\n    at eval (webpack://winning-e2e-tool/./cypress/e2e/testsuite.cy.js:74:22)\n    at Context.eval (webpack://winning-e2e-tool/./cypress/e2e/testsuite.cy.js:72:19)",
                        "diff": null
                      },
                      "uuid": "d1cf7ac5-975f-498e-bc34-8059b9c67fb3",
                      "parentUUID": "b9cec069-28fc-4a00-b1d2-e8622b29d802",
                      "isHook": false,
                      "skipped": false
                    },
                    {
                      "title": "点击个人基本信息列表查询结果",
                      "fullTitle": "Kelp E2E Testing 基本公卫5.6[国家版] 修改个人档案 点击个人基本信息列表查询结果",
                      "timedOut": null,
                      "duration": 5194,
                      "state": "failed",
                      "speed": null,
                      "pass": false,
                      "fail": true,
                      "pending": false,
                      "context": null,
                      "code": "cy.wait(1000);\nif (step.iframekey) {\n  const iframesStr = step.iframekey;\n  let iframe = null;\n  iframesStr.forEach(iframeStr => {\n    if (!iframe) {\n      iframe = cy.get(iframeStr);\n    } else {\n      iframe = iframe.onIframeLoad(iframeStr).find(iframeStr);\n    }\n  });\n  iframe.onIframeLoad(step.key).then(iframebody => {\n    cy.exeAction(step, iframebody);\n  });\n} else {\n  cy.exeAction(step);\n}\n//最后一步可能录制不下来，等待2秒。\nif (testcase.steps.length == index + 1) {\n  cy.wait(2000);\n}",
                      "err": {
                        "message": "AssertionError: Timed out retrying after 4000ms: Expected to find element: `iframe[data-id=1002]`, but never found it.",
                        "estack": "AssertionError: Timed out retrying after 4000ms: Expected to find element: `iframe[data-id=1002]`, but never found it.\n    at eval (webpack://winning-e2e-tool/./cypress/e2e/testsuite.cy.js:74:22)\n    at Context.eval (webpack://winning-e2e-tool/./cypress/e2e/testsuite.cy.js:72:19)",
                        "diff": null
                      },
                      "uuid": "5c45832f-44b8-40c0-97c5-e231bca1f596",
                      "parentUUID": "b9cec069-28fc-4a00-b1d2-e8622b29d802",
                      "isHook": false,
                      "skipped": false
                    },
                    {
                      "title": "点击个人基本信息修改按钮",
                      "fullTitle": "Kelp E2E Testing 基本公卫5.6[国家版] 修改个人档案 点击个人基本信息修改按钮",
                      "timedOut": null,
                      "duration": 5250,
                      "state": "failed",
                      "speed": null,
                      "pass": false,
                      "fail": true,
                      "pending": false,
                      "context": null,
                      "code": "cy.wait(1000);\nif (step.iframekey) {\n  const iframesStr = step.iframekey;\n  let iframe = null;\n  iframesStr.forEach(iframeStr => {\n    if (!iframe) {\n      iframe = cy.get(iframeStr);\n    } else {\n      iframe = iframe.onIframeLoad(iframeStr).find(iframeStr);\n    }\n  });\n  iframe.onIframeLoad(step.key).then(iframebody => {\n    cy.exeAction(step, iframebody);\n  });\n} else {\n  cy.exeAction(step);\n}\n//最后一步可能录制不下来，等待2秒。\nif (testcase.steps.length == index + 1) {\n  cy.wait(2000);\n}",
                      "err": {
                        "message": "AssertionError: Timed out retrying after 4000ms: Expected to find element: `iframe.active`, but never found it.",
                        "estack": "AssertionError: Timed out retrying after 4000ms: Expected to find element: `iframe.active`, but never found it.\n    at eval (webpack://winning-e2e-tool/./cypress/e2e/testsuite.cy.js:74:22)\n    at Context.eval (webpack://winning-e2e-tool/./cypress/e2e/testsuite.cy.js:72:19)",
                        "diff": null
                      },
                      "uuid": "807a52a7-ba2e-41e7-ae83-abfe43e0349f",
                      "parentUUID": "b9cec069-28fc-4a00-b1d2-e8622b29d802",
                      "isHook": false,
                      "skipped": false
                    }
                  ],
                  "suites": [],
                  "passes": [],
                  "failures": [
                    "4c68e887-82f9-42fa-b01b-c8345ea25602",
                    "a1480f5e-5745-4257-b36f-75aa7db16874",
                    "aea16541-58d7-4f57-9981-9e72ab05b682",
                    "d1cf7ac5-975f-498e-bc34-8059b9c67fb3",
                    "5c45832f-44b8-40c0-97c5-e231bca1f596",
                    "807a52a7-ba2e-41e7-ae83-abfe43e0349f"
                  ],
                  "pending": [],
                  "skipped": [],
                  "duration": 31438,
                  "root": false,
                  "rootEmpty": false,
                  "_timeout": 2000
                }
              ],
              "passes": [],
              "failures": [],
              "pending": [],
              "skipped": [],
              "duration": 0,
              "root": false,
              "rootEmpty": false,
              "_timeout": 2000
            }
          ],
          "passes": [],
          "failures": [],
          "pending": [],
          "skipped": [],
          "duration": 0,
          "root": false,
          "rootEmpty": false,
          "_timeout": 2000
        }
      ],
      "passes": [],
      "failures": [],
      "pending": [],
      "skipped": [],
      "duration": 0,
      "root": true,
      "rootEmpty": true,
      "_timeout": 2000
    }
  ],
  "meta": {
    "mocha": {
      "version": "7.0.1"
    },
    "mochawesome": {
      "options": {
        "quiet": false,
        "reportFilename": "mochawesome",
        "saveHtml": true,
        "saveJson": true,
        "consoleReporter": "spec",
        "useInlineDiffs": false,
        "code": true
      },
      "version": "7.1.3"
    },
    "marge": {
      "options": {
        "reportDir": "src/assets/cypress/results/efa676fa-fceb-4a48-912c-505f6b126c3b",
        "overwrite": true,
        "html": true,
        "json": true
      },
      "version": "6.2.0"
    }
  }
}