{
  "stats": {
    "suites": 4,
    "tests": 11,
    "passes": 11,
    "pending": 0,
    "failures": 0,
    "start": "2024-02-27T02:24:20.455Z",
    "end": "2024-02-27T02:25:16.208Z",
    "duration": 55753,
    "testsRegistered": 11,
    "passPercent": 100,
    "pendingPercent": 0,
    "other": 0,
    "hasOther": false,
    "skipped": 0,
    "hasSkipped": false
  },
  "results": [
    {
      "uuid": "39ccc2a9-77ba-49c3-a453-0175ee1e4fe1",
      "title": "",
      "fullFile": "cypress\\e2e\\testsuite.cy.js",
      "file": "cypress\\e2e\\testsuite.cy.js",
      "beforeHooks": [],
      "afterHooks": [],
      "tests": [],
      "suites": [
        {
          "uuid": "4031f102-aaed-41a6-af4d-8614a85d187f",
          "title": "Kelp E2E Testing",
          "fullFile": "",
          "file": "",
          "beforeHooks": [],
          "afterHooks": [],
          "tests": [],
          "suites": [
            {
              "uuid": "c9b5312b-40f0-45eb-8bbb-5770ec2f4779",
              "title": "基本公卫5.6[国家版]",
              "fullFile": "",
              "file": "",
              "beforeHooks": [],
              "afterHooks": [],
              "tests": [],
              "suites": [
                {
                  "uuid": "5cb4dffb-5ac1-4919-b781-4e0105c0cabe",
                  "title": "系统登录",
                  "fullFile": "",
                  "file": "",
                  "beforeHooks": [],
                  "afterHooks": [],
                  "tests": [
                    {
                      "title": "访问系统",
                      "fullTitle": "Kelp E2E Testing 基本公卫5.6[国家版] 系统登录 访问系统",
                      "timedOut": null,
                      "duration": 4566,
                      "state": "passed",
                      "speed": "fast",
                      "pass": true,
                      "fail": false,
                      "pending": false,
                      "context": null,
                      "code": "cy.wait(2000);\nif (step.iframekey) {\n  const iframesStr = step.iframekey;\n  let iframe = null;\n  iframesStr.forEach(iframeStr => {\n    if (!iframe) {\n      iframe = cy.get(iframeStr);\n    } else {\n      iframe = iframe.onIframeLoad(iframeStr).find(iframeStr);\n    }\n  });\n  iframe.onIframeLoad(step.key).then(iframebody => {\n    cy.exeAction(step, iframebody);\n  });\n} else {\n  cy.exeAction(step);\n}\n//最后一步可能录制不下来，等待2秒。\nif (testcase.steps.length == index + 1) {\n  cy.wait(2000);\n}",
                      "err": {},
                      "uuid": "37efb38b-5ce4-48ab-9c4f-7fa825d0258f",
                      "parentUUID": "5cb4dffb-5ac1-4919-b781-4e0105c0cabe",
                      "isHook": false,
                      "skipped": false
                    },
                    {
                      "title": "填写登录表单",
                      "fullTitle": "Kelp E2E Testing 基本公卫5.6[国家版] 系统登录 填写登录表单",
                      "timedOut": null,
                      "duration": 2850,
                      "state": "passed",
                      "speed": "fast",
                      "pass": true,
                      "fail": false,
                      "pending": false,
                      "context": null,
                      "code": "cy.wait(2000);\nif (step.iframekey) {\n  const iframesStr = step.iframekey;\n  let iframe = null;\n  iframesStr.forEach(iframeStr => {\n    if (!iframe) {\n      iframe = cy.get(iframeStr);\n    } else {\n      iframe = iframe.onIframeLoad(iframeStr).find(iframeStr);\n    }\n  });\n  iframe.onIframeLoad(step.key).then(iframebody => {\n    cy.exeAction(step, iframebody);\n  });\n} else {\n  cy.exeAction(step);\n}\n//最后一步可能录制不下来，等待2秒。\nif (testcase.steps.length == index + 1) {\n  cy.wait(2000);\n}",
                      "err": {},
                      "uuid": "da77e001-bf24-4f21-9365-f0c8bd978f35",
                      "parentUUID": "5cb4dffb-5ac1-4919-b781-4e0105c0cabe",
                      "isHook": false,
                      "skipped": false
                    },
                    {
                      "title": "点击登录按钮",
                      "fullTitle": "Kelp E2E Testing 基本公卫5.6[国家版] 系统登录 点击登录按钮",
                      "timedOut": null,
                      "duration": 5738,
                      "state": "passed",
                      "speed": "medium",
                      "pass": true,
                      "fail": false,
                      "pending": false,
                      "context": null,
                      "code": "cy.wait(2000);\nif (step.iframekey) {\n  const iframesStr = step.iframekey;\n  let iframe = null;\n  iframesStr.forEach(iframeStr => {\n    if (!iframe) {\n      iframe = cy.get(iframeStr);\n    } else {\n      iframe = iframe.onIframeLoad(iframeStr).find(iframeStr);\n    }\n  });\n  iframe.onIframeLoad(step.key).then(iframebody => {\n    cy.exeAction(step, iframebody);\n  });\n} else {\n  cy.exeAction(step);\n}\n//最后一步可能录制不下来，等待2秒。\nif (testcase.steps.length == index + 1) {\n  cy.wait(2000);\n}",
                      "err": {},
                      "uuid": "31d159e9-7e78-4941-ac4f-9b6954fef4fd",
                      "parentUUID": "5cb4dffb-5ac1-4919-b781-4e0105c0cabe",
                      "isHook": false,
                      "skipped": false
                    }
                  ],
                  "suites": [],
                  "passes": [
                    "37efb38b-5ce4-48ab-9c4f-7fa825d0258f",
                    "da77e001-bf24-4f21-9365-f0c8bd978f35",
                    "31d159e9-7e78-4941-ac4f-9b6954fef4fd"
                  ],
                  "failures": [],
                  "pending": [],
                  "skipped": [],
                  "duration": 13154,
                  "root": false,
                  "rootEmpty": false,
                  "_timeout": 2000
                },
                {
                  "uuid": "c4bccc01-dfcd-4773-926f-fb50269a5333",
                  "title": "修改个人档案",
                  "fullFile": "",
                  "file": "",
                  "beforeHooks": [],
                  "afterHooks": [],
                  "tests": [
                    {
                      "title": "悬浮健康档案一级菜单",
                      "fullTitle": "Kelp E2E Testing 基本公卫5.6[国家版] 修改个人档案 悬浮健康档案一级菜单",
                      "timedOut": null,
                      "duration": 2042,
                      "state": "passed",
                      "speed": "fast",
                      "pass": true,
                      "fail": false,
                      "pending": false,
                      "context": null,
                      "code": "cy.wait(2000);\nif (step.iframekey) {\n  const iframesStr = step.iframekey;\n  let iframe = null;\n  iframesStr.forEach(iframeStr => {\n    if (!iframe) {\n      iframe = cy.get(iframeStr);\n    } else {\n      iframe = iframe.onIframeLoad(iframeStr).find(iframeStr);\n    }\n  });\n  iframe.onIframeLoad(step.key).then(iframebody => {\n    cy.exeAction(step, iframebody);\n  });\n} else {\n  cy.exeAction(step);\n}\n//最后一步可能录制不下来，等待2秒。\nif (testcase.steps.length == index + 1) {\n  cy.wait(2000);\n}",
                      "err": {},
                      "uuid": "8a7a2c7a-11f6-4687-98c8-ec5e14c61421",
                      "parentUUID": "c4bccc01-dfcd-4773-926f-fb50269a5333",
                      "isHook": false,
                      "skipped": false
                    },
                    {
                      "title": "点击居民健康档案管理二级菜单",
                      "fullTitle": "Kelp E2E Testing 基本公卫5.6[国家版] 修改个人档案 点击居民健康档案管理二级菜单",
                      "timedOut": null,
                      "duration": 2099,
                      "state": "passed",
                      "speed": "fast",
                      "pass": true,
                      "fail": false,
                      "pending": false,
                      "context": null,
                      "code": "cy.wait(2000);\nif (step.iframekey) {\n  const iframesStr = step.iframekey;\n  let iframe = null;\n  iframesStr.forEach(iframeStr => {\n    if (!iframe) {\n      iframe = cy.get(iframeStr);\n    } else {\n      iframe = iframe.onIframeLoad(iframeStr).find(iframeStr);\n    }\n  });\n  iframe.onIframeLoad(step.key).then(iframebody => {\n    cy.exeAction(step, iframebody);\n  });\n} else {\n  cy.exeAction(step);\n}\n//最后一步可能录制不下来，等待2秒。\nif (testcase.steps.length == index + 1) {\n  cy.wait(2000);\n}",
                      "err": {},
                      "uuid": "606c078a-bb61-4626-b008-5b9fd6793937",
                      "parentUUID": "c4bccc01-dfcd-4773-926f-fb50269a5333",
                      "isHook": false,
                      "skipped": false
                    },
                    {
                      "title": "填写个人基本信息列表查询条件",
                      "fullTitle": "Kelp E2E Testing 基本公卫5.6[国家版] 修改个人档案 填写个人基本信息列表查询条件",
                      "timedOut": null,
                      "duration": 12708,
                      "state": "passed",
                      "speed": "slow",
                      "pass": true,
                      "fail": false,
                      "pending": false,
                      "context": null,
                      "code": "cy.wait(2000);\nif (step.iframekey) {\n  const iframesStr = step.iframekey;\n  let iframe = null;\n  iframesStr.forEach(iframeStr => {\n    if (!iframe) {\n      iframe = cy.get(iframeStr);\n    } else {\n      iframe = iframe.onIframeLoad(iframeStr).find(iframeStr);\n    }\n  });\n  iframe.onIframeLoad(step.key).then(iframebody => {\n    cy.exeAction(step, iframebody);\n  });\n} else {\n  cy.exeAction(step);\n}\n//最后一步可能录制不下来，等待2秒。\nif (testcase.steps.length == index + 1) {\n  cy.wait(2000);\n}",
                      "err": {},
                      "uuid": "592db022-05cd-40be-8193-df8020fa94fd",
                      "parentUUID": "c4bccc01-dfcd-4773-926f-fb50269a5333",
                      "isHook": false,
                      "skipped": false
                    },
                    {
                      "title": "点击个人基本信息列表查询按钮",
                      "fullTitle": "Kelp E2E Testing 基本公卫5.6[国家版] 修改个人档案 点击个人基本信息列表查询按钮",
                      "timedOut": null,
                      "duration": 2207,
                      "state": "passed",
                      "speed": "fast",
                      "pass": true,
                      "fail": false,
                      "pending": false,
                      "context": null,
                      "code": "cy.wait(2000);\nif (step.iframekey) {\n  const iframesStr = step.iframekey;\n  let iframe = null;\n  iframesStr.forEach(iframeStr => {\n    if (!iframe) {\n      iframe = cy.get(iframeStr);\n    } else {\n      iframe = iframe.onIframeLoad(iframeStr).find(iframeStr);\n    }\n  });\n  iframe.onIframeLoad(step.key).then(iframebody => {\n    cy.exeAction(step, iframebody);\n  });\n} else {\n  cy.exeAction(step);\n}\n//最后一步可能录制不下来，等待2秒。\nif (testcase.steps.length == index + 1) {\n  cy.wait(2000);\n}",
                      "err": {},
                      "uuid": "c2614718-6536-44db-b208-13b0bc929c62",
                      "parentUUID": "c4bccc01-dfcd-4773-926f-fb50269a5333",
                      "isHook": false,
                      "skipped": false
                    },
                    {
                      "title": "点击个人基本信息列表查询结果",
                      "fullTitle": "Kelp E2E Testing 基本公卫5.6[国家版] 修改个人档案 点击个人基本信息列表查询结果",
                      "timedOut": null,
                      "duration": 2102,
                      "state": "passed",
                      "speed": "fast",
                      "pass": true,
                      "fail": false,
                      "pending": false,
                      "context": null,
                      "code": "cy.wait(2000);\nif (step.iframekey) {\n  const iframesStr = step.iframekey;\n  let iframe = null;\n  iframesStr.forEach(iframeStr => {\n    if (!iframe) {\n      iframe = cy.get(iframeStr);\n    } else {\n      iframe = iframe.onIframeLoad(iframeStr).find(iframeStr);\n    }\n  });\n  iframe.onIframeLoad(step.key).then(iframebody => {\n    cy.exeAction(step, iframebody);\n  });\n} else {\n  cy.exeAction(step);\n}\n//最后一步可能录制不下来，等待2秒。\nif (testcase.steps.length == index + 1) {\n  cy.wait(2000);\n}",
                      "err": {},
                      "uuid": "a023493f-813b-4300-9f48-ce08902d0f31",
                      "parentUUID": "c4bccc01-dfcd-4773-926f-fb50269a5333",
                      "isHook": false,
                      "skipped": false
                    },
                    {
                      "title": "点击个人基本信息修改按钮",
                      "fullTitle": "Kelp E2E Testing 基本公卫5.6[国家版] 修改个人档案 点击个人基本信息修改按钮",
                      "timedOut": null,
                      "duration": 5402,
                      "state": "passed",
                      "speed": "medium",
                      "pass": true,
                      "fail": false,
                      "pending": false,
                      "context": null,
                      "code": "cy.wait(2000);\nif (step.iframekey) {\n  const iframesStr = step.iframekey;\n  let iframe = null;\n  iframesStr.forEach(iframeStr => {\n    if (!iframe) {\n      iframe = cy.get(iframeStr);\n    } else {\n      iframe = iframe.onIframeLoad(iframeStr).find(iframeStr);\n    }\n  });\n  iframe.onIframeLoad(step.key).then(iframebody => {\n    cy.exeAction(step, iframebody);\n  });\n} else {\n  cy.exeAction(step);\n}\n//最后一步可能录制不下来，等待2秒。\nif (testcase.steps.length == index + 1) {\n  cy.wait(2000);\n}",
                      "err": {},
                      "uuid": "d59c88c3-00f5-4322-84cf-9fc5a33d3179",
                      "parentUUID": "c4bccc01-dfcd-4773-926f-fb50269a5333",
                      "isHook": false,
                      "skipped": false
                    },
                    {
                      "title": "填写个人基本信息表单",
                      "fullTitle": "Kelp E2E Testing 基本公卫5.6[国家版] 修改个人档案 填写个人基本信息表单",
                      "timedOut": null,
                      "duration": 3608,
                      "state": "passed",
                      "speed": "fast",
                      "pass": true,
                      "fail": false,
                      "pending": false,
                      "context": null,
                      "code": "cy.wait(2000);\nif (step.iframekey) {\n  const iframesStr = step.iframekey;\n  let iframe = null;\n  iframesStr.forEach(iframeStr => {\n    if (!iframe) {\n      iframe = cy.get(iframeStr);\n    } else {\n      iframe = iframe.onIframeLoad(iframeStr).find(iframeStr);\n    }\n  });\n  iframe.onIframeLoad(step.key).then(iframebody => {\n    cy.exeAction(step, iframebody);\n  });\n} else {\n  cy.exeAction(step);\n}\n//最后一步可能录制不下来，等待2秒。\nif (testcase.steps.length == index + 1) {\n  cy.wait(2000);\n}",
                      "err": {},
                      "uuid": "4c8bd9c7-0231-46af-938d-d1e2db12d555",
                      "parentUUID": "c4bccc01-dfcd-4773-926f-fb50269a5333",
                      "isHook": false,
                      "skipped": false
                    },
                    {
                      "title": "填写个人基本信息表单",
                      "fullTitle": "Kelp E2E Testing 基本公卫5.6[国家版] 修改个人档案 填写个人基本信息表单",
                      "timedOut": null,
                      "duration": 7261,
                      "state": "passed",
                      "speed": "medium",
                      "pass": true,
                      "fail": false,
                      "pending": false,
                      "context": null,
                      "code": "cy.wait(2000);\nif (step.iframekey) {\n  const iframesStr = step.iframekey;\n  let iframe = null;\n  iframesStr.forEach(iframeStr => {\n    if (!iframe) {\n      iframe = cy.get(iframeStr);\n    } else {\n      iframe = iframe.onIframeLoad(iframeStr).find(iframeStr);\n    }\n  });\n  iframe.onIframeLoad(step.key).then(iframebody => {\n    cy.exeAction(step, iframebody);\n  });\n} else {\n  cy.exeAction(step);\n}\n//最后一步可能录制不下来，等待2秒。\nif (testcase.steps.length == index + 1) {\n  cy.wait(2000);\n}",
                      "err": {},
                      "uuid": "81760d49-0f18-49c7-a864-87120e3cdfaa",
                      "parentUUID": "c4bccc01-dfcd-4773-926f-fb50269a5333",
                      "isHook": false,
                      "skipped": false
                    }
                  ],
                  "suites": [],
                  "passes": [
                    "8a7a2c7a-11f6-4687-98c8-ec5e14c61421",
                    "606c078a-bb61-4626-b008-5b9fd6793937",
                    "592db022-05cd-40be-8193-df8020fa94fd",
                    "c2614718-6536-44db-b208-13b0bc929c62",
                    "a023493f-813b-4300-9f48-ce08902d0f31",
                    "d59c88c3-00f5-4322-84cf-9fc5a33d3179",
                    "4c8bd9c7-0231-46af-938d-d1e2db12d555",
                    "81760d49-0f18-49c7-a864-87120e3cdfaa"
                  ],
                  "failures": [],
                  "pending": [],
                  "skipped": [],
                  "duration": 37429,
                  "root": false,
                  "rootEmpty": false,
                  "_timeout": 2000
                }
              ],
              "passes": [],
              "failures": [],
              "pending": [],
              "skipped": [],
              "duration": 0,
              "root": false,
              "rootEmpty": false,
              "_timeout": 2000
            }
          ],
          "passes": [],
          "failures": [],
          "pending": [],
          "skipped": [],
          "duration": 0,
          "root": false,
          "rootEmpty": false,
          "_timeout": 2000
        }
      ],
      "passes": [],
      "failures": [],
      "pending": [],
      "skipped": [],
      "duration": 0,
      "root": true,
      "rootEmpty": true,
      "_timeout": 2000
    }
  ],
  "meta": {
    "mocha": {
      "version": "7.0.1"
    },
    "mochawesome": {
      "options": {
        "quiet": false,
        "reportFilename": "mochawesome",
        "saveHtml": true,
        "saveJson": true,
        "consoleReporter": "spec",
        "useInlineDiffs": false,
        "code": true
      },
      "version": "7.1.3"
    },
    "marge": {
      "options": {
        "reportDir": "src/assets/cypress/results/e6825745-4c46-4a07-94ee-99ea63c0ec68",
        "overwrite": true,
        "html": true,
        "json": true
      },
      "version": "6.2.0"
    }
  }
}