{
  "stats": {
    "suites": 4,
    "tests": 7,
    "passes": 7,
    "pending": 0,
    "failures": 0,
    "start": "2024-01-13T03:02:28.565Z",
    "end": "2024-01-13T03:02:47.852Z",
    "duration": 19287,
    "testsRegistered": 7,
    "passPercent": 100,
    "pendingPercent": 0,
    "other": 0,
    "hasOther": false,
    "skipped": 0,
    "hasSkipped": false
  },
  "results": [
    {
      "uuid": "4224fcaf-77e0-4940-8708-5b44011494e6",
      "title": "",
      "fullFile": "cypress\\e2e\\testsuite.cy.js",
      "file": "cypress\\e2e\\testsuite.cy.js",
      "beforeHooks": [],
      "afterHooks": [],
      "tests": [],
      "suites": [
        {
          "uuid": "90c1dc75-c136-44ca-8eb6-00bf9d64773b",
          "title": "Kelp E2E Testing",
          "fullFile": "",
          "file": "",
          "beforeHooks": [],
          "afterHooks": [],
          "tests": [],
          "suites": [
            {
              "uuid": "99b00931-4e86-4fdd-8f5c-c491c4a76451",
              "title": "基本公卫5.6[国家版]",
              "fullFile": "",
              "file": "",
              "beforeHooks": [],
              "afterHooks": [],
              "tests": [],
              "suites": [
                {
                  "uuid": "4eeb3c01-513b-48d8-9bc8-6d8f85b5655c",
                  "title": "系统登录",
                  "fullFile": "",
                  "file": "",
                  "beforeHooks": [],
                  "afterHooks": [],
                  "tests": [
                    {
                      "title": "访问系统",
                      "fullTitle": "Kelp E2E Testing 基本公卫5.6[国家版] 系统登录 访问系统",
                      "timedOut": null,
                      "duration": 2010,
                      "state": "passed",
                      "speed": "fast",
                      "pass": true,
                      "fail": false,
                      "pending": false,
                      "context": null,
                      "code": "if (step.iframekey) {\n  const iframesStr = step.iframekey;\n  let iframe = null;\n  iframesStr.forEach(iframeStr => {\n    if (!iframe) {\n      iframe = cy.get(iframeStr);\n    } else {\n      iframe = iframe.onIframeLoad(iframeStr).find(iframeStr);\n    }\n  });\n  iframe.onIframeLoad(step.key).then(iframebody => {\n    cy.exeAction(step.datas, step, iframebody);\n  });\n} else {\n  cy.exeAction(step.datas, step);\n}\n//最后一步可能录制不下来，等待2秒。\nif (testcase.steps.length == index + 1) {\n  cy.wait(2000);\n}",
                      "err": {},
                      "uuid": "5fcf7511-27e1-4891-8caf-2162b160f6cf",
                      "parentUUID": "4eeb3c01-513b-48d8-9bc8-6d8f85b5655c",
                      "isHook": false,
                      "skipped": false
                    },
                    {
                      "title": "填写登录表单",
                      "fullTitle": "Kelp E2E Testing 基本公卫5.6[国家版] 系统登录 填写登录表单",
                      "timedOut": null,
                      "duration": 866,
                      "state": "passed",
                      "speed": "fast",
                      "pass": true,
                      "fail": false,
                      "pending": false,
                      "context": null,
                      "code": "if (step.iframekey) {\n  const iframesStr = step.iframekey;\n  let iframe = null;\n  iframesStr.forEach(iframeStr => {\n    if (!iframe) {\n      iframe = cy.get(iframeStr);\n    } else {\n      iframe = iframe.onIframeLoad(iframeStr).find(iframeStr);\n    }\n  });\n  iframe.onIframeLoad(step.key).then(iframebody => {\n    cy.exeAction(step.datas, step, iframebody);\n  });\n} else {\n  cy.exeAction(step.datas, step);\n}\n//最后一步可能录制不下来，等待2秒。\nif (testcase.steps.length == index + 1) {\n  cy.wait(2000);\n}",
                      "err": {},
                      "uuid": "91f155a1-a8b9-4f93-be15-8d6932054473",
                      "parentUUID": "4eeb3c01-513b-48d8-9bc8-6d8f85b5655c",
                      "isHook": false,
                      "skipped": false
                    },
                    {
                      "title": "点击登录按钮",
                      "fullTitle": "Kelp E2E Testing 基本公卫5.6[国家版] 系统登录 点击登录按钮",
                      "timedOut": null,
                      "duration": 4507,
                      "state": "passed",
                      "speed": "fast",
                      "pass": true,
                      "fail": false,
                      "pending": false,
                      "context": null,
                      "code": "if (step.iframekey) {\n  const iframesStr = step.iframekey;\n  let iframe = null;\n  iframesStr.forEach(iframeStr => {\n    if (!iframe) {\n      iframe = cy.get(iframeStr);\n    } else {\n      iframe = iframe.onIframeLoad(iframeStr).find(iframeStr);\n    }\n  });\n  iframe.onIframeLoad(step.key).then(iframebody => {\n    cy.exeAction(step.datas, step, iframebody);\n  });\n} else {\n  cy.exeAction(step.datas, step);\n}\n//最后一步可能录制不下来，等待2秒。\nif (testcase.steps.length == index + 1) {\n  cy.wait(2000);\n}",
                      "err": {},
                      "uuid": "e551ce5f-4aca-4275-833c-8103cce47a50",
                      "parentUUID": "4eeb3c01-513b-48d8-9bc8-6d8f85b5655c",
                      "isHook": false,
                      "skipped": false
                    }
                  ],
                  "suites": [],
                  "passes": [
                    "5fcf7511-27e1-4891-8caf-2162b160f6cf",
                    "91f155a1-a8b9-4f93-be15-8d6932054473",
                    "e551ce5f-4aca-4275-833c-8103cce47a50"
                  ],
                  "failures": [],
                  "pending": [],
                  "skipped": [],
                  "duration": 7383,
                  "root": false,
                  "rootEmpty": false,
                  "_timeout": 2000
                },
                {
                  "uuid": "09965f1c-4d02-4c4b-af90-a45d7567cc07",
                  "title": "修改个人档案",
                  "fullFile": "",
                  "file": "",
                  "beforeHooks": [],
                  "afterHooks": [],
                  "tests": [
                    {
                      "title": "悬浮健康档案一级菜单",
                      "fullTitle": "Kelp E2E Testing 基本公卫5.6[国家版] 修改个人档案 悬浮健康档案一级菜单",
                      "timedOut": null,
                      "duration": 216,
                      "state": "passed",
                      "speed": "fast",
                      "pass": true,
                      "fail": false,
                      "pending": false,
                      "context": null,
                      "code": "if (step.iframekey) {\n  const iframesStr = step.iframekey;\n  let iframe = null;\n  iframesStr.forEach(iframeStr => {\n    if (!iframe) {\n      iframe = cy.get(iframeStr);\n    } else {\n      iframe = iframe.onIframeLoad(iframeStr).find(iframeStr);\n    }\n  });\n  iframe.onIframeLoad(step.key).then(iframebody => {\n    cy.exeAction(step.datas, step, iframebody);\n  });\n} else {\n  cy.exeAction(step.datas, step);\n}\n//最后一步可能录制不下来，等待2秒。\nif (testcase.steps.length == index + 1) {\n  cy.wait(2000);\n}",
                      "err": {},
                      "uuid": "7b3f03db-f23d-44f1-8716-66d59ea400df",
                      "parentUUID": "09965f1c-4d02-4c4b-af90-a45d7567cc07",
                      "isHook": false,
                      "skipped": false
                    },
                    {
                      "title": "点击居民健康档案管理二级菜单",
                      "fullTitle": "Kelp E2E Testing 基本公卫5.6[国家版] 修改个人档案 点击居民健康档案管理二级菜单",
                      "timedOut": null,
                      "duration": 150,
                      "state": "passed",
                      "speed": "fast",
                      "pass": true,
                      "fail": false,
                      "pending": false,
                      "context": null,
                      "code": "if (step.iframekey) {\n  const iframesStr = step.iframekey;\n  let iframe = null;\n  iframesStr.forEach(iframeStr => {\n    if (!iframe) {\n      iframe = cy.get(iframeStr);\n    } else {\n      iframe = iframe.onIframeLoad(iframeStr).find(iframeStr);\n    }\n  });\n  iframe.onIframeLoad(step.key).then(iframebody => {\n    cy.exeAction(step.datas, step, iframebody);\n  });\n} else {\n  cy.exeAction(step.datas, step);\n}\n//最后一步可能录制不下来，等待2秒。\nif (testcase.steps.length == index + 1) {\n  cy.wait(2000);\n}",
                      "err": {},
                      "uuid": "febf6ec5-807a-4fd2-933b-a976be583e8f",
                      "parentUUID": "09965f1c-4d02-4c4b-af90-a45d7567cc07",
                      "isHook": false,
                      "skipped": false
                    },
                    {
                      "title": "填写个人基本信息列表查询条件",
                      "fullTitle": "Kelp E2E Testing 基本公卫5.6[国家版] 修改个人档案 填写个人基本信息列表查询条件",
                      "timedOut": null,
                      "duration": 4897,
                      "state": "passed",
                      "speed": "fast",
                      "pass": true,
                      "fail": false,
                      "pending": false,
                      "context": null,
                      "code": "if (step.iframekey) {\n  const iframesStr = step.iframekey;\n  let iframe = null;\n  iframesStr.forEach(iframeStr => {\n    if (!iframe) {\n      iframe = cy.get(iframeStr);\n    } else {\n      iframe = iframe.onIframeLoad(iframeStr).find(iframeStr);\n    }\n  });\n  iframe.onIframeLoad(step.key).then(iframebody => {\n    cy.exeAction(step.datas, step, iframebody);\n  });\n} else {\n  cy.exeAction(step.datas, step);\n}\n//最后一步可能录制不下来，等待2秒。\nif (testcase.steps.length == index + 1) {\n  cy.wait(2000);\n}",
                      "err": {},
                      "uuid": "2775dd7f-d69e-4431-b151-cd431e15a627",
                      "parentUUID": "09965f1c-4d02-4c4b-af90-a45d7567cc07",
                      "isHook": false,
                      "skipped": false
                    },
                    {
                      "title": "点击个人基本信息列表查询按钮",
                      "fullTitle": "Kelp E2E Testing 基本公卫5.6[国家版] 修改个人档案 点击个人基本信息列表查询按钮",
                      "timedOut": null,
                      "duration": 2144,
                      "state": "passed",
                      "speed": "fast",
                      "pass": true,
                      "fail": false,
                      "pending": false,
                      "context": null,
                      "code": "if (step.iframekey) {\n  const iframesStr = step.iframekey;\n  let iframe = null;\n  iframesStr.forEach(iframeStr => {\n    if (!iframe) {\n      iframe = cy.get(iframeStr);\n    } else {\n      iframe = iframe.onIframeLoad(iframeStr).find(iframeStr);\n    }\n  });\n  iframe.onIframeLoad(step.key).then(iframebody => {\n    cy.exeAction(step.datas, step, iframebody);\n  });\n} else {\n  cy.exeAction(step.datas, step);\n}\n//最后一步可能录制不下来，等待2秒。\nif (testcase.steps.length == index + 1) {\n  cy.wait(2000);\n}",
                      "err": {},
                      "uuid": "6cdecd2a-640d-49af-9a80-c355ab522cf3",
                      "parentUUID": "09965f1c-4d02-4c4b-af90-a45d7567cc07",
                      "isHook": false,
                      "skipped": false
                    }
                  ],
                  "suites": [],
                  "passes": [
                    "7b3f03db-f23d-44f1-8716-66d59ea400df",
                    "febf6ec5-807a-4fd2-933b-a976be583e8f",
                    "2775dd7f-d69e-4431-b151-cd431e15a627",
                    "6cdecd2a-640d-49af-9a80-c355ab522cf3"
                  ],
                  "failures": [],
                  "pending": [],
                  "skipped": [],
                  "duration": 7407,
                  "root": false,
                  "rootEmpty": false,
                  "_timeout": 2000
                }
              ],
              "passes": [],
              "failures": [],
              "pending": [],
              "skipped": [],
              "duration": 0,
              "root": false,
              "rootEmpty": false,
              "_timeout": 2000
            }
          ],
          "passes": [],
          "failures": [],
          "pending": [],
          "skipped": [],
          "duration": 0,
          "root": false,
          "rootEmpty": false,
          "_timeout": 2000
        }
      ],
      "passes": [],
      "failures": [],
      "pending": [],
      "skipped": [],
      "duration": 0,
      "root": true,
      "rootEmpty": true,
      "_timeout": 2000
    }
  ],
  "meta": {
    "mocha": {
      "version": "7.0.1"
    },
    "mochawesome": {
      "options": {
        "quiet": false,
        "reportFilename": "mochawesome",
        "saveHtml": true,
        "saveJson": true,
        "consoleReporter": "spec",
        "useInlineDiffs": false,
        "code": true
      },
      "version": "7.1.3"
    },
    "marge": {
      "options": {
        "reportDir": "src/assets/cypress/results/12473374-9378-444d-85b7-14359fda2282",
        "overwrite": true,
        "html": true,
        "json": true
      },
      "version": "6.2.0"
    }
  }
}