{
  "stats": {
    "suites": 4,
    "tests": 11,
    "passes": 11,
    "pending": 0,
    "failures": 0,
    "start": "2024-02-27T02:26:20.651Z",
    "end": "2024-02-27T02:27:11.952Z",
    "duration": 51301,
    "testsRegistered": 11,
    "passPercent": 100,
    "pendingPercent": 0,
    "other": 0,
    "hasOther": false,
    "skipped": 0,
    "hasSkipped": false
  },
  "results": [
    {
      "uuid": "eca910ee-ec87-4d83-bf01-e4609e444986",
      "title": "",
      "fullFile": "cypress\\e2e\\testsuite.cy.js",
      "file": "cypress\\e2e\\testsuite.cy.js",
      "beforeHooks": [],
      "afterHooks": [],
      "tests": [],
      "suites": [
        {
          "uuid": "c2652038-dc27-4334-87ae-e8f3c616faaf",
          "title": "Kelp E2E Testing",
          "fullFile": "",
          "file": "",
          "beforeHooks": [],
          "afterHooks": [],
          "tests": [],
          "suites": [
            {
              "uuid": "e1b17bea-28e2-4165-bb15-81387147ad01",
              "title": "基本公卫5.6[国家版]",
              "fullFile": "",
              "file": "",
              "beforeHooks": [],
              "afterHooks": [],
              "tests": [],
              "suites": [
                {
                  "uuid": "61fc488a-d16c-4a53-bcf3-db2e221bb569",
                  "title": "系统登录",
                  "fullFile": "",
                  "file": "",
                  "beforeHooks": [],
                  "afterHooks": [],
                  "tests": [
                    {
                      "title": "访问系统",
                      "fullTitle": "Kelp E2E Testing 基本公卫5.6[国家版] 系统登录 访问系统",
                      "timedOut": null,
                      "duration": 5989,
                      "state": "passed",
                      "speed": "medium",
                      "pass": true,
                      "fail": false,
                      "pending": false,
                      "context": null,
                      "code": "cy.wait(2000);\nif (step.iframekey) {\n  const iframesStr = step.iframekey;\n  let iframe = null;\n  iframesStr.forEach(iframeStr => {\n    if (!iframe) {\n      iframe = cy.get(iframeStr);\n    } else {\n      iframe = iframe.onIframeLoad(iframeStr).find(iframeStr);\n    }\n  });\n  iframe.onIframeLoad(step.key).then(iframebody => {\n    cy.exeAction(step, iframebody);\n  });\n} else {\n  cy.exeAction(step);\n}\n//最后一步可能录制不下来，等待2秒。\nif (testcase.steps.length == index + 1) {\n  cy.wait(2000);\n}",
                      "err": {},
                      "uuid": "b4011c7f-a753-4844-87f9-54ea9035e68e",
                      "parentUUID": "61fc488a-d16c-4a53-bcf3-db2e221bb569",
                      "isHook": false,
                      "skipped": false
                    },
                    {
                      "title": "填写登录表单",
                      "fullTitle": "Kelp E2E Testing 基本公卫5.6[国家版] 系统登录 填写登录表单",
                      "timedOut": null,
                      "duration": 3248,
                      "state": "passed",
                      "speed": "fast",
                      "pass": true,
                      "fail": false,
                      "pending": false,
                      "context": null,
                      "code": "cy.wait(2000);\nif (step.iframekey) {\n  const iframesStr = step.iframekey;\n  let iframe = null;\n  iframesStr.forEach(iframeStr => {\n    if (!iframe) {\n      iframe = cy.get(iframeStr);\n    } else {\n      iframe = iframe.onIframeLoad(iframeStr).find(iframeStr);\n    }\n  });\n  iframe.onIframeLoad(step.key).then(iframebody => {\n    cy.exeAction(step, iframebody);\n  });\n} else {\n  cy.exeAction(step);\n}\n//最后一步可能录制不下来，等待2秒。\nif (testcase.steps.length == index + 1) {\n  cy.wait(2000);\n}",
                      "err": {},
                      "uuid": "2e480c62-6ee4-46ad-89b4-503c6f8362a7",
                      "parentUUID": "61fc488a-d16c-4a53-bcf3-db2e221bb569",
                      "isHook": false,
                      "skipped": false
                    },
                    {
                      "title": "点击登录按钮",
                      "fullTitle": "Kelp E2E Testing 基本公卫5.6[国家版] 系统登录 点击登录按钮",
                      "timedOut": null,
                      "duration": 6937,
                      "state": "passed",
                      "speed": "medium",
                      "pass": true,
                      "fail": false,
                      "pending": false,
                      "context": null,
                      "code": "cy.wait(2000);\nif (step.iframekey) {\n  const iframesStr = step.iframekey;\n  let iframe = null;\n  iframesStr.forEach(iframeStr => {\n    if (!iframe) {\n      iframe = cy.get(iframeStr);\n    } else {\n      iframe = iframe.onIframeLoad(iframeStr).find(iframeStr);\n    }\n  });\n  iframe.onIframeLoad(step.key).then(iframebody => {\n    cy.exeAction(step, iframebody);\n  });\n} else {\n  cy.exeAction(step);\n}\n//最后一步可能录制不下来，等待2秒。\nif (testcase.steps.length == index + 1) {\n  cy.wait(2000);\n}",
                      "err": {},
                      "uuid": "e3609efa-db83-4d60-8223-74652ee23ceb",
                      "parentUUID": "61fc488a-d16c-4a53-bcf3-db2e221bb569",
                      "isHook": false,
                      "skipped": false
                    }
                  ],
                  "suites": [],
                  "passes": [
                    "b4011c7f-a753-4844-87f9-54ea9035e68e",
                    "2e480c62-6ee4-46ad-89b4-503c6f8362a7",
                    "e3609efa-db83-4d60-8223-74652ee23ceb"
                  ],
                  "failures": [],
                  "pending": [],
                  "skipped": [],
                  "duration": 16174,
                  "root": false,
                  "rootEmpty": false,
                  "_timeout": 2000
                },
                {
                  "uuid": "de95afca-d3bb-4852-a62d-7f8e9d78a541",
                  "title": "修改个人档案",
                  "fullFile": "",
                  "file": "",
                  "beforeHooks": [],
                  "afterHooks": [],
                  "tests": [
                    {
                      "title": "悬浮健康档案一级菜单",
                      "fullTitle": "Kelp E2E Testing 基本公卫5.6[国家版] 修改个人档案 悬浮健康档案一级菜单",
                      "timedOut": null,
                      "duration": 2199,
                      "state": "passed",
                      "speed": "fast",
                      "pass": true,
                      "fail": false,
                      "pending": false,
                      "context": null,
                      "code": "cy.wait(2000);\nif (step.iframekey) {\n  const iframesStr = step.iframekey;\n  let iframe = null;\n  iframesStr.forEach(iframeStr => {\n    if (!iframe) {\n      iframe = cy.get(iframeStr);\n    } else {\n      iframe = iframe.onIframeLoad(iframeStr).find(iframeStr);\n    }\n  });\n  iframe.onIframeLoad(step.key).then(iframebody => {\n    cy.exeAction(step, iframebody);\n  });\n} else {\n  cy.exeAction(step);\n}\n//最后一步可能录制不下来，等待2秒。\nif (testcase.steps.length == index + 1) {\n  cy.wait(2000);\n}",
                      "err": {},
                      "uuid": "ea75a610-c614-4553-bd93-5b15a9b4bd1d",
                      "parentUUID": "de95afca-d3bb-4852-a62d-7f8e9d78a541",
                      "isHook": false,
                      "skipped": false
                    },
                    {
                      "title": "点击居民健康档案管理二级菜单",
                      "fullTitle": "Kelp E2E Testing 基本公卫5.6[国家版] 修改个人档案 点击居民健康档案管理二级菜单",
                      "timedOut": null,
                      "duration": 2150,
                      "state": "passed",
                      "speed": "fast",
                      "pass": true,
                      "fail": false,
                      "pending": false,
                      "context": null,
                      "code": "cy.wait(2000);\nif (step.iframekey) {\n  const iframesStr = step.iframekey;\n  let iframe = null;\n  iframesStr.forEach(iframeStr => {\n    if (!iframe) {\n      iframe = cy.get(iframeStr);\n    } else {\n      iframe = iframe.onIframeLoad(iframeStr).find(iframeStr);\n    }\n  });\n  iframe.onIframeLoad(step.key).then(iframebody => {\n    cy.exeAction(step, iframebody);\n  });\n} else {\n  cy.exeAction(step);\n}\n//最后一步可能录制不下来，等待2秒。\nif (testcase.steps.length == index + 1) {\n  cy.wait(2000);\n}",
                      "err": {},
                      "uuid": "9491c28e-f545-494a-a932-c94386514bc0",
                      "parentUUID": "de95afca-d3bb-4852-a62d-7f8e9d78a541",
                      "isHook": false,
                      "skipped": false
                    },
                    {
                      "title": "填写个人基本信息列表查询条件",
                      "fullTitle": "Kelp E2E Testing 基本公卫5.6[国家版] 修改个人档案 填写个人基本信息列表查询条件",
                      "timedOut": null,
                      "duration": 4289,
                      "state": "passed",
                      "speed": "fast",
                      "pass": true,
                      "fail": false,
                      "pending": false,
                      "context": null,
                      "code": "cy.wait(2000);\nif (step.iframekey) {\n  const iframesStr = step.iframekey;\n  let iframe = null;\n  iframesStr.forEach(iframeStr => {\n    if (!iframe) {\n      iframe = cy.get(iframeStr);\n    } else {\n      iframe = iframe.onIframeLoad(iframeStr).find(iframeStr);\n    }\n  });\n  iframe.onIframeLoad(step.key).then(iframebody => {\n    cy.exeAction(step, iframebody);\n  });\n} else {\n  cy.exeAction(step);\n}\n//最后一步可能录制不下来，等待2秒。\nif (testcase.steps.length == index + 1) {\n  cy.wait(2000);\n}",
                      "err": {},
                      "uuid": "12c0384a-2776-41d9-9596-96897ce83158",
                      "parentUUID": "de95afca-d3bb-4852-a62d-7f8e9d78a541",
                      "isHook": false,
                      "skipped": false
                    },
                    {
                      "title": "点击个人基本信息列表查询按钮",
                      "fullTitle": "Kelp E2E Testing 基本公卫5.6[国家版] 修改个人档案 点击个人基本信息列表查询按钮",
                      "timedOut": null,
                      "duration": 2184,
                      "state": "passed",
                      "speed": "fast",
                      "pass": true,
                      "fail": false,
                      "pending": false,
                      "context": null,
                      "code": "cy.wait(2000);\nif (step.iframekey) {\n  const iframesStr = step.iframekey;\n  let iframe = null;\n  iframesStr.forEach(iframeStr => {\n    if (!iframe) {\n      iframe = cy.get(iframeStr);\n    } else {\n      iframe = iframe.onIframeLoad(iframeStr).find(iframeStr);\n    }\n  });\n  iframe.onIframeLoad(step.key).then(iframebody => {\n    cy.exeAction(step, iframebody);\n  });\n} else {\n  cy.exeAction(step);\n}\n//最后一步可能录制不下来，等待2秒。\nif (testcase.steps.length == index + 1) {\n  cy.wait(2000);\n}",
                      "err": {},
                      "uuid": "3239a3fb-f670-4d0f-abad-1b9acb3e15a5",
                      "parentUUID": "de95afca-d3bb-4852-a62d-7f8e9d78a541",
                      "isHook": false,
                      "skipped": false
                    },
                    {
                      "title": "点击个人基本信息列表查询结果",
                      "fullTitle": "Kelp E2E Testing 基本公卫5.6[国家版] 修改个人档案 点击个人基本信息列表查询结果",
                      "timedOut": null,
                      "duration": 2215,
                      "state": "passed",
                      "speed": "fast",
                      "pass": true,
                      "fail": false,
                      "pending": false,
                      "context": null,
                      "code": "cy.wait(2000);\nif (step.iframekey) {\n  const iframesStr = step.iframekey;\n  let iframe = null;\n  iframesStr.forEach(iframeStr => {\n    if (!iframe) {\n      iframe = cy.get(iframeStr);\n    } else {\n      iframe = iframe.onIframeLoad(iframeStr).find(iframeStr);\n    }\n  });\n  iframe.onIframeLoad(step.key).then(iframebody => {\n    cy.exeAction(step, iframebody);\n  });\n} else {\n  cy.exeAction(step);\n}\n//最后一步可能录制不下来，等待2秒。\nif (testcase.steps.length == index + 1) {\n  cy.wait(2000);\n}",
                      "err": {},
                      "uuid": "e0400f25-409a-4236-a5ee-6fb2b759c0a1",
                      "parentUUID": "de95afca-d3bb-4852-a62d-7f8e9d78a541",
                      "isHook": false,
                      "skipped": false
                    },
                    {
                      "title": "点击个人基本信息修改按钮",
                      "fullTitle": "Kelp E2E Testing 基本公卫5.6[国家版] 修改个人档案 点击个人基本信息修改按钮",
                      "timedOut": null,
                      "duration": 5440,
                      "state": "passed",
                      "speed": "medium",
                      "pass": true,
                      "fail": false,
                      "pending": false,
                      "context": null,
                      "code": "cy.wait(2000);\nif (step.iframekey) {\n  const iframesStr = step.iframekey;\n  let iframe = null;\n  iframesStr.forEach(iframeStr => {\n    if (!iframe) {\n      iframe = cy.get(iframeStr);\n    } else {\n      iframe = iframe.onIframeLoad(iframeStr).find(iframeStr);\n    }\n  });\n  iframe.onIframeLoad(step.key).then(iframebody => {\n    cy.exeAction(step, iframebody);\n  });\n} else {\n  cy.exeAction(step);\n}\n//最后一步可能录制不下来，等待2秒。\nif (testcase.steps.length == index + 1) {\n  cy.wait(2000);\n}",
                      "err": {},
                      "uuid": "a59d1268-ee32-4788-b774-8217dbb3380d",
                      "parentUUID": "de95afca-d3bb-4852-a62d-7f8e9d78a541",
                      "isHook": false,
                      "skipped": false
                    },
                    {
                      "title": "填写个人基本信息表单",
                      "fullTitle": "Kelp E2E Testing 基本公卫5.6[国家版] 修改个人档案 填写个人基本信息表单",
                      "timedOut": null,
                      "duration": 3227,
                      "state": "passed",
                      "speed": "fast",
                      "pass": true,
                      "fail": false,
                      "pending": false,
                      "context": null,
                      "code": "cy.wait(2000);\nif (step.iframekey) {\n  const iframesStr = step.iframekey;\n  let iframe = null;\n  iframesStr.forEach(iframeStr => {\n    if (!iframe) {\n      iframe = cy.get(iframeStr);\n    } else {\n      iframe = iframe.onIframeLoad(iframeStr).find(iframeStr);\n    }\n  });\n  iframe.onIframeLoad(step.key).then(iframebody => {\n    cy.exeAction(step, iframebody);\n  });\n} else {\n  cy.exeAction(step);\n}\n//最后一步可能录制不下来，等待2秒。\nif (testcase.steps.length == index + 1) {\n  cy.wait(2000);\n}",
                      "err": {},
                      "uuid": "4acbf1dc-8827-4521-b7e8-cfb151a89c74",
                      "parentUUID": "de95afca-d3bb-4852-a62d-7f8e9d78a541",
                      "isHook": false,
                      "skipped": false
                    },
                    {
                      "title": "填写个人基本信息表单",
                      "fullTitle": "Kelp E2E Testing 基本公卫5.6[国家版] 修改个人档案 填写个人基本信息表单",
                      "timedOut": null,
                      "duration": 7344,
                      "state": "passed",
                      "speed": "medium",
                      "pass": true,
                      "fail": false,
                      "pending": false,
                      "context": null,
                      "code": "cy.wait(2000);\nif (step.iframekey) {\n  const iframesStr = step.iframekey;\n  let iframe = null;\n  iframesStr.forEach(iframeStr => {\n    if (!iframe) {\n      iframe = cy.get(iframeStr);\n    } else {\n      iframe = iframe.onIframeLoad(iframeStr).find(iframeStr);\n    }\n  });\n  iframe.onIframeLoad(step.key).then(iframebody => {\n    cy.exeAction(step, iframebody);\n  });\n} else {\n  cy.exeAction(step);\n}\n//最后一步可能录制不下来，等待2秒。\nif (testcase.steps.length == index + 1) {\n  cy.wait(2000);\n}",
                      "err": {},
                      "uuid": "5f0b6bb4-ac2e-42cb-bbcf-2405d8a452bc",
                      "parentUUID": "de95afca-d3bb-4852-a62d-7f8e9d78a541",
                      "isHook": false,
                      "skipped": false
                    }
                  ],
                  "suites": [],
                  "passes": [
                    "ea75a610-c614-4553-bd93-5b15a9b4bd1d",
                    "9491c28e-f545-494a-a932-c94386514bc0",
                    "12c0384a-2776-41d9-9596-96897ce83158",
                    "3239a3fb-f670-4d0f-abad-1b9acb3e15a5",
                    "e0400f25-409a-4236-a5ee-6fb2b759c0a1",
                    "a59d1268-ee32-4788-b774-8217dbb3380d",
                    "4acbf1dc-8827-4521-b7e8-cfb151a89c74",
                    "5f0b6bb4-ac2e-42cb-bbcf-2405d8a452bc"
                  ],
                  "failures": [],
                  "pending": [],
                  "skipped": [],
                  "duration": 29048,
                  "root": false,
                  "rootEmpty": false,
                  "_timeout": 2000
                }
              ],
              "passes": [],
              "failures": [],
              "pending": [],
              "skipped": [],
              "duration": 0,
              "root": false,
              "rootEmpty": false,
              "_timeout": 2000
            }
          ],
          "passes": [],
          "failures": [],
          "pending": [],
          "skipped": [],
          "duration": 0,
          "root": false,
          "rootEmpty": false,
          "_timeout": 2000
        }
      ],
      "passes": [],
      "failures": [],
      "pending": [],
      "skipped": [],
      "duration": 0,
      "root": true,
      "rootEmpty": true,
      "_timeout": 2000
    }
  ],
  "meta": {
    "mocha": {
      "version": "7.0.1"
    },
    "mochawesome": {
      "options": {
        "quiet": false,
        "reportFilename": "mochawesome",
        "saveHtml": true,
        "saveJson": true,
        "consoleReporter": "spec",
        "useInlineDiffs": false,
        "code": true
      },
      "version": "7.1.3"
    },
    "marge": {
      "options": {
        "reportDir": "src/assets/cypress/results/7294f70b-5914-4171-8b40-c4049ea92aa4",
        "overwrite": true,
        "html": true,
        "json": true
      },
      "version": "6.2.0"
    }
  }
}