{
  "stats": {
    "suites": 4,
    "tests": 13,
    "passes": 13,
    "pending": 0,
    "failures": 0,
    "start": "2024-03-07T01:17:23.674Z",
    "end": "2024-03-07T01:18:37.442Z",
    "duration": 73768,
    "testsRegistered": 13,
    "passPercent": 100,
    "pendingPercent": 0,
    "other": 0,
    "hasOther": false,
    "skipped": 0,
    "hasSkipped": false
  },
  "results": [
    {
      "uuid": "8d405314-f093-4606-885e-b812066fcab0",
      "title": "",
      "fullFile": "cypress\\e2e\\testsuite.cy.js",
      "file": "cypress\\e2e\\testsuite.cy.js",
      "beforeHooks": [],
      "afterHooks": [],
      "tests": [],
      "suites": [
        {
          "uuid": "41253039-cc9a-4ea6-bc30-c7b6f0921895",
          "title": "Kelp E2E Testing",
          "fullFile": "",
          "file": "",
          "beforeHooks": [],
          "afterHooks": [],
          "tests": [],
          "suites": [
            {
              "uuid": "70ade362-80f1-438b-a210-5607aca57eca",
              "title": "基础版",
              "fullFile": "",
              "file": "",
              "beforeHooks": [],
              "afterHooks": [],
              "tests": [],
              "suites": [
                {
                  "uuid": "9080f722-0087-4b5b-977c-3ed9b6081e7e",
                  "title": "登录系统",
                  "fullFile": "",
                  "file": "",
                  "beforeHooks": [],
                  "afterHooks": [],
                  "tests": [
                    {
                      "title": "访问基本诊疗5.6系统",
                      "fullTitle": "Kelp E2E Testing 基础版 登录系统 访问基本诊疗5.6系统",
                      "timedOut": null,
                      "duration": 11654,
                      "state": "passed",
                      "speed": "slow",
                      "pass": true,
                      "fail": false,
                      "pending": false,
                      "context": null,
                      "code": "cy.wait(1500);\nif (step.iframekey) {\n  const iframesStr = step.iframekey;\n  let iframe = null;\n  iframesStr.forEach(iframeStr => {\n    if (!iframe) {\n      iframe = cy.get(iframeStr);\n    } else {\n      iframe = iframe.onIframeLoad(iframeStr).find(iframeStr);\n    }\n  });\n  iframe.onIframeLoad(step.key).then(iframebody => {\n    cy.exeAction(step, iframebody);\n  });\n} else {\n  cy.exeAction(step);\n}\n//最后一步可能录制不下来，等待2秒。\nif (testcase.steps.length == index + 1) {\n  cy.wait(2000);\n}",
                      "err": {},
                      "uuid": "14393254-bc7b-4723-a6ba-16c1944369b0",
                      "parentUUID": "9080f722-0087-4b5b-977c-3ed9b6081e7e",
                      "isHook": false,
                      "skipped": false
                    },
                    {
                      "title": "填写登录表单",
                      "fullTitle": "Kelp E2E Testing 基础版 登录系统 填写登录表单",
                      "timedOut": null,
                      "duration": 2479,
                      "state": "passed",
                      "speed": "fast",
                      "pass": true,
                      "fail": false,
                      "pending": false,
                      "context": null,
                      "code": "cy.wait(1500);\nif (step.iframekey) {\n  const iframesStr = step.iframekey;\n  let iframe = null;\n  iframesStr.forEach(iframeStr => {\n    if (!iframe) {\n      iframe = cy.get(iframeStr);\n    } else {\n      iframe = iframe.onIframeLoad(iframeStr).find(iframeStr);\n    }\n  });\n  iframe.onIframeLoad(step.key).then(iframebody => {\n    cy.exeAction(step, iframebody);\n  });\n} else {\n  cy.exeAction(step);\n}\n//最后一步可能录制不下来，等待2秒。\nif (testcase.steps.length == index + 1) {\n  cy.wait(2000);\n}",
                      "err": {},
                      "uuid": "e18ba3b1-e6ba-41db-ac38-904b6e02cdf0",
                      "parentUUID": "9080f722-0087-4b5b-977c-3ed9b6081e7e",
                      "isHook": false,
                      "skipped": false
                    },
                    {
                      "title": "点击登录按钮",
                      "fullTitle": "Kelp E2E Testing 基础版 登录系统 点击登录按钮",
                      "timedOut": null,
                      "duration": 4643,
                      "state": "passed",
                      "speed": "fast",
                      "pass": true,
                      "fail": false,
                      "pending": false,
                      "context": null,
                      "code": "cy.wait(1500);\nif (step.iframekey) {\n  const iframesStr = step.iframekey;\n  let iframe = null;\n  iframesStr.forEach(iframeStr => {\n    if (!iframe) {\n      iframe = cy.get(iframeStr);\n    } else {\n      iframe = iframe.onIframeLoad(iframeStr).find(iframeStr);\n    }\n  });\n  iframe.onIframeLoad(step.key).then(iframebody => {\n    cy.exeAction(step, iframebody);\n  });\n} else {\n  cy.exeAction(step);\n}\n//最后一步可能录制不下来，等待2秒。\nif (testcase.steps.length == index + 1) {\n  cy.wait(2000);\n}",
                      "err": {},
                      "uuid": "856c6281-c44c-4e10-a1e5-ecd023d44bb3",
                      "parentUUID": "9080f722-0087-4b5b-977c-3ed9b6081e7e",
                      "isHook": false,
                      "skipped": false
                    }
                  ],
                  "suites": [],
                  "passes": [
                    "14393254-bc7b-4723-a6ba-16c1944369b0",
                    "e18ba3b1-e6ba-41db-ac38-904b6e02cdf0",
                    "856c6281-c44c-4e10-a1e5-ecd023d44bb3"
                  ],
                  "failures": [],
                  "pending": [],
                  "skipped": [],
                  "duration": 18776,
                  "root": false,
                  "rootEmpty": false,
                  "_timeout": 2000
                },
                {
                  "uuid": "d3d88d6c-41aa-4d76-bfff-4bca964a47ae",
                  "title": "新建档案",
                  "fullFile": "",
                  "file": "",
                  "beforeHooks": [],
                  "afterHooks": [],
                  "tests": [
                    {
                      "title": "点击更多菜单按钮",
                      "fullTitle": "Kelp E2E Testing 基础版 新建档案 点击更多菜单按钮",
                      "timedOut": null,
                      "duration": 4734,
                      "state": "passed",
                      "speed": "fast",
                      "pass": true,
                      "fail": false,
                      "pending": false,
                      "context": null,
                      "code": "cy.wait(1500);\nif (step.iframekey) {\n  const iframesStr = step.iframekey;\n  let iframe = null;\n  iframesStr.forEach(iframeStr => {\n    if (!iframe) {\n      iframe = cy.get(iframeStr);\n    } else {\n      iframe = iframe.onIframeLoad(iframeStr).find(iframeStr);\n    }\n  });\n  iframe.onIframeLoad(step.key).then(iframebody => {\n    cy.exeAction(step, iframebody);\n  });\n} else {\n  cy.exeAction(step);\n}\n//最后一步可能录制不下来，等待2秒。\nif (testcase.steps.length == index + 1) {\n  cy.wait(2000);\n}",
                      "err": {},
                      "uuid": "dba7847f-e952-4a68-af01-b57ccd57cee7",
                      "parentUUID": "d3d88d6c-41aa-4d76-bfff-4bca964a47ae",
                      "isHook": false,
                      "skipped": false
                    },
                    {
                      "title": "点击门诊管理菜单",
                      "fullTitle": "Kelp E2E Testing 基础版 新建档案 点击门诊管理菜单",
                      "timedOut": null,
                      "duration": 1688,
                      "state": "passed",
                      "speed": "fast",
                      "pass": true,
                      "fail": false,
                      "pending": false,
                      "context": null,
                      "code": "cy.wait(1500);\nif (step.iframekey) {\n  const iframesStr = step.iframekey;\n  let iframe = null;\n  iframesStr.forEach(iframeStr => {\n    if (!iframe) {\n      iframe = cy.get(iframeStr);\n    } else {\n      iframe = iframe.onIframeLoad(iframeStr).find(iframeStr);\n    }\n  });\n  iframe.onIframeLoad(step.key).then(iframebody => {\n    cy.exeAction(step, iframebody);\n  });\n} else {\n  cy.exeAction(step);\n}\n//最后一步可能录制不下来，等待2秒。\nif (testcase.steps.length == index + 1) {\n  cy.wait(2000);\n}",
                      "err": {},
                      "uuid": "2017a3ac-c82a-4aeb-84fe-19bda50f9efd",
                      "parentUUID": "d3d88d6c-41aa-4d76-bfff-4bca964a47ae",
                      "isHook": false,
                      "skipped": false
                    },
                    {
                      "title": "点击门诊挂号菜单",
                      "fullTitle": "Kelp E2E Testing 基础版 新建档案 点击门诊挂号菜单",
                      "timedOut": null,
                      "duration": 1659,
                      "state": "passed",
                      "speed": "fast",
                      "pass": true,
                      "fail": false,
                      "pending": false,
                      "context": null,
                      "code": "cy.wait(1500);\nif (step.iframekey) {\n  const iframesStr = step.iframekey;\n  let iframe = null;\n  iframesStr.forEach(iframeStr => {\n    if (!iframe) {\n      iframe = cy.get(iframeStr);\n    } else {\n      iframe = iframe.onIframeLoad(iframeStr).find(iframeStr);\n    }\n  });\n  iframe.onIframeLoad(step.key).then(iframebody => {\n    cy.exeAction(step, iframebody);\n  });\n} else {\n  cy.exeAction(step);\n}\n//最后一步可能录制不下来，等待2秒。\nif (testcase.steps.length == index + 1) {\n  cy.wait(2000);\n}",
                      "err": {},
                      "uuid": "e43f9064-a667-4429-9653-af8f44223926",
                      "parentUUID": "d3d88d6c-41aa-4d76-bfff-4bca964a47ae",
                      "isHook": false,
                      "skipped": false
                    },
                    {
                      "title": "填写门诊挂号读卡条件",
                      "fullTitle": "Kelp E2E Testing 基础版 新建档案 填写门诊挂号读卡条件",
                      "timedOut": null,
                      "duration": 13237,
                      "state": "passed",
                      "speed": "slow",
                      "pass": true,
                      "fail": false,
                      "pending": false,
                      "context": null,
                      "code": "cy.wait(1500);\nif (step.iframekey) {\n  const iframesStr = step.iframekey;\n  let iframe = null;\n  iframesStr.forEach(iframeStr => {\n    if (!iframe) {\n      iframe = cy.get(iframeStr);\n    } else {\n      iframe = iframe.onIframeLoad(iframeStr).find(iframeStr);\n    }\n  });\n  iframe.onIframeLoad(step.key).then(iframebody => {\n    cy.exeAction(step, iframebody);\n  });\n} else {\n  cy.exeAction(step);\n}\n//最后一步可能录制不下来，等待2秒。\nif (testcase.steps.length == index + 1) {\n  cy.wait(2000);\n}",
                      "err": {},
                      "uuid": "e325c6c4-b21a-4519-8130-880a905bb119",
                      "parentUUID": "d3d88d6c-41aa-4d76-bfff-4bca964a47ae",
                      "isHook": false,
                      "skipped": false
                    },
                    {
                      "title": "点击读卡按钮",
                      "fullTitle": "Kelp E2E Testing 基础版 新建档案 点击读卡按钮",
                      "timedOut": null,
                      "duration": 2161,
                      "state": "passed",
                      "speed": "fast",
                      "pass": true,
                      "fail": false,
                      "pending": false,
                      "context": null,
                      "code": "cy.wait(1500);\nif (step.iframekey) {\n  const iframesStr = step.iframekey;\n  let iframe = null;\n  iframesStr.forEach(iframeStr => {\n    if (!iframe) {\n      iframe = cy.get(iframeStr);\n    } else {\n      iframe = iframe.onIframeLoad(iframeStr).find(iframeStr);\n    }\n  });\n  iframe.onIframeLoad(step.key).then(iframebody => {\n    cy.exeAction(step, iframebody);\n  });\n} else {\n  cy.exeAction(step);\n}\n//最后一步可能录制不下来，等待2秒。\nif (testcase.steps.length == index + 1) {\n  cy.wait(2000);\n}",
                      "err": {},
                      "uuid": "61136ae9-9925-4f95-8adb-6936c825ef49",
                      "parentUUID": "d3d88d6c-41aa-4d76-bfff-4bca964a47ae",
                      "isHook": false,
                      "skipped": false
                    },
                    {
                      "title": "点击是否新增建档取消按钮",
                      "fullTitle": "Kelp E2E Testing 基础版 新建档案 点击是否新增建档取消按钮",
                      "timedOut": null,
                      "duration": 2101,
                      "state": "passed",
                      "speed": "fast",
                      "pass": true,
                      "fail": false,
                      "pending": false,
                      "context": null,
                      "code": "cy.wait(1500);\nif (step.iframekey) {\n  const iframesStr = step.iframekey;\n  let iframe = null;\n  iframesStr.forEach(iframeStr => {\n    if (!iframe) {\n      iframe = cy.get(iframeStr);\n    } else {\n      iframe = iframe.onIframeLoad(iframeStr).find(iframeStr);\n    }\n  });\n  iframe.onIframeLoad(step.key).then(iframebody => {\n    cy.exeAction(step, iframebody);\n  });\n} else {\n  cy.exeAction(step);\n}\n//最后一步可能录制不下来，等待2秒。\nif (testcase.steps.length == index + 1) {\n  cy.wait(2000);\n}",
                      "err": {},
                      "uuid": "78a24f30-764a-489c-93a4-1e601845439c",
                      "parentUUID": "d3d88d6c-41aa-4d76-bfff-4bca964a47ae",
                      "isHook": false,
                      "skipped": false
                    },
                    {
                      "title": "点击读卡按钮",
                      "fullTitle": "Kelp E2E Testing 基础版 新建档案 点击读卡按钮",
                      "timedOut": null,
                      "duration": 2192,
                      "state": "passed",
                      "speed": "fast",
                      "pass": true,
                      "fail": false,
                      "pending": false,
                      "context": null,
                      "code": "cy.wait(1500);\nif (step.iframekey) {\n  const iframesStr = step.iframekey;\n  let iframe = null;\n  iframesStr.forEach(iframeStr => {\n    if (!iframe) {\n      iframe = cy.get(iframeStr);\n    } else {\n      iframe = iframe.onIframeLoad(iframeStr).find(iframeStr);\n    }\n  });\n  iframe.onIframeLoad(step.key).then(iframebody => {\n    cy.exeAction(step, iframebody);\n  });\n} else {\n  cy.exeAction(step);\n}\n//最后一步可能录制不下来，等待2秒。\nif (testcase.steps.length == index + 1) {\n  cy.wait(2000);\n}",
                      "err": {},
                      "uuid": "8735d016-ad67-4c21-88b0-28b6edbaf5ca",
                      "parentUUID": "d3d88d6c-41aa-4d76-bfff-4bca964a47ae",
                      "isHook": false,
                      "skipped": false
                    },
                    {
                      "title": "点击是否新增建档确定按钮",
                      "fullTitle": "Kelp E2E Testing 基础版 新建档案 点击是否新增建档确定按钮",
                      "timedOut": null,
                      "duration": 1645,
                      "state": "passed",
                      "speed": "fast",
                      "pass": true,
                      "fail": false,
                      "pending": false,
                      "context": null,
                      "code": "cy.wait(1500);\nif (step.iframekey) {\n  const iframesStr = step.iframekey;\n  let iframe = null;\n  iframesStr.forEach(iframeStr => {\n    if (!iframe) {\n      iframe = cy.get(iframeStr);\n    } else {\n      iframe = iframe.onIframeLoad(iframeStr).find(iframeStr);\n    }\n  });\n  iframe.onIframeLoad(step.key).then(iframebody => {\n    cy.exeAction(step, iframebody);\n  });\n} else {\n  cy.exeAction(step);\n}\n//最后一步可能录制不下来，等待2秒。\nif (testcase.steps.length == index + 1) {\n  cy.wait(2000);\n}",
                      "err": {},
                      "uuid": "22059ba8-468a-48f1-8502-f49060b6a4dd",
                      "parentUUID": "d3d88d6c-41aa-4d76-bfff-4bca964a47ae",
                      "isHook": false,
                      "skipped": false
                    },
                    {
                      "title": "填写患者档案",
                      "fullTitle": "Kelp E2E Testing 基础版 新建档案 填写患者档案",
                      "timedOut": null,
                      "duration": 16276,
                      "state": "passed",
                      "speed": "slow",
                      "pass": true,
                      "fail": false,
                      "pending": false,
                      "context": null,
                      "code": "cy.wait(1500);\nif (step.iframekey) {\n  const iframesStr = step.iframekey;\n  let iframe = null;\n  iframesStr.forEach(iframeStr => {\n    if (!iframe) {\n      iframe = cy.get(iframeStr);\n    } else {\n      iframe = iframe.onIframeLoad(iframeStr).find(iframeStr);\n    }\n  });\n  iframe.onIframeLoad(step.key).then(iframebody => {\n    cy.exeAction(step, iframebody);\n  });\n} else {\n  cy.exeAction(step);\n}\n//最后一步可能录制不下来，等待2秒。\nif (testcase.steps.length == index + 1) {\n  cy.wait(2000);\n}",
                      "err": {},
                      "uuid": "f38dcd86-0670-420b-aa7e-dfd7bb37a44f",
                      "parentUUID": "d3d88d6c-41aa-4d76-bfff-4bca964a47ae",
                      "isHook": false,
                      "skipped": false
                    },
                    {
                      "title": "点击患者档案表单保存按钮",
                      "fullTitle": "Kelp E2E Testing 基础版 新建档案 点击患者档案表单保存按钮",
                      "timedOut": null,
                      "duration": 4620,
                      "state": "passed",
                      "speed": "fast",
                      "pass": true,
                      "fail": false,
                      "pending": false,
                      "context": null,
                      "code": "cy.wait(1500);\nif (step.iframekey) {\n  const iframesStr = step.iframekey;\n  let iframe = null;\n  iframesStr.forEach(iframeStr => {\n    if (!iframe) {\n      iframe = cy.get(iframeStr);\n    } else {\n      iframe = iframe.onIframeLoad(iframeStr).find(iframeStr);\n    }\n  });\n  iframe.onIframeLoad(step.key).then(iframebody => {\n    cy.exeAction(step, iframebody);\n  });\n} else {\n  cy.exeAction(step);\n}\n//最后一步可能录制不下来，等待2秒。\nif (testcase.steps.length == index + 1) {\n  cy.wait(2000);\n}",
                      "err": {},
                      "uuid": "f4ebef86-740f-485c-8833-e13d04d576ea",
                      "parentUUID": "d3d88d6c-41aa-4d76-bfff-4bca964a47ae",
                      "isHook": false,
                      "skipped": false
                    }
                  ],
                  "suites": [],
                  "passes": [
                    "dba7847f-e952-4a68-af01-b57ccd57cee7",
                    "2017a3ac-c82a-4aeb-84fe-19bda50f9efd",
                    "e43f9064-a667-4429-9653-af8f44223926",
                    "e325c6c4-b21a-4519-8130-880a905bb119",
                    "61136ae9-9925-4f95-8adb-6936c825ef49",
                    "78a24f30-764a-489c-93a4-1e601845439c",
                    "8735d016-ad67-4c21-88b0-28b6edbaf5ca",
                    "22059ba8-468a-48f1-8502-f49060b6a4dd",
                    "f38dcd86-0670-420b-aa7e-dfd7bb37a44f",
                    "f4ebef86-740f-485c-8833-e13d04d576ea"
                  ],
                  "failures": [],
                  "pending": [],
                  "skipped": [],
                  "duration": 50313,
                  "root": false,
                  "rootEmpty": false,
                  "_timeout": 2000
                }
              ],
              "passes": [],
              "failures": [],
              "pending": [],
              "skipped": [],
              "duration": 0,
              "root": false,
              "rootEmpty": false,
              "_timeout": 2000
            }
          ],
          "passes": [],
          "failures": [],
          "pending": [],
          "skipped": [],
          "duration": 0,
          "root": false,
          "rootEmpty": false,
          "_timeout": 2000
        }
      ],
      "passes": [],
      "failures": [],
      "pending": [],
      "skipped": [],
      "duration": 0,
      "root": true,
      "rootEmpty": true,
      "_timeout": 2000
    }
  ],
  "meta": {
    "mocha": {
      "version": "7.0.1"
    },
    "mochawesome": {
      "options": {
        "quiet": false,
        "reportFilename": "mochawesome",
        "saveHtml": true,
        "saveJson": true,
        "consoleReporter": "spec",
        "useInlineDiffs": false,
        "code": true
      },
      "version": "7.1.3"
    },
    "marge": {
      "options": {
        "reportDir": "src/assets/cypress/results/ae30a969-ce4c-41ea-a6bb-fb93b8a709ec",
        "overwrite": true,
        "html": true,
        "json": true
      },
      "version": "6.2.0"
    }
  }
}