{
  "stats": {
    "suites": 4,
    "tests": 13,
    "passes": 12,
    "pending": 0,
    "failures": 1,
    "start": "2024-03-07T00:56:53.674Z",
    "end": "2024-03-07T00:58:24.645Z",
    "duration": 90971,
    "testsRegistered": 13,
    "passPercent": 92.3076923076923,
    "pendingPercent": 0,
    "other": 0,
    "hasOther": false,
    "skipped": 0,
    "hasSkipped": false
  },
  "results": [
    {
      "uuid": "cb8a483e-fd4d-4da2-8479-ee41c70f0de6",
      "title": "",
      "fullFile": "cypress\\e2e\\testsuite.cy.js",
      "file": "cypress\\e2e\\testsuite.cy.js",
      "beforeHooks": [],
      "afterHooks": [],
      "tests": [],
      "suites": [
        {
          "uuid": "5ec4f36f-ce29-4731-8ab0-238765609a3b",
          "title": "Kelp E2E Testing",
          "fullFile": "",
          "file": "",
          "beforeHooks": [],
          "afterHooks": [],
          "tests": [],
          "suites": [
            {
              "uuid": "55498745-3059-4df8-b903-de5b424f6a90",
              "title": "基础版",
              "fullFile": "",
              "file": "",
              "beforeHooks": [],
              "afterHooks": [],
              "tests": [],
              "suites": [
                {
                  "uuid": "d8e6b720-11ab-494f-b98c-87a3fb160bb5",
                  "title": "登录系统",
                  "fullFile": "",
                  "file": "",
                  "beforeHooks": [],
                  "afterHooks": [],
                  "tests": [
                    {
                      "title": "访问基本诊疗5.6系统",
                      "fullTitle": "Kelp E2E Testing 基础版 登录系统 访问基本诊疗5.6系统",
                      "timedOut": null,
                      "duration": 5834,
                      "state": "passed",
                      "speed": "medium",
                      "pass": true,
                      "fail": false,
                      "pending": false,
                      "context": null,
                      "code": "cy.wait(1500);\nif (step.iframekey) {\n  const iframesStr = step.iframekey;\n  let iframe = null;\n  iframesStr.forEach(iframeStr => {\n    if (!iframe) {\n      iframe = cy.get(iframeStr);\n    } else {\n      iframe = iframe.onIframeLoad(iframeStr).find(iframeStr);\n    }\n  });\n  iframe.onIframeLoad(step.key).then(iframebody => {\n    cy.exeAction(step, iframebody);\n  });\n} else {\n  cy.exeAction(step);\n}\n//最后一步可能录制不下来，等待2秒。\nif (testcase.steps.length == index + 1) {\n  cy.wait(2000);\n}",
                      "err": {},
                      "uuid": "8e7615d2-d662-4936-b059-e713e650556d",
                      "parentUUID": "d8e6b720-11ab-494f-b98c-87a3fb160bb5",
                      "isHook": false,
                      "skipped": false
                    },
                    {
                      "title": "填写登录表单",
                      "fullTitle": "Kelp E2E Testing 基础版 登录系统 填写登录表单",
                      "timedOut": null,
                      "duration": 2467,
                      "state": "passed",
                      "speed": "fast",
                      "pass": true,
                      "fail": false,
                      "pending": false,
                      "context": null,
                      "code": "cy.wait(1500);\nif (step.iframekey) {\n  const iframesStr = step.iframekey;\n  let iframe = null;\n  iframesStr.forEach(iframeStr => {\n    if (!iframe) {\n      iframe = cy.get(iframeStr);\n    } else {\n      iframe = iframe.onIframeLoad(iframeStr).find(iframeStr);\n    }\n  });\n  iframe.onIframeLoad(step.key).then(iframebody => {\n    cy.exeAction(step, iframebody);\n  });\n} else {\n  cy.exeAction(step);\n}\n//最后一步可能录制不下来，等待2秒。\nif (testcase.steps.length == index + 1) {\n  cy.wait(2000);\n}",
                      "err": {},
                      "uuid": "507f6c82-06fa-42b4-8793-816d58831861",
                      "parentUUID": "d8e6b720-11ab-494f-b98c-87a3fb160bb5",
                      "isHook": false,
                      "skipped": false
                    },
                    {
                      "title": "点击登录按钮",
                      "fullTitle": "Kelp E2E Testing 基础版 登录系统 点击登录按钮",
                      "timedOut": null,
                      "duration": 3848,
                      "state": "passed",
                      "speed": "fast",
                      "pass": true,
                      "fail": false,
                      "pending": false,
                      "context": null,
                      "code": "cy.wait(1500);\nif (step.iframekey) {\n  const iframesStr = step.iframekey;\n  let iframe = null;\n  iframesStr.forEach(iframeStr => {\n    if (!iframe) {\n      iframe = cy.get(iframeStr);\n    } else {\n      iframe = iframe.onIframeLoad(iframeStr).find(iframeStr);\n    }\n  });\n  iframe.onIframeLoad(step.key).then(iframebody => {\n    cy.exeAction(step, iframebody);\n  });\n} else {\n  cy.exeAction(step);\n}\n//最后一步可能录制不下来，等待2秒。\nif (testcase.steps.length == index + 1) {\n  cy.wait(2000);\n}",
                      "err": {},
                      "uuid": "b1a888e8-b69e-40fa-ab6f-8f3edd4dee5e",
                      "parentUUID": "d8e6b720-11ab-494f-b98c-87a3fb160bb5",
                      "isHook": false,
                      "skipped": false
                    }
                  ],
                  "suites": [],
                  "passes": [
                    "8e7615d2-d662-4936-b059-e713e650556d",
                    "507f6c82-06fa-42b4-8793-816d58831861",
                    "b1a888e8-b69e-40fa-ab6f-8f3edd4dee5e"
                  ],
                  "failures": [],
                  "pending": [],
                  "skipped": [],
                  "duration": 12149,
                  "root": false,
                  "rootEmpty": false,
                  "_timeout": 2000
                },
                {
                  "uuid": "85d3c080-6105-4004-9120-f117f85f252c",
                  "title": "新建档案",
                  "fullFile": "",
                  "file": "",
                  "beforeHooks": [],
                  "afterHooks": [],
                  "tests": [
                    {
                      "title": "点击更多菜单按钮",
                      "fullTitle": "Kelp E2E Testing 基础版 新建档案 点击更多菜单按钮",
                      "timedOut": null,
                      "duration": 2748,
                      "state": "passed",
                      "speed": "fast",
                      "pass": true,
                      "fail": false,
                      "pending": false,
                      "context": null,
                      "code": "cy.wait(1500);\nif (step.iframekey) {\n  const iframesStr = step.iframekey;\n  let iframe = null;\n  iframesStr.forEach(iframeStr => {\n    if (!iframe) {\n      iframe = cy.get(iframeStr);\n    } else {\n      iframe = iframe.onIframeLoad(iframeStr).find(iframeStr);\n    }\n  });\n  iframe.onIframeLoad(step.key).then(iframebody => {\n    cy.exeAction(step, iframebody);\n  });\n} else {\n  cy.exeAction(step);\n}\n//最后一步可能录制不下来，等待2秒。\nif (testcase.steps.length == index + 1) {\n  cy.wait(2000);\n}",
                      "err": {},
                      "uuid": "56d1e309-cba7-4388-b60a-42d718bd5b1c",
                      "parentUUID": "85d3c080-6105-4004-9120-f117f85f252c",
                      "isHook": false,
                      "skipped": false
                    },
                    {
                      "title": "点击门诊管理菜单",
                      "fullTitle": "Kelp E2E Testing 基础版 新建档案 点击门诊管理菜单",
                      "timedOut": null,
                      "duration": 1601,
                      "state": "passed",
                      "speed": "fast",
                      "pass": true,
                      "fail": false,
                      "pending": false,
                      "context": null,
                      "code": "cy.wait(1500);\nif (step.iframekey) {\n  const iframesStr = step.iframekey;\n  let iframe = null;\n  iframesStr.forEach(iframeStr => {\n    if (!iframe) {\n      iframe = cy.get(iframeStr);\n    } else {\n      iframe = iframe.onIframeLoad(iframeStr).find(iframeStr);\n    }\n  });\n  iframe.onIframeLoad(step.key).then(iframebody => {\n    cy.exeAction(step, iframebody);\n  });\n} else {\n  cy.exeAction(step);\n}\n//最后一步可能录制不下来，等待2秒。\nif (testcase.steps.length == index + 1) {\n  cy.wait(2000);\n}",
                      "err": {},
                      "uuid": "2d7ba029-edc0-4e3b-8d89-5ba898ab4b1b",
                      "parentUUID": "85d3c080-6105-4004-9120-f117f85f252c",
                      "isHook": false,
                      "skipped": false
                    },
                    {
                      "title": "点击门诊挂号菜单",
                      "fullTitle": "Kelp E2E Testing 基础版 新建档案 点击门诊挂号菜单",
                      "timedOut": null,
                      "duration": 1647,
                      "state": "passed",
                      "speed": "fast",
                      "pass": true,
                      "fail": false,
                      "pending": false,
                      "context": null,
                      "code": "cy.wait(1500);\nif (step.iframekey) {\n  const iframesStr = step.iframekey;\n  let iframe = null;\n  iframesStr.forEach(iframeStr => {\n    if (!iframe) {\n      iframe = cy.get(iframeStr);\n    } else {\n      iframe = iframe.onIframeLoad(iframeStr).find(iframeStr);\n    }\n  });\n  iframe.onIframeLoad(step.key).then(iframebody => {\n    cy.exeAction(step, iframebody);\n  });\n} else {\n  cy.exeAction(step);\n}\n//最后一步可能录制不下来，等待2秒。\nif (testcase.steps.length == index + 1) {\n  cy.wait(2000);\n}",
                      "err": {},
                      "uuid": "2716cd65-76fd-47e6-acf9-b8fd46bde789",
                      "parentUUID": "85d3c080-6105-4004-9120-f117f85f252c",
                      "isHook": false,
                      "skipped": false
                    },
                    {
                      "title": "填写门诊挂号读卡条件",
                      "fullTitle": "Kelp E2E Testing 基础版 新建档案 填写门诊挂号读卡条件",
                      "timedOut": null,
                      "duration": 13686,
                      "state": "passed",
                      "speed": "slow",
                      "pass": true,
                      "fail": false,
                      "pending": false,
                      "context": null,
                      "code": "cy.wait(1500);\nif (step.iframekey) {\n  const iframesStr = step.iframekey;\n  let iframe = null;\n  iframesStr.forEach(iframeStr => {\n    if (!iframe) {\n      iframe = cy.get(iframeStr);\n    } else {\n      iframe = iframe.onIframeLoad(iframeStr).find(iframeStr);\n    }\n  });\n  iframe.onIframeLoad(step.key).then(iframebody => {\n    cy.exeAction(step, iframebody);\n  });\n} else {\n  cy.exeAction(step);\n}\n//最后一步可能录制不下来，等待2秒。\nif (testcase.steps.length == index + 1) {\n  cy.wait(2000);\n}",
                      "err": {},
                      "uuid": "cbbb9ec2-e678-435b-ba33-fea4fb36c928",
                      "parentUUID": "85d3c080-6105-4004-9120-f117f85f252c",
                      "isHook": false,
                      "skipped": false
                    },
                    {
                      "title": "点击读卡按钮",
                      "fullTitle": "Kelp E2E Testing 基础版 新建档案 点击读卡按钮",
                      "timedOut": null,
                      "duration": 2260,
                      "state": "passed",
                      "speed": "fast",
                      "pass": true,
                      "fail": false,
                      "pending": false,
                      "context": null,
                      "code": "cy.wait(1500);\nif (step.iframekey) {\n  const iframesStr = step.iframekey;\n  let iframe = null;\n  iframesStr.forEach(iframeStr => {\n    if (!iframe) {\n      iframe = cy.get(iframeStr);\n    } else {\n      iframe = iframe.onIframeLoad(iframeStr).find(iframeStr);\n    }\n  });\n  iframe.onIframeLoad(step.key).then(iframebody => {\n    cy.exeAction(step, iframebody);\n  });\n} else {\n  cy.exeAction(step);\n}\n//最后一步可能录制不下来，等待2秒。\nif (testcase.steps.length == index + 1) {\n  cy.wait(2000);\n}",
                      "err": {},
                      "uuid": "7e87eb3a-53e0-4ced-a2a4-d9744b11b814",
                      "parentUUID": "85d3c080-6105-4004-9120-f117f85f252c",
                      "isHook": false,
                      "skipped": false
                    },
                    {
                      "title": "点击是否新增建档取消按钮",
                      "fullTitle": "Kelp E2E Testing 基础版 新建档案 点击是否新增建档取消按钮",
                      "timedOut": null,
                      "duration": 2095,
                      "state": "passed",
                      "speed": "fast",
                      "pass": true,
                      "fail": false,
                      "pending": false,
                      "context": null,
                      "code": "cy.wait(1500);\nif (step.iframekey) {\n  const iframesStr = step.iframekey;\n  let iframe = null;\n  iframesStr.forEach(iframeStr => {\n    if (!iframe) {\n      iframe = cy.get(iframeStr);\n    } else {\n      iframe = iframe.onIframeLoad(iframeStr).find(iframeStr);\n    }\n  });\n  iframe.onIframeLoad(step.key).then(iframebody => {\n    cy.exeAction(step, iframebody);\n  });\n} else {\n  cy.exeAction(step);\n}\n//最后一步可能录制不下来，等待2秒。\nif (testcase.steps.length == index + 1) {\n  cy.wait(2000);\n}",
                      "err": {},
                      "uuid": "18a8adcd-18c6-4c21-834b-9a0cc0934fa7",
                      "parentUUID": "85d3c080-6105-4004-9120-f117f85f252c",
                      "isHook": false,
                      "skipped": false
                    },
                    {
                      "title": "点击读卡按钮",
                      "fullTitle": "Kelp E2E Testing 基础版 新建档案 点击读卡按钮",
                      "timedOut": null,
                      "duration": 2145,
                      "state": "passed",
                      "speed": "fast",
                      "pass": true,
                      "fail": false,
                      "pending": false,
                      "context": null,
                      "code": "cy.wait(1500);\nif (step.iframekey) {\n  const iframesStr = step.iframekey;\n  let iframe = null;\n  iframesStr.forEach(iframeStr => {\n    if (!iframe) {\n      iframe = cy.get(iframeStr);\n    } else {\n      iframe = iframe.onIframeLoad(iframeStr).find(iframeStr);\n    }\n  });\n  iframe.onIframeLoad(step.key).then(iframebody => {\n    cy.exeAction(step, iframebody);\n  });\n} else {\n  cy.exeAction(step);\n}\n//最后一步可能录制不下来，等待2秒。\nif (testcase.steps.length == index + 1) {\n  cy.wait(2000);\n}",
                      "err": {},
                      "uuid": "62484eec-9afd-4cda-aa62-063066ffd4ac",
                      "parentUUID": "85d3c080-6105-4004-9120-f117f85f252c",
                      "isHook": false,
                      "skipped": false
                    },
                    {
                      "title": "点击是否新增建档确定按钮",
                      "fullTitle": "Kelp E2E Testing 基础版 新建档案 点击是否新增建档确定按钮",
                      "timedOut": null,
                      "duration": 1651,
                      "state": "passed",
                      "speed": "fast",
                      "pass": true,
                      "fail": false,
                      "pending": false,
                      "context": null,
                      "code": "cy.wait(1500);\nif (step.iframekey) {\n  const iframesStr = step.iframekey;\n  let iframe = null;\n  iframesStr.forEach(iframeStr => {\n    if (!iframe) {\n      iframe = cy.get(iframeStr);\n    } else {\n      iframe = iframe.onIframeLoad(iframeStr).find(iframeStr);\n    }\n  });\n  iframe.onIframeLoad(step.key).then(iframebody => {\n    cy.exeAction(step, iframebody);\n  });\n} else {\n  cy.exeAction(step);\n}\n//最后一步可能录制不下来，等待2秒。\nif (testcase.steps.length == index + 1) {\n  cy.wait(2000);\n}",
                      "err": {},
                      "uuid": "fb5be060-8aa8-43c2-9a04-cf70df034e18",
                      "parentUUID": "85d3c080-6105-4004-9120-f117f85f252c",
                      "isHook": false,
                      "skipped": false
                    },
                    {
                      "title": "填写患者档案",
                      "fullTitle": "Kelp E2E Testing 基础版 新建档案 填写患者档案",
                      "timedOut": null,
                      "duration": 14036,
                      "state": "passed",
                      "speed": "slow",
                      "pass": true,
                      "fail": false,
                      "pending": false,
                      "context": null,
                      "code": "cy.wait(1500);\nif (step.iframekey) {\n  const iframesStr = step.iframekey;\n  let iframe = null;\n  iframesStr.forEach(iframeStr => {\n    if (!iframe) {\n      iframe = cy.get(iframeStr);\n    } else {\n      iframe = iframe.onIframeLoad(iframeStr).find(iframeStr);\n    }\n  });\n  iframe.onIframeLoad(step.key).then(iframebody => {\n    cy.exeAction(step, iframebody);\n  });\n} else {\n  cy.exeAction(step);\n}\n//最后一步可能录制不下来，等待2秒。\nif (testcase.steps.length == index + 1) {\n  cy.wait(2000);\n}",
                      "err": {},
                      "uuid": "67f60c54-4619-4954-b685-dbc796df1195",
                      "parentUUID": "85d3c080-6105-4004-9120-f117f85f252c",
                      "isHook": false,
                      "skipped": false
                    },
                    {
                      "title": "点击患者档案表单保存按钮",
                      "fullTitle": "Kelp E2E Testing 基础版 新建档案 点击患者档案表单保存按钮",
                      "timedOut": null,
                      "duration": 32625,
                      "state": "failed",
                      "speed": null,
                      "pass": false,
                      "fail": true,
                      "pending": false,
                      "context": null,
                      "code": "cy.wait(1500);\nif (step.iframekey) {\n  const iframesStr = step.iframekey;\n  let iframe = null;\n  iframesStr.forEach(iframeStr => {\n    if (!iframe) {\n      iframe = cy.get(iframeStr);\n    } else {\n      iframe = iframe.onIframeLoad(iframeStr).find(iframeStr);\n    }\n  });\n  iframe.onIframeLoad(step.key).then(iframebody => {\n    cy.exeAction(step, iframebody);\n  });\n} else {\n  cy.exeAction(step);\n}\n//最后一步可能录制不下来，等待2秒。\nif (testcase.steps.length == index + 1) {\n  cy.wait(2000);\n}",
                      "err": {
                        "message": "AssertionError: Timed out retrying after 30000ms: Expected to find element: `.header-middle .info-name`, but never found it. Queried from:\n\n              > <document>",
                        "estack": "AssertionError: Timed out retrying after 30000ms: Expected to find element: `.header-middle .info-name`, but never found it. Queried from:\n\n              > <document>\n    at Context.eval (webpack://winning-e2e-tool/./cypress/support/commands.js:81:54)",
                        "diff": null
                      },
                      "uuid": "d624d348-b5f0-45c1-a5dd-4ec09f7e7c11",
                      "parentUUID": "85d3c080-6105-4004-9120-f117f85f252c",
                      "isHook": false,
                      "skipped": false
                    }
                  ],
                  "suites": [],
                  "passes": [
                    "56d1e309-cba7-4388-b60a-42d718bd5b1c",
                    "2d7ba029-edc0-4e3b-8d89-5ba898ab4b1b",
                    "2716cd65-76fd-47e6-acf9-b8fd46bde789",
                    "cbbb9ec2-e678-435b-ba33-fea4fb36c928",
                    "7e87eb3a-53e0-4ced-a2a4-d9744b11b814",
                    "18a8adcd-18c6-4c21-834b-9a0cc0934fa7",
                    "62484eec-9afd-4cda-aa62-063066ffd4ac",
                    "fb5be060-8aa8-43c2-9a04-cf70df034e18",
                    "67f60c54-4619-4954-b685-dbc796df1195"
                  ],
                  "failures": [
                    "d624d348-b5f0-45c1-a5dd-4ec09f7e7c11"
                  ],
                  "pending": [],
                  "skipped": [],
                  "duration": 74494,
                  "root": false,
                  "rootEmpty": false,
                  "_timeout": 2000
                }
              ],
              "passes": [],
              "failures": [],
              "pending": [],
              "skipped": [],
              "duration": 0,
              "root": false,
              "rootEmpty": false,
              "_timeout": 2000
            }
          ],
          "passes": [],
          "failures": [],
          "pending": [],
          "skipped": [],
          "duration": 0,
          "root": false,
          "rootEmpty": false,
          "_timeout": 2000
        }
      ],
      "passes": [],
      "failures": [],
      "pending": [],
      "skipped": [],
      "duration": 0,
      "root": true,
      "rootEmpty": true,
      "_timeout": 2000
    }
  ],
  "meta": {
    "mocha": {
      "version": "7.0.1"
    },
    "mochawesome": {
      "options": {
        "quiet": false,
        "reportFilename": "mochawesome",
        "saveHtml": true,
        "saveJson": true,
        "consoleReporter": "spec",
        "useInlineDiffs": false,
        "code": true
      },
      "version": "7.1.3"
    },
    "marge": {
      "options": {
        "reportDir": "src/assets/cypress/results/24201f20-59eb-42d8-b200-8784447b1689",
        "overwrite": true,
        "html": true,
        "json": true
      },
      "version": "6.2.0"
    }
  }
}