{
  "stats": {
    "suites": 3,
    "tests": 8,
    "passes": 0,
    "pending": 0,
    "failures": 8,
    "start": "2024-02-27T02:22:10.563Z",
    "end": "2024-02-27T02:23:00.719Z",
    "duration": 50156,
    "testsRegistered": 8,
    "passPercent": 0,
    "pendingPercent": 0,
    "other": 0,
    "hasOther": false,
    "skipped": 0,
    "hasSkipped": false
  },
  "results": [
    {
      "uuid": "6212ead4-71e7-4e2b-b04b-188868ff7e5f",
      "title": "",
      "fullFile": "cypress\\e2e\\testsuite.cy.js",
      "file": "cypress\\e2e\\testsuite.cy.js",
      "beforeHooks": [],
      "afterHooks": [],
      "tests": [],
      "suites": [
        {
          "uuid": "9743db88-d595-4f0e-91ac-932be09f36ca",
          "title": "Kelp E2E Testing",
          "fullFile": "",
          "file": "",
          "beforeHooks": [],
          "afterHooks": [],
          "tests": [],
          "suites": [
            {
              "uuid": "4b662582-5be7-4639-b74d-e3e3b48d0354",
              "title": "基本公卫5.6[国家版]",
              "fullFile": "",
              "file": "",
              "beforeHooks": [],
              "afterHooks": [],
              "tests": [],
              "suites": [
                {
                  "uuid": "2fe3e878-22bb-476f-8fb8-d09ddcf56ecd",
                  "title": "修改个人档案",
                  "fullFile": "",
                  "file": "",
                  "beforeHooks": [],
                  "afterHooks": [],
                  "tests": [
                    {
                      "title": "悬浮健康档案一级菜单",
                      "fullTitle": "Kelp E2E Testing 基本公卫5.6[国家版] 修改个人档案 悬浮健康档案一级菜单",
                      "timedOut": null,
                      "duration": 6340,
                      "state": "failed",
                      "speed": null,
                      "pass": false,
                      "fail": true,
                      "pending": false,
                      "context": null,
                      "code": "cy.wait(2000);\nif (step.iframekey) {\n  const iframesStr = step.iframekey;\n  let iframe = null;\n  iframesStr.forEach(iframeStr => {\n    if (!iframe) {\n      iframe = cy.get(iframeStr);\n    } else {\n      iframe = iframe.onIframeLoad(iframeStr).find(iframeStr);\n    }\n  });\n  iframe.onIframeLoad(step.key).then(iframebody => {\n    cy.exeAction(step, iframebody);\n  });\n} else {\n  cy.exeAction(step);\n}\n//最后一步可能录制不下来，等待2秒。\nif (testcase.steps.length == index + 1) {\n  cy.wait(2000);\n}",
                      "err": {
                        "message": "AssertionError: Timed out retrying after 4000ms: Expected to find element: `.navBar  a[data-text=健康档案]`, but never found it.",
                        "estack": "AssertionError: Timed out retrying after 4000ms: Expected to find element: `.navBar  a[data-text=健康档案]`, but never found it.\n    at eval (webpack://winning-e2e-tool/./cypress/support/commands.js:94:69)\n    at Context.eval (webpack://winning-e2e-tool/./cypress/support/commands.js:80:19)",
                        "diff": null
                      },
                      "uuid": "859ae20d-705c-4141-9751-d92de5650587",
                      "parentUUID": "2fe3e878-22bb-476f-8fb8-d09ddcf56ecd",
                      "isHook": false,
                      "skipped": false
                    },
                    {
                      "title": "点击居民健康档案管理二级菜单",
                      "fullTitle": "Kelp E2E Testing 基本公卫5.6[国家版] 修改个人档案 点击居民健康档案管理二级菜单",
                      "timedOut": null,
                      "duration": 6230,
                      "state": "failed",
                      "speed": null,
                      "pass": false,
                      "fail": true,
                      "pending": false,
                      "context": null,
                      "code": "cy.wait(2000);\nif (step.iframekey) {\n  const iframesStr = step.iframekey;\n  let iframe = null;\n  iframesStr.forEach(iframeStr => {\n    if (!iframe) {\n      iframe = cy.get(iframeStr);\n    } else {\n      iframe = iframe.onIframeLoad(iframeStr).find(iframeStr);\n    }\n  });\n  iframe.onIframeLoad(step.key).then(iframebody => {\n    cy.exeAction(step, iframebody);\n  });\n} else {\n  cy.exeAction(step);\n}\n//最后一步可能录制不下来，等待2秒。\nif (testcase.steps.length == index + 1) {\n  cy.wait(2000);\n}",
                      "err": {
                        "message": "AssertionError: Timed out retrying after 4000ms: Expected to find element: `a[data-id=1002]`, but never found it.",
                        "estack": "AssertionError: Timed out retrying after 4000ms: Expected to find element: `a[data-id=1002]`, but never found it.\n    at eval (webpack://winning-e2e-tool/./cypress/support/commands.js:91:69)\n    at Context.eval (webpack://winning-e2e-tool/./cypress/support/commands.js:80:19)",
                        "diff": null
                      },
                      "uuid": "94186183-2921-4baf-8858-64935ac3d9e4",
                      "parentUUID": "2fe3e878-22bb-476f-8fb8-d09ddcf56ecd",
                      "isHook": false,
                      "skipped": false
                    },
                    {
                      "title": "填写个人基本信息列表查询条件",
                      "fullTitle": "Kelp E2E Testing 基本公卫5.6[国家版] 修改个人档案 填写个人基本信息列表查询条件",
                      "timedOut": null,
                      "duration": 6203,
                      "state": "failed",
                      "speed": null,
                      "pass": false,
                      "fail": true,
                      "pending": false,
                      "context": null,
                      "code": "cy.wait(2000);\nif (step.iframekey) {\n  const iframesStr = step.iframekey;\n  let iframe = null;\n  iframesStr.forEach(iframeStr => {\n    if (!iframe) {\n      iframe = cy.get(iframeStr);\n    } else {\n      iframe = iframe.onIframeLoad(iframeStr).find(iframeStr);\n    }\n  });\n  iframe.onIframeLoad(step.key).then(iframebody => {\n    cy.exeAction(step, iframebody);\n  });\n} else {\n  cy.exeAction(step);\n}\n//最后一步可能录制不下来，等待2秒。\nif (testcase.steps.length == index + 1) {\n  cy.wait(2000);\n}",
                      "err": {
                        "message": "AssertionError: Timed out retrying after 4000ms: Expected to find element: `iframe[data-id=1002]`, but never found it.",
                        "estack": "AssertionError: Timed out retrying after 4000ms: Expected to find element: `iframe[data-id=1002]`, but never found it.\n    at eval (webpack://winning-e2e-tool/./cypress/e2e/testsuite.cy.js:74:22)\n    at Context.eval (webpack://winning-e2e-tool/./cypress/e2e/testsuite.cy.js:72:19)",
                        "diff": null
                      },
                      "uuid": "58571e05-63b8-4ca1-8201-545232e941b8",
                      "parentUUID": "2fe3e878-22bb-476f-8fb8-d09ddcf56ecd",
                      "isHook": false,
                      "skipped": false
                    },
                    {
                      "title": "点击个人基本信息列表查询按钮",
                      "fullTitle": "Kelp E2E Testing 基本公卫5.6[国家版] 修改个人档案 点击个人基本信息列表查询按钮",
                      "timedOut": null,
                      "duration": 6175,
                      "state": "failed",
                      "speed": null,
                      "pass": false,
                      "fail": true,
                      "pending": false,
                      "context": null,
                      "code": "cy.wait(2000);\nif (step.iframekey) {\n  const iframesStr = step.iframekey;\n  let iframe = null;\n  iframesStr.forEach(iframeStr => {\n    if (!iframe) {\n      iframe = cy.get(iframeStr);\n    } else {\n      iframe = iframe.onIframeLoad(iframeStr).find(iframeStr);\n    }\n  });\n  iframe.onIframeLoad(step.key).then(iframebody => {\n    cy.exeAction(step, iframebody);\n  });\n} else {\n  cy.exeAction(step);\n}\n//最后一步可能录制不下来，等待2秒。\nif (testcase.steps.length == index + 1) {\n  cy.wait(2000);\n}",
                      "err": {
                        "message": "AssertionError: Timed out retrying after 4000ms: Expected to find element: `iframe[data-id=1002]`, but never found it.",
                        "estack": "AssertionError: Timed out retrying after 4000ms: Expected to find element: `iframe[data-id=1002]`, but never found it.\n    at eval (webpack://winning-e2e-tool/./cypress/e2e/testsuite.cy.js:74:22)\n    at Context.eval (webpack://winning-e2e-tool/./cypress/e2e/testsuite.cy.js:72:19)",
                        "diff": null
                      },
                      "uuid": "6c64c0b9-7b7c-4be8-b06f-a57c01c1ee73",
                      "parentUUID": "2fe3e878-22bb-476f-8fb8-d09ddcf56ecd",
                      "isHook": false,
                      "skipped": false
                    },
                    {
                      "title": "点击个人基本信息列表查询结果",
                      "fullTitle": "Kelp E2E Testing 基本公卫5.6[国家版] 修改个人档案 点击个人基本信息列表查询结果",
                      "timedOut": null,
                      "duration": 6159,
                      "state": "failed",
                      "speed": null,
                      "pass": false,
                      "fail": true,
                      "pending": false,
                      "context": null,
                      "code": "cy.wait(2000);\nif (step.iframekey) {\n  const iframesStr = step.iframekey;\n  let iframe = null;\n  iframesStr.forEach(iframeStr => {\n    if (!iframe) {\n      iframe = cy.get(iframeStr);\n    } else {\n      iframe = iframe.onIframeLoad(iframeStr).find(iframeStr);\n    }\n  });\n  iframe.onIframeLoad(step.key).then(iframebody => {\n    cy.exeAction(step, iframebody);\n  });\n} else {\n  cy.exeAction(step);\n}\n//最后一步可能录制不下来，等待2秒。\nif (testcase.steps.length == index + 1) {\n  cy.wait(2000);\n}",
                      "err": {
                        "message": "AssertionError: Timed out retrying after 4000ms: Expected to find element: `iframe[data-id=1002]`, but never found it.",
                        "estack": "AssertionError: Timed out retrying after 4000ms: Expected to find element: `iframe[data-id=1002]`, but never found it.\n    at eval (webpack://winning-e2e-tool/./cypress/e2e/testsuite.cy.js:74:22)\n    at Context.eval (webpack://winning-e2e-tool/./cypress/e2e/testsuite.cy.js:72:19)",
                        "diff": null
                      },
                      "uuid": "97a5bb67-983f-493c-9f2f-8f8023311b9e",
                      "parentUUID": "2fe3e878-22bb-476f-8fb8-d09ddcf56ecd",
                      "isHook": false,
                      "skipped": false
                    },
                    {
                      "title": "点击个人基本信息修改按钮",
                      "fullTitle": "Kelp E2E Testing 基本公卫5.6[国家版] 修改个人档案 点击个人基本信息修改按钮",
                      "timedOut": null,
                      "duration": 6234,
                      "state": "failed",
                      "speed": null,
                      "pass": false,
                      "fail": true,
                      "pending": false,
                      "context": null,
                      "code": "cy.wait(2000);\nif (step.iframekey) {\n  const iframesStr = step.iframekey;\n  let iframe = null;\n  iframesStr.forEach(iframeStr => {\n    if (!iframe) {\n      iframe = cy.get(iframeStr);\n    } else {\n      iframe = iframe.onIframeLoad(iframeStr).find(iframeStr);\n    }\n  });\n  iframe.onIframeLoad(step.key).then(iframebody => {\n    cy.exeAction(step, iframebody);\n  });\n} else {\n  cy.exeAction(step);\n}\n//最后一步可能录制不下来，等待2秒。\nif (testcase.steps.length == index + 1) {\n  cy.wait(2000);\n}",
                      "err": {
                        "message": "AssertionError: Timed out retrying after 4000ms: Expected to find element: `iframe.active`, but never found it.",
                        "estack": "AssertionError: Timed out retrying after 4000ms: Expected to find element: `iframe.active`, but never found it.\n    at eval (webpack://winning-e2e-tool/./cypress/e2e/testsuite.cy.js:74:22)\n    at Context.eval (webpack://winning-e2e-tool/./cypress/e2e/testsuite.cy.js:72:19)",
                        "diff": null
                      },
                      "uuid": "8347d99f-9e8e-467f-b6c6-1b5a00d2dbe5",
                      "parentUUID": "2fe3e878-22bb-476f-8fb8-d09ddcf56ecd",
                      "isHook": false,
                      "skipped": false
                    },
                    {
                      "title": "填写个人基本信息表单",
                      "fullTitle": "Kelp E2E Testing 基本公卫5.6[国家版] 修改个人档案 填写个人基本信息表单",
                      "timedOut": null,
                      "duration": 6220,
                      "state": "failed",
                      "speed": null,
                      "pass": false,
                      "fail": true,
                      "pending": false,
                      "context": null,
                      "code": "cy.wait(2000);\nif (step.iframekey) {\n  const iframesStr = step.iframekey;\n  let iframe = null;\n  iframesStr.forEach(iframeStr => {\n    if (!iframe) {\n      iframe = cy.get(iframeStr);\n    } else {\n      iframe = iframe.onIframeLoad(iframeStr).find(iframeStr);\n    }\n  });\n  iframe.onIframeLoad(step.key).then(iframebody => {\n    cy.exeAction(step, iframebody);\n  });\n} else {\n  cy.exeAction(step);\n}\n//最后一步可能录制不下来，等待2秒。\nif (testcase.steps.length == index + 1) {\n  cy.wait(2000);\n}",
                      "err": {
                        "message": "AssertionError: Timed out retrying after 4000ms: Expected to find element: `iframe.active`, but never found it.",
                        "estack": "AssertionError: Timed out retrying after 4000ms: Expected to find element: `iframe.active`, but never found it.\n    at eval (webpack://winning-e2e-tool/./cypress/e2e/testsuite.cy.js:74:22)\n    at Context.eval (webpack://winning-e2e-tool/./cypress/e2e/testsuite.cy.js:72:19)",
                        "diff": null
                      },
                      "uuid": "efe749bf-548a-47d3-96b0-b7f6c77e4384",
                      "parentUUID": "2fe3e878-22bb-476f-8fb8-d09ddcf56ecd",
                      "isHook": false,
                      "skipped": false
                    },
                    {
                      "title": "填写个人基本信息表单",
                      "fullTitle": "Kelp E2E Testing 基本公卫5.6[国家版] 修改个人档案 填写个人基本信息表单",
                      "timedOut": null,
                      "duration": 6238,
                      "state": "failed",
                      "speed": null,
                      "pass": false,
                      "fail": true,
                      "pending": false,
                      "context": null,
                      "code": "cy.wait(2000);\nif (step.iframekey) {\n  const iframesStr = step.iframekey;\n  let iframe = null;\n  iframesStr.forEach(iframeStr => {\n    if (!iframe) {\n      iframe = cy.get(iframeStr);\n    } else {\n      iframe = iframe.onIframeLoad(iframeStr).find(iframeStr);\n    }\n  });\n  iframe.onIframeLoad(step.key).then(iframebody => {\n    cy.exeAction(step, iframebody);\n  });\n} else {\n  cy.exeAction(step);\n}\n//最后一步可能录制不下来，等待2秒。\nif (testcase.steps.length == index + 1) {\n  cy.wait(2000);\n}",
                      "err": {
                        "message": "AssertionError: Timed out retrying after 4000ms: Expected to find element: `iframe.active`, but never found it.",
                        "estack": "AssertionError: Timed out retrying after 4000ms: Expected to find element: `iframe.active`, but never found it.\n    at eval (webpack://winning-e2e-tool/./cypress/e2e/testsuite.cy.js:74:22)\n    at Context.eval (webpack://winning-e2e-tool/./cypress/e2e/testsuite.cy.js:72:19)",
                        "diff": null
                      },
                      "uuid": "8130d782-e9dc-4c01-8b12-304980a81dc3",
                      "parentUUID": "2fe3e878-22bb-476f-8fb8-d09ddcf56ecd",
                      "isHook": false,
                      "skipped": false
                    }
                  ],
                  "suites": [],
                  "passes": [],
                  "failures": [
                    "859ae20d-705c-4141-9751-d92de5650587",
                    "94186183-2921-4baf-8858-64935ac3d9e4",
                    "58571e05-63b8-4ca1-8201-545232e941b8",
                    "6c64c0b9-7b7c-4be8-b06f-a57c01c1ee73",
                    "97a5bb67-983f-493c-9f2f-8f8023311b9e",
                    "8347d99f-9e8e-467f-b6c6-1b5a00d2dbe5",
                    "efe749bf-548a-47d3-96b0-b7f6c77e4384",
                    "8130d782-e9dc-4c01-8b12-304980a81dc3"
                  ],
                  "pending": [],
                  "skipped": [],
                  "duration": 49799,
                  "root": false,
                  "rootEmpty": false,
                  "_timeout": 2000
                }
              ],
              "passes": [],
              "failures": [],
              "pending": [],
              "skipped": [],
              "duration": 0,
              "root": false,
              "rootEmpty": false,
              "_timeout": 2000
            }
          ],
          "passes": [],
          "failures": [],
          "pending": [],
          "skipped": [],
          "duration": 0,
          "root": false,
          "rootEmpty": false,
          "_timeout": 2000
        }
      ],
      "passes": [],
      "failures": [],
      "pending": [],
      "skipped": [],
      "duration": 0,
      "root": true,
      "rootEmpty": true,
      "_timeout": 2000
    }
  ],
  "meta": {
    "mocha": {
      "version": "7.0.1"
    },
    "mochawesome": {
      "options": {
        "quiet": false,
        "reportFilename": "mochawesome",
        "saveHtml": true,
        "saveJson": true,
        "consoleReporter": "spec",
        "useInlineDiffs": false,
        "code": true
      },
      "version": "7.1.3"
    },
    "marge": {
      "options": {
        "reportDir": "src/assets/cypress/results/7fbde30b-f64e-4b10-8adf-1fe8aa642aa4",
        "overwrite": true,
        "html": true,
        "json": true
      },
      "version": "6.2.0"
    }
  }
}